[2026-01-07 14:04:03] project: galaxian
[2026-01-07 14:04:03] logger/dir: logger
[2026-01-07 14:04:03] env/max_episode_steps: 400
[2026-01-07 14:04:03] train/lr: 1e-3
[2026-01-07 14:04:03] sampling/percentile: 80
[2026-01-07 14:04:03] sampling/batch_size: 300
[2026-01-07 14:04:03] sampling/epochs: 50
[2026-01-07 14:04:03] export/tensorboard: runs
[2026-01-07 14:04:03] export/video_folder: video
[2026-01-07 14:04:03] export/model: galaxian.pth
[2026-01-07 14:04:03] session_id: quiet_hill_4398
[2026-01-07 14:08:27] [1]: loss=1.791704, reward_mean=488.4, rw_bound=600.0
[2026-01-07 14:08:27] [1]: loss=1.851029, reward_mean=488.4, rw_bound=600.0
[2026-01-07 14:08:27] [1]: loss=1.792793, reward_mean=488.4, rw_bound=600.0
[2026-01-07 14:08:27] [1]: loss=1.792265, reward_mean=488.4, rw_bound=600.0
[2026-01-07 14:08:28] [1]: loss=1.791658, reward_mean=488.4, rw_bound=600.0
[2026-01-07 14:08:28] [1]: loss=1.791588, reward_mean=488.4, rw_bound=600.0
[2026-01-07 14:08:28] [1]: loss=1.791702, reward_mean=488.4, rw_bound=600.0
[2026-01-07 14:08:28] [1]: loss=1.791512, reward_mean=488.4, rw_bound=600.0
[2026-01-07 14:08:28] [1]: loss=1.791628, reward_mean=488.4, rw_bound=600.0
[2026-01-07 14:08:28] [1]: loss=1.791446, reward_mean=488.4, rw_bound=600.0
[2026-01-07 14:08:29] [1]: loss=1.791426, reward_mean=488.4, rw_bound=600.0
[2026-01-07 14:08:29] [1]: loss=1.791315, reward_mean=488.4, rw_bound=600.0
[2026-01-07 14:08:29] [1]: loss=1.791276, reward_mean=488.4, rw_bound=600.0
[2026-01-07 14:08:29] [1]: loss=1.791172, reward_mean=488.4, rw_bound=600.0
[2026-01-07 14:08:29] [1]: loss=1.791077, reward_mean=488.4, rw_bound=600.0
[2026-01-07 14:08:29] [1]: loss=1.790959, reward_mean=488.4, rw_bound=600.0
[2026-01-07 14:08:30] [1]: loss=1.790940, reward_mean=488.4, rw_bound=600.0
[2026-01-07 14:08:30] [1]: loss=1.791026, reward_mean=488.4, rw_bound=600.0
[2026-01-07 14:08:30] [1]: loss=1.790945, reward_mean=488.4, rw_bound=600.0
[2026-01-07 14:08:30] [1]: loss=1.790809, reward_mean=488.4, rw_bound=600.0
[2026-01-07 14:13:06] [2]: loss=1.791280, reward_mean=496.6, rw_bound=610.0
[2026-01-07 14:13:06] [2]: loss=1.791160, reward_mean=496.6, rw_bound=610.0
[2026-01-07 14:13:06] [2]: loss=1.791163, reward_mean=496.6, rw_bound=610.0
[2026-01-07 14:13:06] [2]: loss=1.791146, reward_mean=496.6, rw_bound=610.0
[2026-01-07 14:13:07] [2]: loss=1.791067, reward_mean=496.6, rw_bound=610.0
[2026-01-07 14:13:07] [2]: loss=1.790986, reward_mean=496.6, rw_bound=610.0
[2026-01-07 14:13:07] [2]: loss=1.790932, reward_mean=496.6, rw_bound=610.0
[2026-01-07 14:13:07] [2]: loss=1.790859, reward_mean=496.6, rw_bound=610.0
[2026-01-07 14:13:07] [2]: loss=1.790809, reward_mean=496.6, rw_bound=610.0
[2026-01-07 14:13:07] [2]: loss=1.790756, reward_mean=496.6, rw_bound=610.0
[2026-01-07 14:13:07] [2]: loss=1.790691, reward_mean=496.6, rw_bound=610.0
[2026-01-07 14:13:08] [2]: loss=1.790628, reward_mean=496.6, rw_bound=610.0
[2026-01-07 14:13:08] [2]: loss=1.790569, reward_mean=496.6, rw_bound=610.0
[2026-01-07 14:13:08] [2]: loss=1.790498, reward_mean=496.6, rw_bound=610.0
[2026-01-07 14:13:08] [2]: loss=1.790403, reward_mean=496.6, rw_bound=610.0
[2026-01-07 14:13:08] [2]: loss=1.790310, reward_mean=496.6, rw_bound=610.0
[2026-01-07 14:13:08] [2]: loss=1.790207, reward_mean=496.6, rw_bound=610.0
[2026-01-07 14:13:09] [2]: loss=1.790100, reward_mean=496.6, rw_bound=610.0
[2026-01-07 14:13:09] [2]: loss=1.790094, reward_mean=496.6, rw_bound=610.0
[2026-01-07 14:13:09] [2]: loss=1.790310, reward_mean=496.6, rw_bound=610.0
[2026-01-07 14:17:53] [3]: loss=1.790363, reward_mean=481.4, rw_bound=600.0
[2026-01-07 14:17:53] [3]: loss=1.790531, reward_mean=481.4, rw_bound=600.0
[2026-01-07 14:17:53] [3]: loss=1.790252, reward_mean=481.4, rw_bound=600.0
[2026-01-07 14:17:53] [3]: loss=1.790232, reward_mean=481.4, rw_bound=600.0
[2026-01-07 14:17:53] [3]: loss=1.790140, reward_mean=481.4, rw_bound=600.0
[2026-01-07 14:17:53] [3]: loss=1.789960, reward_mean=481.4, rw_bound=600.0
[2026-01-07 14:17:54] [3]: loss=1.789930, reward_mean=481.4, rw_bound=600.0
[2026-01-07 14:17:54] [3]: loss=1.789699, reward_mean=481.4, rw_bound=600.0
[2026-01-07 14:17:54] [3]: loss=1.789627, reward_mean=481.4, rw_bound=600.0
[2026-01-07 14:17:54] [3]: loss=1.789524, reward_mean=481.4, rw_bound=600.0
[2026-01-07 14:17:54] [3]: loss=1.789291, reward_mean=481.4, rw_bound=600.0
[2026-01-07 14:17:54] [3]: loss=1.789227, reward_mean=481.4, rw_bound=600.0
[2026-01-07 14:17:55] [3]: loss=1.788999, reward_mean=481.4, rw_bound=600.0
[2026-01-07 14:17:55] [3]: loss=1.788821, reward_mean=481.4, rw_bound=600.0
[2026-01-07 14:17:55] [3]: loss=1.788571, reward_mean=481.4, rw_bound=600.0
[2026-01-07 14:17:55] [3]: loss=1.788411, reward_mean=481.4, rw_bound=600.0
[2026-01-07 14:17:55] [3]: loss=1.788244, reward_mean=481.4, rw_bound=600.0
[2026-01-07 14:17:55] [3]: loss=1.788011, reward_mean=481.4, rw_bound=600.0
[2026-01-07 14:17:55] [3]: loss=1.787791, reward_mean=481.4, rw_bound=600.0
[2026-01-07 14:17:56] [3]: loss=1.787567, reward_mean=481.4, rw_bound=600.0
[2026-01-07 14:22:11] [4]: loss=1.788071, reward_mean=486.4, rw_bound=600.0
[2026-01-07 14:22:11] [4]: loss=1.787851, reward_mean=486.4, rw_bound=600.0
[2026-01-07 14:22:11] [4]: loss=1.788704, reward_mean=486.4, rw_bound=600.0
[2026-01-07 14:22:11] [4]: loss=1.790581, reward_mean=486.4, rw_bound=600.0
[2026-01-07 14:22:12] [4]: loss=1.788710, reward_mean=486.4, rw_bound=600.0
[2026-01-07 14:22:12] [4]: loss=1.789308, reward_mean=486.4, rw_bound=600.0
[2026-01-07 14:22:12] [4]: loss=1.789396, reward_mean=486.4, rw_bound=600.0
[2026-01-07 14:22:12] [4]: loss=1.789074, reward_mean=486.4, rw_bound=600.0
[2026-01-07 14:22:12] [4]: loss=1.788629, reward_mean=486.4, rw_bound=600.0
[2026-01-07 14:22:12] [4]: loss=1.788149, reward_mean=486.4, rw_bound=600.0
[2026-01-07 14:22:13] [4]: loss=1.787620, reward_mean=486.4, rw_bound=600.0
[2026-01-07 14:22:13] [4]: loss=1.788065, reward_mean=486.4, rw_bound=600.0
[2026-01-07 14:22:13] [4]: loss=1.790376, reward_mean=486.4, rw_bound=600.0
[2026-01-07 14:22:13] [4]: loss=1.788367, reward_mean=486.4, rw_bound=600.0
[2026-01-07 14:22:13] [4]: loss=1.788246, reward_mean=486.4, rw_bound=600.0
[2026-01-07 14:22:13] [4]: loss=1.788061, reward_mean=486.4, rw_bound=600.0
[2026-01-07 14:22:13] [4]: loss=1.787525, reward_mean=486.4, rw_bound=600.0
[2026-01-07 14:22:14] [4]: loss=1.787195, reward_mean=486.4, rw_bound=600.0
[2026-01-07 14:22:14] [4]: loss=1.786749, reward_mean=486.4, rw_bound=600.0
[2026-01-07 14:22:14] [4]: loss=1.786438, reward_mean=486.4, rw_bound=600.0
[2026-01-07 14:26:32] [5]: loss=1.787051, reward_mean=489.1, rw_bound=620.0
[2026-01-07 14:26:32] [5]: loss=1.787165, reward_mean=489.1, rw_bound=620.0
[2026-01-07 14:26:32] [5]: loss=1.786868, reward_mean=489.1, rw_bound=620.0
[2026-01-07 14:26:32] [5]: loss=1.786545, reward_mean=489.1, rw_bound=620.0
[2026-01-07 14:26:32] [5]: loss=1.786423, reward_mean=489.1, rw_bound=620.0
[2026-01-07 14:26:32] [5]: loss=1.785940, reward_mean=489.1, rw_bound=620.0
[2026-01-07 14:26:33] [5]: loss=1.785757, reward_mean=489.1, rw_bound=620.0
[2026-01-07 14:26:33] [5]: loss=1.785344, reward_mean=489.1, rw_bound=620.0
[2026-01-07 14:26:33] [5]: loss=1.785062, reward_mean=489.1, rw_bound=620.0
[2026-01-07 14:26:33] [5]: loss=1.784767, reward_mean=489.1, rw_bound=620.0
[2026-01-07 14:26:33] [5]: loss=1.784383, reward_mean=489.1, rw_bound=620.0
[2026-01-07 14:26:33] [5]: loss=1.784020, reward_mean=489.1, rw_bound=620.0
[2026-01-07 14:26:34] [5]: loss=1.783691, reward_mean=489.1, rw_bound=620.0
[2026-01-07 14:26:34] [5]: loss=1.783567, reward_mean=489.1, rw_bound=620.0
[2026-01-07 14:26:34] [5]: loss=1.783687, reward_mean=489.1, rw_bound=620.0
[2026-01-07 14:26:34] [5]: loss=1.782869, reward_mean=489.1, rw_bound=620.0
[2026-01-07 14:26:34] [5]: loss=1.782449, reward_mean=489.1, rw_bound=620.0
[2026-01-07 14:26:34] [5]: loss=1.782044, reward_mean=489.1, rw_bound=620.0
[2026-01-07 14:26:34] [5]: loss=1.781533, reward_mean=489.1, rw_bound=620.0
[2026-01-07 14:26:35] [5]: loss=1.781193, reward_mean=489.1, rw_bound=620.0
[2026-01-07 14:30:53] [6]: loss=1.785083, reward_mean=495.7, rw_bound=610.0
[2026-01-07 14:30:53] [6]: loss=1.784900, reward_mean=495.7, rw_bound=610.0
[2026-01-07 14:30:53] [6]: loss=1.784312, reward_mean=495.7, rw_bound=610.0
[2026-01-07 14:30:53] [6]: loss=1.783968, reward_mean=495.7, rw_bound=610.0
[2026-01-07 14:30:53] [6]: loss=1.783423, reward_mean=495.7, rw_bound=610.0
[2026-01-07 14:30:53] [6]: loss=1.782894, reward_mean=495.7, rw_bound=610.0
[2026-01-07 14:30:54] [6]: loss=1.782342, reward_mean=495.7, rw_bound=610.0
[2026-01-07 14:30:54] [6]: loss=1.781866, reward_mean=495.7, rw_bound=610.0
[2026-01-07 14:30:54] [6]: loss=1.781301, reward_mean=495.7, rw_bound=610.0
[2026-01-07 14:30:54] [6]: loss=1.780867, reward_mean=495.7, rw_bound=610.0
[2026-01-07 14:30:54] [6]: loss=1.780369, reward_mean=495.7, rw_bound=610.0
[2026-01-07 14:30:54] [6]: loss=1.779730, reward_mean=495.7, rw_bound=610.0
[2026-01-07 14:30:55] [6]: loss=1.779248, reward_mean=495.7, rw_bound=610.0
[2026-01-07 14:30:55] [6]: loss=1.778567, reward_mean=495.7, rw_bound=610.0
[2026-01-07 14:30:55] [6]: loss=1.777732, reward_mean=495.7, rw_bound=610.0
[2026-01-07 14:30:55] [6]: loss=1.777159, reward_mean=495.7, rw_bound=610.0
[2026-01-07 14:30:55] [6]: loss=1.777008, reward_mean=495.7, rw_bound=610.0
[2026-01-07 14:30:55] [6]: loss=1.779564, reward_mean=495.7, rw_bound=610.0
[2026-01-07 14:30:56] [6]: loss=1.776771, reward_mean=495.7, rw_bound=610.0
[2026-01-07 14:30:56] [6]: loss=1.777368, reward_mean=495.7, rw_bound=610.0
[2026-01-07 14:35:13] [7]: loss=1.779141, reward_mean=507.4, rw_bound=620.0
[2026-01-07 14:35:13] [7]: loss=1.779772, reward_mean=507.4, rw_bound=620.0
[2026-01-07 14:35:14] [7]: loss=1.778723, reward_mean=507.4, rw_bound=620.0
[2026-01-07 14:35:14] [7]: loss=1.778092, reward_mean=507.4, rw_bound=620.0
[2026-01-07 14:35:14] [7]: loss=1.777233, reward_mean=507.4, rw_bound=620.0
[2026-01-07 14:35:14] [7]: loss=1.776463, reward_mean=507.4, rw_bound=620.0
[2026-01-07 14:35:14] [7]: loss=1.775894, reward_mean=507.4, rw_bound=620.0
[2026-01-07 14:35:14] [7]: loss=1.775036, reward_mean=507.4, rw_bound=620.0
[2026-01-07 14:35:14] [7]: loss=1.774448, reward_mean=507.4, rw_bound=620.0
[2026-01-07 14:35:15] [7]: loss=1.773843, reward_mean=507.4, rw_bound=620.0
[2026-01-07 14:35:15] [7]: loss=1.772905, reward_mean=507.4, rw_bound=620.0
[2026-01-07 14:35:15] [7]: loss=1.772212, reward_mean=507.4, rw_bound=620.0
[2026-01-07 14:35:15] [7]: loss=1.771381, reward_mean=507.4, rw_bound=620.0
[2026-01-07 14:35:15] [7]: loss=1.770682, reward_mean=507.4, rw_bound=620.0
[2026-01-07 14:35:15] [7]: loss=1.769758, reward_mean=507.4, rw_bound=620.0
[2026-01-07 14:35:16] [7]: loss=1.768753, reward_mean=507.4, rw_bound=620.0
[2026-01-07 14:35:16] [7]: loss=1.768000, reward_mean=507.4, rw_bound=620.0
[2026-01-07 14:35:16] [7]: loss=1.767147, reward_mean=507.4, rw_bound=620.0
[2026-01-07 14:35:16] [7]: loss=1.766323, reward_mean=507.4, rw_bound=620.0
[2026-01-07 14:35:16] [7]: loss=1.765252, reward_mean=507.4, rw_bound=620.0
[2026-01-07 14:39:36] [8]: loss=1.765619, reward_mean=522.4, rw_bound=660.0
[2026-01-07 14:39:37] [8]: loss=1.765095, reward_mean=522.4, rw_bound=660.0
[2026-01-07 14:39:37] [8]: loss=1.767359, reward_mean=522.4, rw_bound=660.0
[2026-01-07 14:39:37] [8]: loss=1.765332, reward_mean=522.4, rw_bound=660.0
[2026-01-07 14:39:37] [8]: loss=1.763738, reward_mean=522.4, rw_bound=660.0
[2026-01-07 14:39:37] [8]: loss=1.762687, reward_mean=522.4, rw_bound=660.0
[2026-01-07 14:39:37] [8]: loss=1.763306, reward_mean=522.4, rw_bound=660.0
[2026-01-07 14:39:38] [8]: loss=1.761690, reward_mean=522.4, rw_bound=660.0
[2026-01-07 14:39:38] [8]: loss=1.762346, reward_mean=522.4, rw_bound=660.0
[2026-01-07 14:39:38] [8]: loss=1.760151, reward_mean=522.4, rw_bound=660.0
[2026-01-07 14:39:38] [8]: loss=1.758156, reward_mean=522.4, rw_bound=660.0
[2026-01-07 14:39:38] [8]: loss=1.758069, reward_mean=522.4, rw_bound=660.0
[2026-01-07 14:39:38] [8]: loss=1.756603, reward_mean=522.4, rw_bound=660.0
[2026-01-07 14:39:38] [8]: loss=1.755112, reward_mean=522.4, rw_bound=660.0
[2026-01-07 14:39:39] [8]: loss=1.753886, reward_mean=522.4, rw_bound=660.0
[2026-01-07 14:39:39] [8]: loss=1.753159, reward_mean=522.4, rw_bound=660.0
[2026-01-07 14:39:39] [8]: loss=1.751895, reward_mean=522.4, rw_bound=660.0
[2026-01-07 14:39:39] [8]: loss=1.750221, reward_mean=522.4, rw_bound=660.0
[2026-01-07 14:39:39] [8]: loss=1.748755, reward_mean=522.4, rw_bound=660.0
[2026-01-07 14:39:39] [8]: loss=1.747707, reward_mean=522.4, rw_bound=660.0
[2026-01-07 14:43:56] [9]: loss=1.747258, reward_mean=506.4, rw_bound=630.0
[2026-01-07 14:43:56] [9]: loss=1.747008, reward_mean=506.4, rw_bound=630.0
[2026-01-07 14:43:56] [9]: loss=1.746662, reward_mean=506.4, rw_bound=630.0
[2026-01-07 14:43:56] [9]: loss=1.749696, reward_mean=506.4, rw_bound=630.0
[2026-01-07 14:43:56] [9]: loss=1.748142, reward_mean=506.4, rw_bound=630.0
[2026-01-07 14:43:56] [9]: loss=1.744683, reward_mean=506.4, rw_bound=630.0
[2026-01-07 14:43:57] [9]: loss=1.743609, reward_mean=506.4, rw_bound=630.0
[2026-01-07 14:43:57] [9]: loss=1.742788, reward_mean=506.4, rw_bound=630.0
[2026-01-07 14:43:57] [9]: loss=1.739468, reward_mean=506.4, rw_bound=630.0
[2026-01-07 14:43:57] [9]: loss=1.740080, reward_mean=506.4, rw_bound=630.0
[2026-01-07 14:43:57] [9]: loss=1.737009, reward_mean=506.4, rw_bound=630.0
[2026-01-07 14:43:57] [9]: loss=1.736991, reward_mean=506.4, rw_bound=630.0
[2026-01-07 14:43:58] [9]: loss=1.734644, reward_mean=506.4, rw_bound=630.0
[2026-01-07 14:43:58] [9]: loss=1.733552, reward_mean=506.4, rw_bound=630.0
[2026-01-07 14:43:58] [9]: loss=1.732543, reward_mean=506.4, rw_bound=630.0
[2026-01-07 14:43:58] [9]: loss=1.730365, reward_mean=506.4, rw_bound=630.0
[2026-01-07 14:43:58] [9]: loss=1.729586, reward_mean=506.4, rw_bound=630.0
[2026-01-07 14:43:58] [9]: loss=1.727509, reward_mean=506.4, rw_bound=630.0
[2026-01-07 14:43:59] [9]: loss=1.726486, reward_mean=506.4, rw_bound=630.0
[2026-01-07 14:43:59] [9]: loss=1.724755, reward_mean=506.4, rw_bound=630.0
[2026-01-07 14:48:18] [10]: loss=1.728486, reward_mean=531.5, rw_bound=660.0
[2026-01-07 14:48:18] [10]: loss=1.727957, reward_mean=531.5, rw_bound=660.0
[2026-01-07 14:48:18] [10]: loss=1.726409, reward_mean=531.5, rw_bound=660.0
[2026-01-07 14:48:19] [10]: loss=1.724833, reward_mean=531.5, rw_bound=660.0
[2026-01-07 14:48:19] [10]: loss=1.722439, reward_mean=531.5, rw_bound=660.0
[2026-01-07 14:48:19] [10]: loss=1.720490, reward_mean=531.5, rw_bound=660.0
[2026-01-07 14:48:19] [10]: loss=1.719139, reward_mean=531.5, rw_bound=660.0
[2026-01-07 14:48:19] [10]: loss=1.723227, reward_mean=531.5, rw_bound=660.0
[2026-01-07 14:48:19] [10]: loss=1.728095, reward_mean=531.5, rw_bound=660.0
[2026-01-07 14:48:20] [10]: loss=1.717529, reward_mean=531.5, rw_bound=660.0
[2026-01-07 14:48:20] [10]: loss=1.721689, reward_mean=531.5, rw_bound=660.0
[2026-01-07 14:48:20] [10]: loss=1.717033, reward_mean=531.5, rw_bound=660.0
[2026-01-07 14:48:20] [10]: loss=1.713965, reward_mean=531.5, rw_bound=660.0
[2026-01-07 14:48:20] [10]: loss=1.712431, reward_mean=531.5, rw_bound=660.0
[2026-01-07 14:48:20] [10]: loss=1.710298, reward_mean=531.5, rw_bound=660.0
[2026-01-07 14:48:20] [10]: loss=1.710424, reward_mean=531.5, rw_bound=660.0
[2026-01-07 14:48:21] [10]: loss=1.717470, reward_mean=531.5, rw_bound=660.0
[2026-01-07 14:48:21] [10]: loss=1.717291, reward_mean=531.5, rw_bound=660.0
[2026-01-07 14:48:21] [10]: loss=1.710522, reward_mean=531.5, rw_bound=660.0
[2026-01-07 14:48:21] [10]: loss=1.708153, reward_mean=531.5, rw_bound=660.0
[2026-01-07 14:52:44] [11]: loss=1.726366, reward_mean=553.6, rw_bound=700.0
[2026-01-07 14:52:44] [11]: loss=1.727341, reward_mean=553.6, rw_bound=700.0
[2026-01-07 14:52:44] [11]: loss=1.726027, reward_mean=553.6, rw_bound=700.0
[2026-01-07 14:52:44] [11]: loss=1.724117, reward_mean=553.6, rw_bound=700.0
[2026-01-07 14:52:44] [11]: loss=1.723367, reward_mean=553.6, rw_bound=700.0
[2026-01-07 14:52:44] [11]: loss=1.721949, reward_mean=553.6, rw_bound=700.0
[2026-01-07 14:52:45] [11]: loss=1.719537, reward_mean=553.6, rw_bound=700.0
[2026-01-07 14:52:45] [11]: loss=1.717947, reward_mean=553.6, rw_bound=700.0
[2026-01-07 14:52:45] [11]: loss=1.716187, reward_mean=553.6, rw_bound=700.0
[2026-01-07 14:52:45] [11]: loss=1.714279, reward_mean=553.6, rw_bound=700.0
[2026-01-07 14:52:45] [11]: loss=1.712744, reward_mean=553.6, rw_bound=700.0
[2026-01-07 14:52:45] [11]: loss=1.710816, reward_mean=553.6, rw_bound=700.0
[2026-01-07 14:52:46] [11]: loss=1.708943, reward_mean=553.6, rw_bound=700.0
[2026-01-07 14:52:46] [11]: loss=1.707039, reward_mean=553.6, rw_bound=700.0
[2026-01-07 14:52:46] [11]: loss=1.704989, reward_mean=553.6, rw_bound=700.0
[2026-01-07 14:52:46] [11]: loss=1.702913, reward_mean=553.6, rw_bound=700.0
[2026-01-07 14:52:46] [11]: loss=1.700749, reward_mean=553.6, rw_bound=700.0
[2026-01-07 14:52:46] [11]: loss=1.698583, reward_mean=553.6, rw_bound=700.0
[2026-01-07 14:52:47] [11]: loss=1.696470, reward_mean=553.6, rw_bound=700.0
[2026-01-07 14:52:47] [11]: loss=1.694578, reward_mean=553.6, rw_bound=700.0
[2026-01-07 14:57:52] [12]: loss=1.693390, reward_mean=561.2, rw_bound=692.0
[2026-01-07 14:57:52] [12]: loss=1.693697, reward_mean=561.2, rw_bound=692.0
[2026-01-07 14:57:52] [12]: loss=1.692087, reward_mean=561.2, rw_bound=692.0
[2026-01-07 14:57:52] [12]: loss=1.687767, reward_mean=561.2, rw_bound=692.0
[2026-01-07 14:57:52] [12]: loss=1.686022, reward_mean=561.2, rw_bound=692.0
[2026-01-07 14:57:52] [12]: loss=1.682242, reward_mean=561.2, rw_bound=692.0
[2026-01-07 14:57:52] [12]: loss=1.679505, reward_mean=561.2, rw_bound=692.0
[2026-01-07 14:57:53] [12]: loss=1.676688, reward_mean=561.2, rw_bound=692.0
[2026-01-07 14:57:53] [12]: loss=1.673666, reward_mean=561.2, rw_bound=692.0
[2026-01-07 14:57:53] [12]: loss=1.670576, reward_mean=561.2, rw_bound=692.0
[2026-01-07 14:57:53] [12]: loss=1.668021, reward_mean=561.2, rw_bound=692.0
[2026-01-07 14:57:53] [12]: loss=1.664487, reward_mean=561.2, rw_bound=692.0
[2026-01-07 14:57:53] [12]: loss=1.662024, reward_mean=561.2, rw_bound=692.0
[2026-01-07 14:57:53] [12]: loss=1.658352, reward_mean=561.2, rw_bound=692.0
[2026-01-07 14:57:54] [12]: loss=1.655634, reward_mean=561.2, rw_bound=692.0
[2026-01-07 14:57:54] [12]: loss=1.652629, reward_mean=561.2, rw_bound=692.0
[2026-01-07 14:57:54] [12]: loss=1.648624, reward_mean=561.2, rw_bound=692.0
[2026-01-07 14:57:54] [12]: loss=1.645947, reward_mean=561.2, rw_bound=692.0
[2026-01-07 14:57:54] [12]: loss=1.642964, reward_mean=561.2, rw_bound=692.0
[2026-01-07 14:57:54] [12]: loss=1.641228, reward_mean=561.2, rw_bound=692.0
[2026-01-07 15:02:17] [13]: loss=1.646020, reward_mean=584.4, rw_bound=720.0
[2026-01-07 15:02:18] [13]: loss=1.663846, reward_mean=584.4, rw_bound=720.0
[2026-01-07 15:02:18] [13]: loss=1.665171, reward_mean=584.4, rw_bound=720.0
[2026-01-07 15:02:18] [13]: loss=1.654070, reward_mean=584.4, rw_bound=720.0
[2026-01-07 15:02:18] [13]: loss=1.649383, reward_mean=584.4, rw_bound=720.0
[2026-01-07 15:02:18] [13]: loss=1.651117, reward_mean=584.4, rw_bound=720.0
[2026-01-07 15:02:18] [13]: loss=1.643649, reward_mean=584.4, rw_bound=720.0
[2026-01-07 15:02:19] [13]: loss=1.639429, reward_mean=584.4, rw_bound=720.0
[2026-01-07 15:02:19] [13]: loss=1.636698, reward_mean=584.4, rw_bound=720.0
[2026-01-07 15:02:19] [13]: loss=1.630371, reward_mean=584.4, rw_bound=720.0
[2026-01-07 15:02:19] [13]: loss=1.628973, reward_mean=584.4, rw_bound=720.0
[2026-01-07 15:02:19] [13]: loss=1.623810, reward_mean=584.4, rw_bound=720.0
[2026-01-07 15:02:19] [13]: loss=1.621749, reward_mean=584.4, rw_bound=720.0
[2026-01-07 15:02:19] [13]: loss=1.617777, reward_mean=584.4, rw_bound=720.0
[2026-01-07 15:02:20] [13]: loss=1.614170, reward_mean=584.4, rw_bound=720.0
[2026-01-07 15:02:20] [13]: loss=1.610802, reward_mean=584.4, rw_bound=720.0
[2026-01-07 15:02:20] [13]: loss=1.606710, reward_mean=584.4, rw_bound=720.0
[2026-01-07 15:02:20] [13]: loss=1.604276, reward_mean=584.4, rw_bound=720.0
[2026-01-07 15:02:20] [13]: loss=1.599595, reward_mean=584.4, rw_bound=720.0
[2026-01-07 15:02:20] [13]: loss=1.596403, reward_mean=584.4, rw_bound=720.0
[2026-01-07 15:06:44] [14]: loss=1.598855, reward_mean=587.5, rw_bound=730.0
[2026-01-07 15:06:44] [14]: loss=1.599006, reward_mean=587.5, rw_bound=730.0
[2026-01-07 15:06:44] [14]: loss=1.595443, reward_mean=587.5, rw_bound=730.0
[2026-01-07 15:06:44] [14]: loss=1.591120, reward_mean=587.5, rw_bound=730.0
[2026-01-07 15:06:45] [14]: loss=1.587305, reward_mean=587.5, rw_bound=730.0
[2026-01-07 15:06:45] [14]: loss=1.584227, reward_mean=587.5, rw_bound=730.0
[2026-01-07 15:06:45] [14]: loss=1.578914, reward_mean=587.5, rw_bound=730.0
[2026-01-07 15:06:45] [14]: loss=1.574653, reward_mean=587.5, rw_bound=730.0
[2026-01-07 15:06:45] [14]: loss=1.570201, reward_mean=587.5, rw_bound=730.0
[2026-01-07 15:06:45] [14]: loss=1.566655, reward_mean=587.5, rw_bound=730.0
[2026-01-07 15:06:46] [14]: loss=1.563957, reward_mean=587.5, rw_bound=730.0
[2026-01-07 15:06:46] [14]: loss=1.564522, reward_mean=587.5, rw_bound=730.0
[2026-01-07 15:06:46] [14]: loss=1.558283, reward_mean=587.5, rw_bound=730.0
[2026-01-07 15:06:46] [14]: loss=1.550871, reward_mean=587.5, rw_bound=730.0
[2026-01-07 15:06:46] [14]: loss=1.546924, reward_mean=587.5, rw_bound=730.0
[2026-01-07 15:06:46] [14]: loss=1.543157, reward_mean=587.5, rw_bound=730.0
[2026-01-07 15:06:46] [14]: loss=1.539195, reward_mean=587.5, rw_bound=730.0
[2026-01-07 15:06:47] [14]: loss=1.533914, reward_mean=587.5, rw_bound=730.0
[2026-01-07 15:06:47] [14]: loss=1.530185, reward_mean=587.5, rw_bound=730.0
[2026-01-07 15:06:47] [14]: loss=1.526383, reward_mean=587.5, rw_bound=730.0
[2026-01-07 15:11:11] [15]: loss=1.532518, reward_mean=588.7, rw_bound=722.0
[2026-01-07 15:11:11] [15]: loss=1.536513, reward_mean=588.7, rw_bound=722.0
[2026-01-07 15:11:11] [15]: loss=1.540996, reward_mean=588.7, rw_bound=722.0
[2026-01-07 15:11:12] [15]: loss=1.523845, reward_mean=588.7, rw_bound=722.0
[2026-01-07 15:11:12] [15]: loss=1.526647, reward_mean=588.7, rw_bound=722.0
[2026-01-07 15:11:12] [15]: loss=1.520249, reward_mean=588.7, rw_bound=722.0
[2026-01-07 15:11:12] [15]: loss=1.512313, reward_mean=588.7, rw_bound=722.0
[2026-01-07 15:11:12] [15]: loss=1.511671, reward_mean=588.7, rw_bound=722.0
[2026-01-07 15:11:12] [15]: loss=1.502287, reward_mean=588.7, rw_bound=722.0
[2026-01-07 15:11:12] [15]: loss=1.503101, reward_mean=588.7, rw_bound=722.0
[2026-01-07 15:11:13] [15]: loss=1.493374, reward_mean=588.7, rw_bound=722.0
[2026-01-07 15:11:13] [15]: loss=1.488437, reward_mean=588.7, rw_bound=722.0
[2026-01-07 15:11:13] [15]: loss=1.483592, reward_mean=588.7, rw_bound=722.0
[2026-01-07 15:11:13] [15]: loss=1.477638, reward_mean=588.7, rw_bound=722.0
[2026-01-07 15:11:13] [15]: loss=1.472600, reward_mean=588.7, rw_bound=722.0
[2026-01-07 15:11:13] [15]: loss=1.467972, reward_mean=588.7, rw_bound=722.0
[2026-01-07 15:11:13] [15]: loss=1.461916, reward_mean=588.7, rw_bound=722.0
[2026-01-07 15:11:14] [15]: loss=1.456157, reward_mean=588.7, rw_bound=722.0
[2026-01-07 15:11:14] [15]: loss=1.451403, reward_mean=588.7, rw_bound=722.0
[2026-01-07 15:11:14] [15]: loss=1.446708, reward_mean=588.7, rw_bound=722.0
[2026-01-07 15:15:37] [16]: loss=1.471684, reward_mean=606.3, rw_bound=720.0
[2026-01-07 15:15:37] [16]: loss=1.472844, reward_mean=606.3, rw_bound=720.0
[2026-01-07 15:15:38] [16]: loss=1.472431, reward_mean=606.3, rw_bound=720.0
[2026-01-07 15:15:38] [16]: loss=1.465384, reward_mean=606.3, rw_bound=720.0
[2026-01-07 15:15:38] [16]: loss=1.457793, reward_mean=606.3, rw_bound=720.0
[2026-01-07 15:15:38] [16]: loss=1.453407, reward_mean=606.3, rw_bound=720.0
[2026-01-07 15:15:38] [16]: loss=1.449892, reward_mean=606.3, rw_bound=720.0
[2026-01-07 15:15:39] [16]: loss=1.442708, reward_mean=606.3, rw_bound=720.0
[2026-01-07 15:15:39] [16]: loss=1.435836, reward_mean=606.3, rw_bound=720.0
[2026-01-07 15:15:39] [16]: loss=1.432735, reward_mean=606.3, rw_bound=720.0
[2026-01-07 15:15:39] [16]: loss=1.430161, reward_mean=606.3, rw_bound=720.0
[2026-01-07 15:15:39] [16]: loss=1.423213, reward_mean=606.3, rw_bound=720.0
[2026-01-07 15:15:39] [16]: loss=1.415941, reward_mean=606.3, rw_bound=720.0
[2026-01-07 15:15:40] [16]: loss=1.411221, reward_mean=606.3, rw_bound=720.0
[2026-01-07 15:15:40] [16]: loss=1.406757, reward_mean=606.3, rw_bound=720.0
[2026-01-07 15:15:40] [16]: loss=1.402024, reward_mean=606.3, rw_bound=720.0
[2026-01-07 15:15:40] [16]: loss=1.398833, reward_mean=606.3, rw_bound=720.0
[2026-01-07 15:15:40] [16]: loss=1.392712, reward_mean=606.3, rw_bound=720.0
[2026-01-07 15:15:40] [16]: loss=1.387789, reward_mean=606.3, rw_bound=720.0
[2026-01-07 15:15:41] [16]: loss=1.392063, reward_mean=606.3, rw_bound=720.0
[2026-01-07 15:20:51] [17]: loss=1.381128, reward_mean=607.6, rw_bound=750.0
[2026-01-07 15:20:51] [17]: loss=1.447531, reward_mean=607.6, rw_bound=750.0
[2026-01-07 15:20:51] [17]: loss=1.496079, reward_mean=607.6, rw_bound=750.0
[2026-01-07 15:20:51] [17]: loss=1.429499, reward_mean=607.6, rw_bound=750.0
[2026-01-07 15:20:51] [17]: loss=1.442025, reward_mean=607.6, rw_bound=750.0
[2026-01-07 15:20:52] [17]: loss=1.423167, reward_mean=607.6, rw_bound=750.0
[2026-01-07 15:20:52] [17]: loss=1.424217, reward_mean=607.6, rw_bound=750.0
[2026-01-07 15:20:52] [17]: loss=1.411393, reward_mean=607.6, rw_bound=750.0
[2026-01-07 15:20:52] [17]: loss=1.402921, reward_mean=607.6, rw_bound=750.0
[2026-01-07 15:20:52] [17]: loss=1.394444, reward_mean=607.6, rw_bound=750.0
[2026-01-07 15:20:52] [17]: loss=1.381213, reward_mean=607.6, rw_bound=750.0
[2026-01-07 15:20:53] [17]: loss=1.381819, reward_mean=607.6, rw_bound=750.0
[2026-01-07 15:20:53] [17]: loss=1.366434, reward_mean=607.6, rw_bound=750.0
[2026-01-07 15:20:53] [17]: loss=1.363720, reward_mean=607.6, rw_bound=750.0
[2026-01-07 15:20:53] [17]: loss=1.357500, reward_mean=607.6, rw_bound=750.0
[2026-01-07 15:20:53] [17]: loss=1.349801, reward_mean=607.6, rw_bound=750.0
[2026-01-07 15:20:53] [17]: loss=1.342127, reward_mean=607.6, rw_bound=750.0
[2026-01-07 15:20:53] [17]: loss=1.338729, reward_mean=607.6, rw_bound=750.0
[2026-01-07 15:20:54] [17]: loss=1.330333, reward_mean=607.6, rw_bound=750.0
[2026-01-07 15:20:54] [17]: loss=1.327258, reward_mean=607.6, rw_bound=750.0
[2026-01-07 15:25:28] [18]: loss=1.337369, reward_mean=653.0, rw_bound=770.0
[2026-01-07 15:25:28] [18]: loss=1.338216, reward_mean=653.0, rw_bound=770.0
[2026-01-07 15:25:28] [18]: loss=1.333730, reward_mean=653.0, rw_bound=770.0
[2026-01-07 15:25:29] [18]: loss=1.330630, reward_mean=653.0, rw_bound=770.0
[2026-01-07 15:25:29] [18]: loss=1.324779, reward_mean=653.0, rw_bound=770.0
[2026-01-07 15:25:29] [18]: loss=1.320914, reward_mean=653.0, rw_bound=770.0
[2026-01-07 15:25:29] [18]: loss=1.315249, reward_mean=653.0, rw_bound=770.0
[2026-01-07 15:25:29] [18]: loss=1.309906, reward_mean=653.0, rw_bound=770.0
[2026-01-07 15:25:29] [18]: loss=1.303726, reward_mean=653.0, rw_bound=770.0
[2026-01-07 15:25:29] [18]: loss=1.298898, reward_mean=653.0, rw_bound=770.0
[2026-01-07 15:25:30] [18]: loss=1.292225, reward_mean=653.0, rw_bound=770.0
[2026-01-07 15:25:30] [18]: loss=1.286737, reward_mean=653.0, rw_bound=770.0
[2026-01-07 15:25:30] [18]: loss=1.280927, reward_mean=653.0, rw_bound=770.0
[2026-01-07 15:25:30] [18]: loss=1.274981, reward_mean=653.0, rw_bound=770.0
[2026-01-07 15:25:30] [18]: loss=1.269549, reward_mean=653.0, rw_bound=770.0
[2026-01-07 15:25:30] [18]: loss=1.263553, reward_mean=653.0, rw_bound=770.0
[2026-01-07 15:25:30] [18]: loss=1.257721, reward_mean=653.0, rw_bound=770.0
[2026-01-07 15:25:31] [18]: loss=1.251856, reward_mean=653.0, rw_bound=770.0
[2026-01-07 15:25:31] [18]: loss=1.245992, reward_mean=653.0, rw_bound=770.0
[2026-01-07 15:25:31] [18]: loss=1.240004, reward_mean=653.0, rw_bound=770.0
[2026-01-07 15:30:03] [19]: loss=1.257875, reward_mean=657.3, rw_bound=770.0
[2026-01-07 15:30:03] [19]: loss=1.256817, reward_mean=657.3, rw_bound=770.0
[2026-01-07 15:30:03] [19]: loss=1.256667, reward_mean=657.3, rw_bound=770.0
[2026-01-07 15:30:03] [19]: loss=1.251366, reward_mean=657.3, rw_bound=770.0
[2026-01-07 15:30:03] [19]: loss=1.243993, reward_mean=657.3, rw_bound=770.0
[2026-01-07 15:30:04] [19]: loss=1.231866, reward_mean=657.3, rw_bound=770.0
[2026-01-07 15:30:04] [19]: loss=1.226756, reward_mean=657.3, rw_bound=770.0
[2026-01-07 15:30:04] [19]: loss=1.222396, reward_mean=657.3, rw_bound=770.0
[2026-01-07 15:30:04] [19]: loss=1.212764, reward_mean=657.3, rw_bound=770.0
[2026-01-07 15:30:04] [19]: loss=1.205411, reward_mean=657.3, rw_bound=770.0
[2026-01-07 15:30:04] [19]: loss=1.203076, reward_mean=657.3, rw_bound=770.0
[2026-01-07 15:30:04] [19]: loss=1.194260, reward_mean=657.3, rw_bound=770.0
[2026-01-07 15:30:05] [19]: loss=1.184979, reward_mean=657.3, rw_bound=770.0
[2026-01-07 15:30:05] [19]: loss=1.182323, reward_mean=657.3, rw_bound=770.0
[2026-01-07 15:30:05] [19]: loss=1.175545, reward_mean=657.3, rw_bound=770.0
[2026-01-07 15:30:05] [19]: loss=1.166529, reward_mean=657.3, rw_bound=770.0
[2026-01-07 15:30:05] [19]: loss=1.162583, reward_mean=657.3, rw_bound=770.0
[2026-01-07 15:30:05] [19]: loss=1.156464, reward_mean=657.3, rw_bound=770.0
[2026-01-07 15:30:06] [19]: loss=1.149491, reward_mean=657.3, rw_bound=770.0
[2026-01-07 15:30:06] [19]: loss=1.143815, reward_mean=657.3, rw_bound=770.0
[2026-01-07 15:34:40] [20]: loss=1.158248, reward_mean=691.9, rw_bound=802.0
[2026-01-07 15:34:40] [20]: loss=1.167404, reward_mean=691.9, rw_bound=802.0
[2026-01-07 15:34:40] [20]: loss=1.171585, reward_mean=691.9, rw_bound=802.0
[2026-01-07 15:34:40] [20]: loss=1.156871, reward_mean=691.9, rw_bound=802.0
[2026-01-07 15:34:40] [20]: loss=1.146565, reward_mean=691.9, rw_bound=802.0
[2026-01-07 15:34:40] [20]: loss=1.140739, reward_mean=691.9, rw_bound=802.0
[2026-01-07 15:34:41] [20]: loss=1.136765, reward_mean=691.9, rw_bound=802.0
[2026-01-07 15:34:41] [20]: loss=1.120302, reward_mean=691.9, rw_bound=802.0
[2026-01-07 15:34:41] [20]: loss=1.116470, reward_mean=691.9, rw_bound=802.0
[2026-01-07 15:34:41] [20]: loss=1.106875, reward_mean=691.9, rw_bound=802.0
[2026-01-07 15:34:41] [20]: loss=1.101625, reward_mean=691.9, rw_bound=802.0
[2026-01-07 15:34:41] [20]: loss=1.089453, reward_mean=691.9, rw_bound=802.0
[2026-01-07 15:34:41] [20]: loss=1.087283, reward_mean=691.9, rw_bound=802.0
[2026-01-07 15:34:42] [20]: loss=1.074461, reward_mean=691.9, rw_bound=802.0
[2026-01-07 15:34:42] [20]: loss=1.068317, reward_mean=691.9, rw_bound=802.0
[2026-01-07 15:34:42] [20]: loss=1.062914, reward_mean=691.9, rw_bound=802.0
[2026-01-07 15:34:42] [20]: loss=1.051238, reward_mean=691.9, rw_bound=802.0
[2026-01-07 15:34:42] [20]: loss=1.047674, reward_mean=691.9, rw_bound=802.0
[2026-01-07 15:34:42] [20]: loss=1.037921, reward_mean=691.9, rw_bound=802.0
[2026-01-07 15:34:42] [20]: loss=1.033825, reward_mean=691.9, rw_bound=802.0
[2026-01-07 15:39:14] [21]: loss=1.071302, reward_mean=701.5, rw_bound=820.0
[2026-01-07 15:39:15] [21]: loss=1.080004, reward_mean=701.5, rw_bound=820.0
[2026-01-07 15:39:15] [21]: loss=1.078838, reward_mean=701.5, rw_bound=820.0
[2026-01-07 15:39:15] [21]: loss=1.076265, reward_mean=701.5, rw_bound=820.0
[2026-01-07 15:39:15] [21]: loss=1.061333, reward_mean=701.5, rw_bound=820.0
[2026-01-07 15:39:15] [21]: loss=1.046329, reward_mean=701.5, rw_bound=820.0
[2026-01-07 15:39:15] [21]: loss=1.047788, reward_mean=701.5, rw_bound=820.0
[2026-01-07 15:39:16] [21]: loss=1.035873, reward_mean=701.5, rw_bound=820.0
[2026-01-07 15:39:16] [21]: loss=1.027609, reward_mean=701.5, rw_bound=820.0
[2026-01-07 15:39:16] [21]: loss=1.021418, reward_mean=701.5, rw_bound=820.0
[2026-01-07 15:39:16] [21]: loss=1.012269, reward_mean=701.5, rw_bound=820.0
[2026-01-07 15:39:16] [21]: loss=0.999696, reward_mean=701.5, rw_bound=820.0
[2026-01-07 15:39:16] [21]: loss=0.999397, reward_mean=701.5, rw_bound=820.0
[2026-01-07 15:39:17] [21]: loss=0.986530, reward_mean=701.5, rw_bound=820.0
[2026-01-07 15:39:17] [21]: loss=0.981760, reward_mean=701.5, rw_bound=820.0
[2026-01-07 15:39:17] [21]: loss=0.975794, reward_mean=701.5, rw_bound=820.0
[2026-01-07 15:39:17] [21]: loss=0.965718, reward_mean=701.5, rw_bound=820.0
[2026-01-07 15:39:17] [21]: loss=0.961054, reward_mean=701.5, rw_bound=820.0
[2026-01-07 15:39:17] [21]: loss=0.954082, reward_mean=701.5, rw_bound=820.0
[2026-01-07 15:39:18] [21]: loss=0.947279, reward_mean=701.5, rw_bound=820.0
[2026-01-07 15:43:51] [22]: loss=0.980633, reward_mean=712.9, rw_bound=840.0
[2026-01-07 15:43:51] [22]: loss=0.991821, reward_mean=712.9, rw_bound=840.0
[2026-01-07 15:43:51] [22]: loss=1.008318, reward_mean=712.9, rw_bound=840.0
[2026-01-07 15:43:51] [22]: loss=0.984800, reward_mean=712.9, rw_bound=840.0
[2026-01-07 15:43:52] [22]: loss=0.961377, reward_mean=712.9, rw_bound=840.0
[2026-01-07 15:43:52] [22]: loss=0.955864, reward_mean=712.9, rw_bound=840.0
[2026-01-07 15:43:52] [22]: loss=0.949471, reward_mean=712.9, rw_bound=840.0
[2026-01-07 15:43:52] [22]: loss=0.935552, reward_mean=712.9, rw_bound=840.0
[2026-01-07 15:43:52] [22]: loss=0.925435, reward_mean=712.9, rw_bound=840.0
[2026-01-07 15:43:52] [22]: loss=0.920029, reward_mean=712.9, rw_bound=840.0
[2026-01-07 15:43:52] [22]: loss=0.907486, reward_mean=712.9, rw_bound=840.0
[2026-01-07 15:43:53] [22]: loss=0.899206, reward_mean=712.9, rw_bound=840.0
[2026-01-07 15:43:53] [22]: loss=0.890982, reward_mean=712.9, rw_bound=840.0
[2026-01-07 15:43:53] [22]: loss=0.884131, reward_mean=712.9, rw_bound=840.0
[2026-01-07 15:43:53] [22]: loss=0.874744, reward_mean=712.9, rw_bound=840.0
[2026-01-07 15:43:53] [22]: loss=0.864389, reward_mean=712.9, rw_bound=840.0
[2026-01-07 15:43:53] [22]: loss=0.859042, reward_mean=712.9, rw_bound=840.0
[2026-01-07 15:43:53] [22]: loss=0.853153, reward_mean=712.9, rw_bound=840.0
[2026-01-07 15:43:54] [22]: loss=0.843405, reward_mean=712.9, rw_bound=840.0
[2026-01-07 15:43:54] [22]: loss=0.835423, reward_mean=712.9, rw_bound=840.0
[2026-01-07 15:48:29] [23]: loss=0.883749, reward_mean=722.4, rw_bound=850.0
[2026-01-07 15:48:29] [23]: loss=0.887588, reward_mean=722.4, rw_bound=850.0
[2026-01-07 15:48:29] [23]: loss=0.885572, reward_mean=722.4, rw_bound=850.0
[2026-01-07 15:48:29] [23]: loss=0.877833, reward_mean=722.4, rw_bound=850.0
[2026-01-07 15:48:29] [23]: loss=0.866740, reward_mean=722.4, rw_bound=850.0
[2026-01-07 15:48:29] [23]: loss=0.846632, reward_mean=722.4, rw_bound=850.0
[2026-01-07 15:48:30] [23]: loss=0.837716, reward_mean=722.4, rw_bound=850.0
[2026-01-07 15:48:30] [23]: loss=0.832383, reward_mean=722.4, rw_bound=850.0
[2026-01-07 15:48:30] [23]: loss=0.824039, reward_mean=722.4, rw_bound=850.0
[2026-01-07 15:48:30] [23]: loss=0.814579, reward_mean=722.4, rw_bound=850.0
[2026-01-07 15:48:30] [23]: loss=0.801597, reward_mean=722.4, rw_bound=850.0
[2026-01-07 15:48:30] [23]: loss=0.795551, reward_mean=722.4, rw_bound=850.0
[2026-01-07 15:48:30] [23]: loss=0.791000, reward_mean=722.4, rw_bound=850.0
[2026-01-07 15:48:31] [23]: loss=0.780424, reward_mean=722.4, rw_bound=850.0
[2026-01-07 15:48:31] [23]: loss=0.771398, reward_mean=722.4, rw_bound=850.0
[2026-01-07 15:48:31] [23]: loss=0.762164, reward_mean=722.4, rw_bound=850.0
[2026-01-07 15:48:31] [23]: loss=0.754043, reward_mean=722.4, rw_bound=850.0
[2026-01-07 15:48:31] [23]: loss=0.750539, reward_mean=722.4, rw_bound=850.0
[2026-01-07 15:48:31] [23]: loss=0.756096, reward_mean=722.4, rw_bound=850.0
[2026-01-07 15:48:31] [23]: loss=0.768786, reward_mean=722.4, rw_bound=850.0
[2026-01-07 15:53:04] [24]: loss=0.814919, reward_mean=737.1, rw_bound=870.0
[2026-01-07 15:53:05] [24]: loss=0.923533, reward_mean=737.1, rw_bound=870.0
[2026-01-07 15:53:05] [24]: loss=0.903307, reward_mean=737.1, rw_bound=870.0
[2026-01-07 15:53:05] [24]: loss=0.871065, reward_mean=737.1, rw_bound=870.0
[2026-01-07 15:53:05] [24]: loss=0.862223, reward_mean=737.1, rw_bound=870.0
[2026-01-07 15:53:05] [24]: loss=0.852421, reward_mean=737.1, rw_bound=870.0
[2026-01-07 15:53:05] [24]: loss=0.834514, reward_mean=737.1, rw_bound=870.0
[2026-01-07 15:53:05] [24]: loss=0.825527, reward_mean=737.1, rw_bound=870.0
[2026-01-07 15:53:05] [24]: loss=0.817932, reward_mean=737.1, rw_bound=870.0
[2026-01-07 15:53:06] [24]: loss=0.798251, reward_mean=737.1, rw_bound=870.0
[2026-01-07 15:53:06] [24]: loss=0.793753, reward_mean=737.1, rw_bound=870.0
[2026-01-07 15:53:06] [24]: loss=0.777221, reward_mean=737.1, rw_bound=870.0
[2026-01-07 15:53:06] [24]: loss=0.771021, reward_mean=737.1, rw_bound=870.0
[2026-01-07 15:53:06] [24]: loss=0.760089, reward_mean=737.1, rw_bound=870.0
[2026-01-07 15:53:06] [24]: loss=0.748895, reward_mean=737.1, rw_bound=870.0
[2026-01-07 15:53:06] [24]: loss=0.744590, reward_mean=737.1, rw_bound=870.0
[2026-01-07 15:53:07] [24]: loss=0.730362, reward_mean=737.1, rw_bound=870.0
[2026-01-07 15:53:07] [24]: loss=0.727142, reward_mean=737.1, rw_bound=870.0
[2026-01-07 15:53:07] [24]: loss=0.718038, reward_mean=737.1, rw_bound=870.0
[2026-01-07 15:53:07] [24]: loss=0.709605, reward_mean=737.1, rw_bound=870.0
[2026-01-07 15:57:42] [25]: loss=0.756403, reward_mean=761.5, rw_bound=892.0
[2026-01-07 15:57:42] [25]: loss=0.764419, reward_mean=761.5, rw_bound=892.0
[2026-01-07 15:57:42] [25]: loss=0.758331, reward_mean=761.5, rw_bound=892.0
[2026-01-07 15:57:42] [25]: loss=0.741000, reward_mean=761.5, rw_bound=892.0
[2026-01-07 15:57:43] [25]: loss=0.738304, reward_mean=761.5, rw_bound=892.0
[2026-01-07 15:57:43] [25]: loss=0.731303, reward_mean=761.5, rw_bound=892.0
[2026-01-07 15:57:43] [25]: loss=0.715994, reward_mean=761.5, rw_bound=892.0
[2026-01-07 15:57:43] [25]: loss=0.711767, reward_mean=761.5, rw_bound=892.0
[2026-01-07 15:57:43] [25]: loss=0.702631, reward_mean=761.5, rw_bound=892.0
[2026-01-07 15:57:43] [25]: loss=0.690961, reward_mean=761.5, rw_bound=892.0
[2026-01-07 15:57:43] [25]: loss=0.686310, reward_mean=761.5, rw_bound=892.0
[2026-01-07 15:57:44] [25]: loss=0.675085, reward_mean=761.5, rw_bound=892.0
[2026-01-07 15:57:44] [25]: loss=0.667444, reward_mean=761.5, rw_bound=892.0
[2026-01-07 15:57:44] [25]: loss=0.661783, reward_mean=761.5, rw_bound=892.0
[2026-01-07 15:57:44] [25]: loss=0.651219, reward_mean=761.5, rw_bound=892.0
[2026-01-07 15:57:44] [25]: loss=0.643968, reward_mean=761.5, rw_bound=892.0
[2026-01-07 15:57:44] [25]: loss=0.638848, reward_mean=761.5, rw_bound=892.0
[2026-01-07 15:57:45] [25]: loss=0.629657, reward_mean=761.5, rw_bound=892.0
[2026-01-07 15:57:45] [25]: loss=0.622907, reward_mean=761.5, rw_bound=892.0
[2026-01-07 15:57:45] [25]: loss=0.617159, reward_mean=761.5, rw_bound=892.0
[2026-01-07 16:02:21] [26]: loss=0.675439, reward_mean=791.7, rw_bound=920.0
[2026-01-07 16:02:22] [26]: loss=0.676283, reward_mean=791.7, rw_bound=920.0
[2026-01-07 16:02:22] [26]: loss=0.668070, reward_mean=791.7, rw_bound=920.0
[2026-01-07 16:02:22] [26]: loss=0.654246, reward_mean=791.7, rw_bound=920.0
[2026-01-07 16:02:22] [26]: loss=0.648662, reward_mean=791.7, rw_bound=920.0
[2026-01-07 16:02:22] [26]: loss=0.641432, reward_mean=791.7, rw_bound=920.0
[2026-01-07 16:02:22] [26]: loss=0.628645, reward_mean=791.7, rw_bound=920.0
[2026-01-07 16:02:22] [26]: loss=0.620583, reward_mean=791.7, rw_bound=920.0
[2026-01-07 16:02:23] [26]: loss=0.615081, reward_mean=791.7, rw_bound=920.0
[2026-01-07 16:02:23] [26]: loss=0.606593, reward_mean=791.7, rw_bound=920.0
[2026-01-07 16:02:23] [26]: loss=0.600631, reward_mean=791.7, rw_bound=920.0
[2026-01-07 16:02:23] [26]: loss=0.603699, reward_mean=791.7, rw_bound=920.0
[2026-01-07 16:02:23] [26]: loss=0.628869, reward_mean=791.7, rw_bound=920.0
[2026-01-07 16:02:23] [26]: loss=0.642128, reward_mean=791.7, rw_bound=920.0
[2026-01-07 16:02:24] [26]: loss=0.604970, reward_mean=791.7, rw_bound=920.0
[2026-01-07 16:02:24] [26]: loss=0.571165, reward_mean=791.7, rw_bound=920.0
[2026-01-07 16:02:24] [26]: loss=0.592490, reward_mean=791.7, rw_bound=920.0
[2026-01-07 16:02:24] [26]: loss=0.571594, reward_mean=791.7, rw_bound=920.0
[2026-01-07 16:02:24] [26]: loss=0.559696, reward_mean=791.7, rw_bound=920.0
[2026-01-07 16:02:24] [26]: loss=0.564096, reward_mean=791.7, rw_bound=920.0
[2026-01-07 16:06:58] [27]: loss=0.618496, reward_mean=807.1, rw_bound=940.0
[2026-01-07 16:06:58] [27]: loss=0.652621, reward_mean=807.1, rw_bound=940.0
[2026-01-07 16:06:58] [27]: loss=0.622594, reward_mean=807.1, rw_bound=940.0
[2026-01-07 16:06:58] [27]: loss=0.613023, reward_mean=807.1, rw_bound=940.0
[2026-01-07 16:06:58] [27]: loss=0.605953, reward_mean=807.1, rw_bound=940.0
[2026-01-07 16:06:59] [27]: loss=0.591443, reward_mean=807.1, rw_bound=940.0
[2026-01-07 16:06:59] [27]: loss=0.585218, reward_mean=807.1, rw_bound=940.0
[2026-01-07 16:06:59] [27]: loss=0.569910, reward_mean=807.1, rw_bound=940.0
[2026-01-07 16:06:59] [27]: loss=0.565993, reward_mean=807.1, rw_bound=940.0
[2026-01-07 16:06:59] [27]: loss=0.552592, reward_mean=807.1, rw_bound=940.0
[2026-01-07 16:06:59] [27]: loss=0.548438, reward_mean=807.1, rw_bound=940.0
[2026-01-07 16:06:59] [27]: loss=0.536089, reward_mean=807.1, rw_bound=940.0
[2026-01-07 16:07:00] [27]: loss=0.529738, reward_mean=807.1, rw_bound=940.0
[2026-01-07 16:07:00] [27]: loss=0.521662, reward_mean=807.1, rw_bound=940.0
[2026-01-07 16:07:00] [27]: loss=0.515736, reward_mean=807.1, rw_bound=940.0
[2026-01-07 16:07:00] [27]: loss=0.506816, reward_mean=807.1, rw_bound=940.0
[2026-01-07 16:07:00] [27]: loss=0.500546, reward_mean=807.1, rw_bound=940.0
[2026-01-07 16:07:00] [27]: loss=0.496225, reward_mean=807.1, rw_bound=940.0
[2026-01-07 16:07:00] [27]: loss=0.485905, reward_mean=807.1, rw_bound=940.0
[2026-01-07 16:07:01] [27]: loss=0.481388, reward_mean=807.1, rw_bound=940.0
[2026-01-07 16:11:38] [28]: loss=0.551898, reward_mean=810.4, rw_bound=932.0
[2026-01-07 16:11:38] [28]: loss=0.554918, reward_mean=810.4, rw_bound=932.0
[2026-01-07 16:11:38] [28]: loss=0.550338, reward_mean=810.4, rw_bound=932.0
[2026-01-07 16:11:38] [28]: loss=0.544624, reward_mean=810.4, rw_bound=932.0
[2026-01-07 16:11:38] [28]: loss=0.553827, reward_mean=810.4, rw_bound=932.0
[2026-01-07 16:11:39] [28]: loss=0.555583, reward_mean=810.4, rw_bound=932.0
[2026-01-07 16:11:39] [28]: loss=0.524771, reward_mean=810.4, rw_bound=932.0
[2026-01-07 16:11:39] [28]: loss=0.505454, reward_mean=810.4, rw_bound=932.0
[2026-01-07 16:11:39] [28]: loss=0.501336, reward_mean=810.4, rw_bound=932.0
[2026-01-07 16:11:39] [28]: loss=0.497091, reward_mean=810.4, rw_bound=932.0
[2026-01-07 16:11:39] [28]: loss=0.481607, reward_mean=810.4, rw_bound=932.0
[2026-01-07 16:11:39] [28]: loss=0.473274, reward_mean=810.4, rw_bound=932.0
[2026-01-07 16:11:40] [28]: loss=0.465897, reward_mean=810.4, rw_bound=932.0
[2026-01-07 16:11:40] [28]: loss=0.460984, reward_mean=810.4, rw_bound=932.0
[2026-01-07 16:11:40] [28]: loss=0.449806, reward_mean=810.4, rw_bound=932.0
[2026-01-07 16:11:40] [28]: loss=0.442682, reward_mean=810.4, rw_bound=932.0
[2026-01-07 16:11:40] [28]: loss=0.442222, reward_mean=810.4, rw_bound=932.0
[2026-01-07 16:11:40] [28]: loss=0.429030, reward_mean=810.4, rw_bound=932.0
[2026-01-07 16:11:40] [28]: loss=0.425188, reward_mean=810.4, rw_bound=932.0
[2026-01-07 16:11:41] [28]: loss=0.419406, reward_mean=810.4, rw_bound=932.0
[2026-01-07 16:16:18] [29]: loss=0.499811, reward_mean=816.8, rw_bound=930.0
[2026-01-07 16:16:19] [29]: loss=0.502864, reward_mean=816.8, rw_bound=930.0
[2026-01-07 16:16:19] [29]: loss=0.504808, reward_mean=816.8, rw_bound=930.0
[2026-01-07 16:16:19] [29]: loss=0.491153, reward_mean=816.8, rw_bound=930.0
[2026-01-07 16:16:19] [29]: loss=0.475511, reward_mean=816.8, rw_bound=930.0
[2026-01-07 16:16:19] [29]: loss=0.466115, reward_mean=816.8, rw_bound=930.0
[2026-01-07 16:16:19] [29]: loss=0.460060, reward_mean=816.8, rw_bound=930.0
[2026-01-07 16:16:20] [29]: loss=0.454038, reward_mean=816.8, rw_bound=930.0
[2026-01-07 16:16:20] [29]: loss=0.443478, reward_mean=816.8, rw_bound=930.0
[2026-01-07 16:16:20] [29]: loss=0.429675, reward_mean=816.8, rw_bound=930.0
[2026-01-07 16:16:20] [29]: loss=0.423414, reward_mean=816.8, rw_bound=930.0
[2026-01-07 16:16:20] [29]: loss=0.419282, reward_mean=816.8, rw_bound=930.0
[2026-01-07 16:16:20] [29]: loss=0.409542, reward_mean=816.8, rw_bound=930.0
[2026-01-07 16:16:20] [29]: loss=0.399476, reward_mean=816.8, rw_bound=930.0
[2026-01-07 16:16:21] [29]: loss=0.395416, reward_mean=816.8, rw_bound=930.0
[2026-01-07 16:16:21] [29]: loss=0.391256, reward_mean=816.8, rw_bound=930.0
[2026-01-07 16:16:21] [29]: loss=0.384007, reward_mean=816.8, rw_bound=930.0
[2026-01-07 16:16:21] [29]: loss=0.377064, reward_mean=816.8, rw_bound=930.0
[2026-01-07 16:16:21] [29]: loss=0.371633, reward_mean=816.8, rw_bound=930.0
[2026-01-07 16:16:21] [29]: loss=0.368926, reward_mean=816.8, rw_bound=930.0
[2026-01-07 16:20:54] [30]: loss=0.424473, reward_mean=828.9, rw_bound=970.0
[2026-01-07 16:20:54] [30]: loss=0.449010, reward_mean=828.9, rw_bound=970.0
[2026-01-07 16:20:54] [30]: loss=0.554295, reward_mean=828.9, rw_bound=970.0
[2026-01-07 16:20:54] [30]: loss=0.535172, reward_mean=828.9, rw_bound=970.0
[2026-01-07 16:20:54] [30]: loss=0.445241, reward_mean=828.9, rw_bound=970.0
[2026-01-07 16:20:54] [30]: loss=0.438125, reward_mean=828.9, rw_bound=970.0
[2026-01-07 16:20:54] [30]: loss=0.436640, reward_mean=828.9, rw_bound=970.0
[2026-01-07 16:20:55] [30]: loss=0.400540, reward_mean=828.9, rw_bound=970.0
[2026-01-07 16:20:55] [30]: loss=0.410948, reward_mean=828.9, rw_bound=970.0
[2026-01-07 16:20:55] [30]: loss=0.382833, reward_mean=828.9, rw_bound=970.0
[2026-01-07 16:20:55] [30]: loss=0.387986, reward_mean=828.9, rw_bound=970.0
[2026-01-07 16:20:55] [30]: loss=0.370123, reward_mean=828.9, rw_bound=970.0
[2026-01-07 16:20:55] [30]: loss=0.371904, reward_mean=828.9, rw_bound=970.0
[2026-01-07 16:20:55] [30]: loss=0.354421, reward_mean=828.9, rw_bound=970.0
[2026-01-07 16:20:56] [30]: loss=0.356880, reward_mean=828.9, rw_bound=970.0
[2026-01-07 16:20:56] [30]: loss=0.341978, reward_mean=828.9, rw_bound=970.0
[2026-01-07 16:20:56] [30]: loss=0.341278, reward_mean=828.9, rw_bound=970.0
[2026-01-07 16:20:56] [30]: loss=0.332431, reward_mean=828.9, rw_bound=970.0
[2026-01-07 16:20:56] [30]: loss=0.326022, reward_mean=828.9, rw_bound=970.0
[2026-01-07 16:20:56] [30]: loss=0.323757, reward_mean=828.9, rw_bound=970.0
[2026-01-07 16:25:31] [31]: loss=0.408129, reward_mean=829.4, rw_bound=930.0
[2026-01-07 16:25:31] [31]: loss=0.421650, reward_mean=829.4, rw_bound=930.0
[2026-01-07 16:25:32] [31]: loss=0.405649, reward_mean=829.4, rw_bound=930.0
[2026-01-07 16:25:32] [31]: loss=0.398043, reward_mean=829.4, rw_bound=930.0
[2026-01-07 16:25:32] [31]: loss=0.390524, reward_mean=829.4, rw_bound=930.0
[2026-01-07 16:25:32] [31]: loss=0.383120, reward_mean=829.4, rw_bound=930.0
[2026-01-07 16:25:32] [31]: loss=0.367842, reward_mean=829.4, rw_bound=930.0
[2026-01-07 16:25:32] [31]: loss=0.362758, reward_mean=829.4, rw_bound=930.0
[2026-01-07 16:25:32] [31]: loss=0.352160, reward_mean=829.4, rw_bound=930.0
[2026-01-07 16:25:33] [31]: loss=0.346858, reward_mean=829.4, rw_bound=930.0
[2026-01-07 16:25:33] [31]: loss=0.336781, reward_mean=829.4, rw_bound=930.0
[2026-01-07 16:25:33] [31]: loss=0.332934, reward_mean=829.4, rw_bound=930.0
[2026-01-07 16:25:33] [31]: loss=0.325363, reward_mean=829.4, rw_bound=930.0
[2026-01-07 16:25:33] [31]: loss=0.317842, reward_mean=829.4, rw_bound=930.0
[2026-01-07 16:25:33] [31]: loss=0.314122, reward_mean=829.4, rw_bound=930.0
[2026-01-07 16:25:33] [31]: loss=0.308525, reward_mean=829.4, rw_bound=930.0
[2026-01-07 16:25:34] [31]: loss=0.299862, reward_mean=829.4, rw_bound=930.0
[2026-01-07 16:25:34] [31]: loss=0.296846, reward_mean=829.4, rw_bound=930.0
[2026-01-07 16:25:34] [31]: loss=0.291512, reward_mean=829.4, rw_bound=930.0
[2026-01-07 16:25:34] [31]: loss=0.286484, reward_mean=829.4, rw_bound=930.0
[2026-01-07 16:30:09] [32]: loss=0.355487, reward_mean=842.5, rw_bound=970.0
[2026-01-07 16:30:09] [32]: loss=0.353136, reward_mean=842.5, rw_bound=970.0
[2026-01-07 16:30:09] [32]: loss=0.349998, reward_mean=842.5, rw_bound=970.0
[2026-01-07 16:30:09] [32]: loss=0.350717, reward_mean=842.5, rw_bound=970.0
[2026-01-07 16:30:09] [32]: loss=0.366436, reward_mean=842.5, rw_bound=970.0
[2026-01-07 16:30:09] [32]: loss=0.405658, reward_mean=842.5, rw_bound=970.0
[2026-01-07 16:30:10] [32]: loss=0.368922, reward_mean=842.5, rw_bound=970.0
[2026-01-07 16:30:10] [32]: loss=0.322155, reward_mean=842.5, rw_bound=970.0
[2026-01-07 16:30:10] [32]: loss=0.320081, reward_mean=842.5, rw_bound=970.0
[2026-01-07 16:30:10] [32]: loss=0.329325, reward_mean=842.5, rw_bound=970.0
[2026-01-07 16:30:10] [32]: loss=0.303583, reward_mean=842.5, rw_bound=970.0
[2026-01-07 16:30:10] [32]: loss=0.294543, reward_mean=842.5, rw_bound=970.0
[2026-01-07 16:30:10] [32]: loss=0.306058, reward_mean=842.5, rw_bound=970.0
[2026-01-07 16:30:11] [32]: loss=0.278189, reward_mean=842.5, rw_bound=970.0
[2026-01-07 16:30:11] [32]: loss=0.280095, reward_mean=842.5, rw_bound=970.0
[2026-01-07 16:30:11] [32]: loss=0.278039, reward_mean=842.5, rw_bound=970.0
[2026-01-07 16:30:11] [32]: loss=0.264259, reward_mean=842.5, rw_bound=970.0
[2026-01-07 16:30:11] [32]: loss=0.260523, reward_mean=842.5, rw_bound=970.0
[2026-01-07 16:30:11] [32]: loss=0.261219, reward_mean=842.5, rw_bound=970.0
[2026-01-07 16:30:11] [32]: loss=0.247340, reward_mean=842.5, rw_bound=970.0
[2026-01-07 16:34:49] [33]: loss=0.330330, reward_mean=846.1, rw_bound=970.0
[2026-01-07 16:34:49] [33]: loss=0.339023, reward_mean=846.1, rw_bound=970.0
[2026-01-07 16:34:49] [33]: loss=0.339578, reward_mean=846.1, rw_bound=970.0
[2026-01-07 16:34:49] [33]: loss=0.328119, reward_mean=846.1, rw_bound=970.0
[2026-01-07 16:34:49] [33]: loss=0.306580, reward_mean=846.1, rw_bound=970.0
[2026-01-07 16:34:49] [33]: loss=0.308549, reward_mean=846.1, rw_bound=970.0
[2026-01-07 16:34:50] [33]: loss=0.301557, reward_mean=846.1, rw_bound=970.0
[2026-01-07 16:34:50] [33]: loss=0.285051, reward_mean=846.1, rw_bound=970.0
[2026-01-07 16:34:50] [33]: loss=0.276617, reward_mean=846.1, rw_bound=970.0
[2026-01-07 16:34:50] [33]: loss=0.277896, reward_mean=846.1, rw_bound=970.0
[2026-01-07 16:34:50] [33]: loss=0.266314, reward_mean=846.1, rw_bound=970.0
[2026-01-07 16:34:50] [33]: loss=0.257472, reward_mean=846.1, rw_bound=970.0
[2026-01-07 16:34:51] [33]: loss=0.256312, reward_mean=846.1, rw_bound=970.0
[2026-01-07 16:34:51] [33]: loss=0.248030, reward_mean=846.1, rw_bound=970.0
[2026-01-07 16:34:51] [33]: loss=0.240328, reward_mean=846.1, rw_bound=970.0
[2026-01-07 16:34:51] [33]: loss=0.239960, reward_mean=846.1, rw_bound=970.0
[2026-01-07 16:34:51] [33]: loss=0.233845, reward_mean=846.1, rw_bound=970.0
[2026-01-07 16:34:51] [33]: loss=0.226274, reward_mean=846.1, rw_bound=970.0
[2026-01-07 16:34:51] [33]: loss=0.225632, reward_mean=846.1, rw_bound=970.0
[2026-01-07 16:34:52] [33]: loss=0.221132, reward_mean=846.1, rw_bound=970.0
[2026-01-07 16:39:29] [34]: loss=0.307669, reward_mean=843.3, rw_bound=970.0
[2026-01-07 16:39:29] [34]: loss=0.312061, reward_mean=843.3, rw_bound=970.0
[2026-01-07 16:39:29] [34]: loss=0.318912, reward_mean=843.3, rw_bound=970.0
[2026-01-07 16:39:30] [34]: loss=0.326265, reward_mean=843.3, rw_bound=970.0
[2026-01-07 16:39:30] [34]: loss=0.349344, reward_mean=843.3, rw_bound=970.0
[2026-01-07 16:39:30] [34]: loss=0.337217, reward_mean=843.3, rw_bound=970.0
[2026-01-07 16:39:30] [34]: loss=0.285379, reward_mean=843.3, rw_bound=970.0
[2026-01-07 16:39:30] [34]: loss=0.272720, reward_mean=843.3, rw_bound=970.0
[2026-01-07 16:39:30] [34]: loss=0.294848, reward_mean=843.3, rw_bound=970.0
[2026-01-07 16:39:30] [34]: loss=0.272244, reward_mean=843.3, rw_bound=970.0
[2026-01-07 16:39:31] [34]: loss=0.253469, reward_mean=843.3, rw_bound=970.0
[2026-01-07 16:39:31] [34]: loss=0.261320, reward_mean=843.3, rw_bound=970.0
[2026-01-07 16:39:31] [34]: loss=0.241662, reward_mean=843.3, rw_bound=970.0
[2026-01-07 16:39:31] [34]: loss=0.241156, reward_mean=843.3, rw_bound=970.0
[2026-01-07 16:39:31] [34]: loss=0.237127, reward_mean=843.3, rw_bound=970.0
[2026-01-07 16:39:31] [34]: loss=0.222022, reward_mean=843.3, rw_bound=970.0
[2026-01-07 16:39:31] [34]: loss=0.226289, reward_mean=843.3, rw_bound=970.0
[2026-01-07 16:39:32] [34]: loss=0.217850, reward_mean=843.3, rw_bound=970.0
[2026-01-07 16:39:32] [34]: loss=0.209992, reward_mean=843.3, rw_bound=970.0
[2026-01-07 16:39:32] [34]: loss=0.211041, reward_mean=843.3, rw_bound=970.0
[2026-01-07 16:44:07] [35]: loss=0.291564, reward_mean=826.6, rw_bound=930.0
[2026-01-07 16:44:07] [35]: loss=0.307460, reward_mean=826.6, rw_bound=930.0
[2026-01-07 16:44:07] [35]: loss=0.295844, reward_mean=826.6, rw_bound=930.0
[2026-01-07 16:44:07] [35]: loss=0.281302, reward_mean=826.6, rw_bound=930.0
[2026-01-07 16:44:08] [35]: loss=0.273134, reward_mean=826.6, rw_bound=930.0
[2026-01-07 16:44:08] [35]: loss=0.273558, reward_mean=826.6, rw_bound=930.0
[2026-01-07 16:44:08] [35]: loss=0.256108, reward_mean=826.6, rw_bound=930.0
[2026-01-07 16:44:08] [35]: loss=0.252319, reward_mean=826.6, rw_bound=930.0
[2026-01-07 16:44:08] [35]: loss=0.248537, reward_mean=826.6, rw_bound=930.0
[2026-01-07 16:44:08] [35]: loss=0.239150, reward_mean=826.6, rw_bound=930.0
[2026-01-07 16:44:09] [35]: loss=0.233472, reward_mean=826.6, rw_bound=930.0
[2026-01-07 16:44:09] [35]: loss=0.231523, reward_mean=826.6, rw_bound=930.0
[2026-01-07 16:44:09] [35]: loss=0.223353, reward_mean=826.6, rw_bound=930.0
[2026-01-07 16:44:09] [35]: loss=0.219725, reward_mean=826.6, rw_bound=930.0
[2026-01-07 16:44:09] [35]: loss=0.216851, reward_mean=826.6, rw_bound=930.0
[2026-01-07 16:44:09] [35]: loss=0.211256, reward_mean=826.6, rw_bound=930.0
[2026-01-07 16:44:10] [35]: loss=0.207692, reward_mean=826.6, rw_bound=930.0
[2026-01-07 16:44:10] [35]: loss=0.205118, reward_mean=826.6, rw_bound=930.0
[2026-01-07 16:44:10] [35]: loss=0.200145, reward_mean=826.6, rw_bound=930.0
[2026-01-07 16:44:10] [35]: loss=0.197875, reward_mean=826.6, rw_bound=930.0
[2026-01-07 16:49:29] [36]: loss=0.260486, reward_mean=846.1, rw_bound=962.0
[2026-01-07 16:49:29] [36]: loss=0.259963, reward_mean=846.1, rw_bound=962.0
[2026-01-07 16:49:29] [36]: loss=0.255832, reward_mean=846.1, rw_bound=962.0
[2026-01-07 16:49:30] [36]: loss=0.245940, reward_mean=846.1, rw_bound=962.0
[2026-01-07 16:49:30] [36]: loss=0.232272, reward_mean=846.1, rw_bound=962.0
[2026-01-07 16:49:30] [36]: loss=0.225425, reward_mean=846.1, rw_bound=962.0
[2026-01-07 16:49:30] [36]: loss=0.222490, reward_mean=846.1, rw_bound=962.0
[2026-01-07 16:49:30] [36]: loss=0.219672, reward_mean=846.1, rw_bound=962.0
[2026-01-07 16:49:30] [36]: loss=0.218209, reward_mean=846.1, rw_bound=962.0
[2026-01-07 16:49:30] [36]: loss=0.218932, reward_mean=846.1, rw_bound=962.0
[2026-01-07 16:49:31] [36]: loss=0.226112, reward_mean=846.1, rw_bound=962.0
[2026-01-07 16:49:31] [36]: loss=0.212124, reward_mean=846.1, rw_bound=962.0
[2026-01-07 16:49:31] [36]: loss=0.195234, reward_mean=846.1, rw_bound=962.0
[2026-01-07 16:49:31] [36]: loss=0.184351, reward_mean=846.1, rw_bound=962.0
[2026-01-07 16:49:31] [36]: loss=0.189939, reward_mean=846.1, rw_bound=962.0
[2026-01-07 16:49:31] [36]: loss=0.187102, reward_mean=846.1, rw_bound=962.0
[2026-01-07 16:49:31] [36]: loss=0.172844, reward_mean=846.1, rw_bound=962.0
[2026-01-07 16:49:32] [36]: loss=0.173680, reward_mean=846.1, rw_bound=962.0
[2026-01-07 16:49:32] [36]: loss=0.175331, reward_mean=846.1, rw_bound=962.0
[2026-01-07 16:49:32] [36]: loss=0.164217, reward_mean=846.1, rw_bound=962.0
[2026-01-07 16:54:09] [37]: loss=0.237417, reward_mean=846.3, rw_bound=970.0
[2026-01-07 16:54:09] [37]: loss=0.239413, reward_mean=846.3, rw_bound=970.0
[2026-01-07 16:54:09] [37]: loss=0.242940, reward_mean=846.3, rw_bound=970.0
[2026-01-07 16:54:10] [37]: loss=0.238742, reward_mean=846.3, rw_bound=970.0
[2026-01-07 16:54:10] [37]: loss=0.226832, reward_mean=846.3, rw_bound=970.0
[2026-01-07 16:54:10] [37]: loss=0.216576, reward_mean=846.3, rw_bound=970.0
[2026-01-07 16:54:10] [37]: loss=0.205776, reward_mean=846.3, rw_bound=970.0
[2026-01-07 16:54:10] [37]: loss=0.198258, reward_mean=846.3, rw_bound=970.0
[2026-01-07 16:54:10] [37]: loss=0.196001, reward_mean=846.3, rw_bound=970.0
[2026-01-07 16:54:11] [37]: loss=0.188488, reward_mean=846.3, rw_bound=970.0
[2026-01-07 16:54:11] [37]: loss=0.179706, reward_mean=846.3, rw_bound=970.0
[2026-01-07 16:54:11] [37]: loss=0.176330, reward_mean=846.3, rw_bound=970.0
[2026-01-07 16:54:11] [37]: loss=0.174702, reward_mean=846.3, rw_bound=970.0
[2026-01-07 16:54:11] [37]: loss=0.167371, reward_mean=846.3, rw_bound=970.0
[2026-01-07 16:54:11] [37]: loss=0.163219, reward_mean=846.3, rw_bound=970.0
[2026-01-07 16:54:12] [37]: loss=0.162450, reward_mean=846.3, rw_bound=970.0
[2026-01-07 16:54:12] [37]: loss=0.156741, reward_mean=846.3, rw_bound=970.0
[2026-01-07 16:54:12] [37]: loss=0.152832, reward_mean=846.3, rw_bound=970.0
[2026-01-07 16:54:12] [37]: loss=0.152114, reward_mean=846.3, rw_bound=970.0
[2026-01-07 16:54:12] [37]: loss=0.148267, reward_mean=846.3, rw_bound=970.0
[2026-01-07 16:58:50] [38]: loss=0.226812, reward_mean=876.2, rw_bound=990.0
[2026-01-07 16:58:50] [38]: loss=0.224781, reward_mean=876.2, rw_bound=990.0
[2026-01-07 16:58:51] [38]: loss=0.225921, reward_mean=876.2, rw_bound=990.0
[2026-01-07 16:58:51] [38]: loss=0.248327, reward_mean=876.2, rw_bound=990.0
[2026-01-07 16:58:51] [38]: loss=0.331660, reward_mean=876.2, rw_bound=990.0
[2026-01-07 16:58:51] [38]: loss=0.359552, reward_mean=876.2, rw_bound=990.0
[2026-01-07 16:58:51] [38]: loss=0.280489, reward_mean=876.2, rw_bound=990.0
[2026-01-07 16:58:51] [38]: loss=0.266284, reward_mean=876.2, rw_bound=990.0
[2026-01-07 16:58:52] [38]: loss=0.315532, reward_mean=876.2, rw_bound=990.0
[2026-01-07 16:58:52] [38]: loss=0.204331, reward_mean=876.2, rw_bound=990.0
[2026-01-07 16:58:52] [38]: loss=0.266847, reward_mean=876.2, rw_bound=990.0
[2026-01-07 16:58:52] [38]: loss=0.208518, reward_mean=876.2, rw_bound=990.0
[2026-01-07 16:58:52] [38]: loss=0.223062, reward_mean=876.2, rw_bound=990.0
[2026-01-07 16:58:52] [38]: loss=0.198154, reward_mean=876.2, rw_bound=990.0
[2026-01-07 16:58:52] [38]: loss=0.199554, reward_mean=876.2, rw_bound=990.0
[2026-01-07 16:58:53] [38]: loss=0.184604, reward_mean=876.2, rw_bound=990.0
[2026-01-07 16:58:53] [38]: loss=0.184462, reward_mean=876.2, rw_bound=990.0
[2026-01-07 16:58:53] [38]: loss=0.174655, reward_mean=876.2, rw_bound=990.0
[2026-01-07 16:58:53] [38]: loss=0.176090, reward_mean=876.2, rw_bound=990.0
[2026-01-07 16:58:53] [38]: loss=0.161581, reward_mean=876.2, rw_bound=990.0
[2026-01-07 17:03:29] [39]: loss=0.230521, reward_mean=835.6, rw_bound=950.0
[2026-01-07 17:03:29] [39]: loss=0.249511, reward_mean=835.6, rw_bound=950.0
[2026-01-07 17:03:29] [39]: loss=0.230979, reward_mean=835.6, rw_bound=950.0
[2026-01-07 17:03:30] [39]: loss=0.225097, reward_mean=835.6, rw_bound=950.0
[2026-01-07 17:03:30] [39]: loss=0.215698, reward_mean=835.6, rw_bound=950.0
[2026-01-07 17:03:30] [39]: loss=0.211840, reward_mean=835.6, rw_bound=950.0
[2026-01-07 17:03:30] [39]: loss=0.200061, reward_mean=835.6, rw_bound=950.0
[2026-01-07 17:03:30] [39]: loss=0.195124, reward_mean=835.6, rw_bound=950.0
[2026-01-07 17:03:30] [39]: loss=0.189538, reward_mean=835.6, rw_bound=950.0
[2026-01-07 17:03:30] [39]: loss=0.182301, reward_mean=835.6, rw_bound=950.0
[2026-01-07 17:03:31] [39]: loss=0.179196, reward_mean=835.6, rw_bound=950.0
[2026-01-07 17:03:31] [39]: loss=0.172845, reward_mean=835.6, rw_bound=950.0
[2026-01-07 17:03:31] [39]: loss=0.168986, reward_mean=835.6, rw_bound=950.0
[2026-01-07 17:03:31] [39]: loss=0.165668, reward_mean=835.6, rw_bound=950.0
[2026-01-07 17:03:31] [39]: loss=0.160506, reward_mean=835.6, rw_bound=950.0
[2026-01-07 17:03:31] [39]: loss=0.158377, reward_mean=835.6, rw_bound=950.0
[2026-01-07 17:03:31] [39]: loss=0.154171, reward_mean=835.6, rw_bound=950.0
[2026-01-07 17:03:32] [39]: loss=0.151542, reward_mean=835.6, rw_bound=950.0
[2026-01-07 17:03:32] [39]: loss=0.148597, reward_mean=835.6, rw_bound=950.0
[2026-01-07 17:03:32] [39]: loss=0.145593, reward_mean=835.6, rw_bound=950.0
[2026-01-07 17:08:10] [40]: loss=0.213943, reward_mean=843.9, rw_bound=950.0
[2026-01-07 17:08:10] [40]: loss=0.214846, reward_mean=843.9, rw_bound=950.0
[2026-01-07 17:08:10] [40]: loss=0.208021, reward_mean=843.9, rw_bound=950.0
[2026-01-07 17:08:10] [40]: loss=0.199614, reward_mean=843.9, rw_bound=950.0
[2026-01-07 17:08:10] [40]: loss=0.194359, reward_mean=843.9, rw_bound=950.0
[2026-01-07 17:08:10] [40]: loss=0.189155, reward_mean=843.9, rw_bound=950.0
[2026-01-07 17:08:11] [40]: loss=0.181529, reward_mean=843.9, rw_bound=950.0
[2026-01-07 17:08:11] [40]: loss=0.176756, reward_mean=843.9, rw_bound=950.0
[2026-01-07 17:08:11] [40]: loss=0.172293, reward_mean=843.9, rw_bound=950.0
[2026-01-07 17:08:11] [40]: loss=0.166384, reward_mean=843.9, rw_bound=950.0
[2026-01-07 17:08:11] [40]: loss=0.162086, reward_mean=843.9, rw_bound=950.0
[2026-01-07 17:08:11] [40]: loss=0.158794, reward_mean=843.9, rw_bound=950.0
[2026-01-07 17:08:12] [40]: loss=0.153654, reward_mean=843.9, rw_bound=950.0
[2026-01-07 17:08:12] [40]: loss=0.150853, reward_mean=843.9, rw_bound=950.0
[2026-01-07 17:08:12] [40]: loss=0.147332, reward_mean=843.9, rw_bound=950.0
[2026-01-07 17:08:12] [40]: loss=0.143992, reward_mean=843.9, rw_bound=950.0
[2026-01-07 17:08:12] [40]: loss=0.141514, reward_mean=843.9, rw_bound=950.0
[2026-01-07 17:08:12] [40]: loss=0.138641, reward_mean=843.9, rw_bound=950.0
[2026-01-07 17:08:13] [40]: loss=0.136107, reward_mean=843.9, rw_bound=950.0
[2026-01-07 17:08:13] [40]: loss=0.133854, reward_mean=843.9, rw_bound=950.0
[2026-01-07 17:12:49] [41]: loss=0.202873, reward_mean=850.6, rw_bound=990.0
[2026-01-07 17:12:49] [41]: loss=0.198080, reward_mean=850.6, rw_bound=990.0
[2026-01-07 17:12:49] [41]: loss=0.191892, reward_mean=850.6, rw_bound=990.0
[2026-01-07 17:12:49] [41]: loss=0.185504, reward_mean=850.6, rw_bound=990.0
[2026-01-07 17:12:49] [41]: loss=0.180009, reward_mean=850.6, rw_bound=990.0
[2026-01-07 17:12:49] [41]: loss=0.173052, reward_mean=850.6, rw_bound=990.0
[2026-01-07 17:12:50] [41]: loss=0.165240, reward_mean=850.6, rw_bound=990.0
[2026-01-07 17:12:50] [41]: loss=0.157142, reward_mean=850.6, rw_bound=990.0
[2026-01-07 17:12:50] [41]: loss=0.150927, reward_mean=850.6, rw_bound=990.0
[2026-01-07 17:12:50] [41]: loss=0.147042, reward_mean=850.6, rw_bound=990.0
[2026-01-07 17:12:50] [41]: loss=0.144008, reward_mean=850.6, rw_bound=990.0
[2026-01-07 17:12:50] [41]: loss=0.141382, reward_mean=850.6, rw_bound=990.0
[2026-01-07 17:12:50] [41]: loss=0.137083, reward_mean=850.6, rw_bound=990.0
[2026-01-07 17:12:51] [41]: loss=0.132202, reward_mean=850.6, rw_bound=990.0
[2026-01-07 17:12:51] [41]: loss=0.128452, reward_mean=850.6, rw_bound=990.0
[2026-01-07 17:12:51] [41]: loss=0.126513, reward_mean=850.6, rw_bound=990.0
[2026-01-07 17:12:51] [41]: loss=0.124754, reward_mean=850.6, rw_bound=990.0
[2026-01-07 17:12:51] [41]: loss=0.121664, reward_mean=850.6, rw_bound=990.0
[2026-01-07 17:12:51] [41]: loss=0.118644, reward_mean=850.6, rw_bound=990.0
[2026-01-07 17:12:51] [41]: loss=0.116190, reward_mean=850.6, rw_bound=990.0
[2026-01-07 17:17:29] [42]: loss=0.181685, reward_mean=850.4, rw_bound=972.0
[2026-01-07 17:17:29] [42]: loss=0.177989, reward_mean=850.4, rw_bound=972.0
[2026-01-07 17:17:29] [42]: loss=0.174491, reward_mean=850.4, rw_bound=972.0
[2026-01-07 17:17:29] [42]: loss=0.180818, reward_mean=850.4, rw_bound=972.0
[2026-01-07 17:17:29] [42]: loss=0.212172, reward_mean=850.4, rw_bound=972.0
[2026-01-07 17:17:29] [42]: loss=0.232718, reward_mean=850.4, rw_bound=972.0
[2026-01-07 17:17:30] [42]: loss=0.229848, reward_mean=850.4, rw_bound=972.0
[2026-01-07 17:17:30] [42]: loss=0.164571, reward_mean=850.4, rw_bound=972.0
[2026-01-07 17:17:30] [42]: loss=0.176556, reward_mean=850.4, rw_bound=972.0
[2026-01-07 17:17:30] [42]: loss=0.175208, reward_mean=850.4, rw_bound=972.0
[2026-01-07 17:17:30] [42]: loss=0.139389, reward_mean=850.4, rw_bound=972.0
[2026-01-07 17:17:30] [42]: loss=0.159323, reward_mean=850.4, rw_bound=972.0
[2026-01-07 17:17:30] [42]: loss=0.138834, reward_mean=850.4, rw_bound=972.0
[2026-01-07 17:17:31] [42]: loss=0.136739, reward_mean=850.4, rw_bound=972.0
[2026-01-07 17:17:31] [42]: loss=0.137320, reward_mean=850.4, rw_bound=972.0
[2026-01-07 17:17:31] [42]: loss=0.125165, reward_mean=850.4, rw_bound=972.0
[2026-01-07 17:17:31] [42]: loss=0.129105, reward_mean=850.4, rw_bound=972.0
[2026-01-07 17:17:31] [42]: loss=0.120472, reward_mean=850.4, rw_bound=972.0
[2026-01-07 17:17:31] [42]: loss=0.120304, reward_mean=850.4, rw_bound=972.0
[2026-01-07 17:17:31] [42]: loss=0.115559, reward_mean=850.4, rw_bound=972.0
[2026-01-07 17:22:08] [43]: loss=0.181657, reward_mean=863.8, rw_bound=1000.0
[2026-01-07 17:22:08] [43]: loss=0.190809, reward_mean=863.8, rw_bound=1000.0
[2026-01-07 17:22:08] [43]: loss=0.174744, reward_mean=863.8, rw_bound=1000.0
[2026-01-07 17:22:09] [43]: loss=0.169682, reward_mean=863.8, rw_bound=1000.0
[2026-01-07 17:22:09] [43]: loss=0.163611, reward_mean=863.8, rw_bound=1000.0
[2026-01-07 17:22:09] [43]: loss=0.153805, reward_mean=863.8, rw_bound=1000.0
[2026-01-07 17:22:09] [43]: loss=0.150517, reward_mean=863.8, rw_bound=1000.0
[2026-01-07 17:22:09] [43]: loss=0.143162, reward_mean=863.8, rw_bound=1000.0
[2026-01-07 17:22:09] [43]: loss=0.140865, reward_mean=863.8, rw_bound=1000.0
[2026-01-07 17:22:09] [43]: loss=0.131929, reward_mean=863.8, rw_bound=1000.0
[2026-01-07 17:22:10] [43]: loss=0.132093, reward_mean=863.8, rw_bound=1000.0
[2026-01-07 17:22:10] [43]: loss=0.125473, reward_mean=863.8, rw_bound=1000.0
[2026-01-07 17:22:10] [43]: loss=0.123492, reward_mean=863.8, rw_bound=1000.0
[2026-01-07 17:22:10] [43]: loss=0.120223, reward_mean=863.8, rw_bound=1000.0
[2026-01-07 17:22:10] [43]: loss=0.116515, reward_mean=863.8, rw_bound=1000.0
[2026-01-07 17:22:10] [43]: loss=0.115396, reward_mean=863.8, rw_bound=1000.0
[2026-01-07 17:22:10] [43]: loss=0.111684, reward_mean=863.8, rw_bound=1000.0
[2026-01-07 17:22:11] [43]: loss=0.110316, reward_mean=863.8, rw_bound=1000.0
[2026-01-07 17:22:11] [43]: loss=0.107743, reward_mean=863.8, rw_bound=1000.0
[2026-01-07 17:22:11] [43]: loss=0.106325, reward_mean=863.8, rw_bound=1000.0
[2026-01-07 17:26:51] [44]: loss=0.168298, reward_mean=863.2, rw_bound=980.0
[2026-01-07 17:26:51] [44]: loss=0.167387, reward_mean=863.2, rw_bound=980.0
[2026-01-07 17:26:51] [44]: loss=0.162928, reward_mean=863.2, rw_bound=980.0
[2026-01-07 17:26:52] [44]: loss=0.159220, reward_mean=863.2, rw_bound=980.0
[2026-01-07 17:26:52] [44]: loss=0.153825, reward_mean=863.2, rw_bound=980.0
[2026-01-07 17:26:52] [44]: loss=0.149545, reward_mean=863.2, rw_bound=980.0
[2026-01-07 17:26:52] [44]: loss=0.142237, reward_mean=863.2, rw_bound=980.0
[2026-01-07 17:26:52] [44]: loss=0.133334, reward_mean=863.2, rw_bound=980.0
[2026-01-07 17:26:52] [44]: loss=0.127584, reward_mean=863.2, rw_bound=980.0
[2026-01-07 17:26:53] [44]: loss=0.125329, reward_mean=863.2, rw_bound=980.0
[2026-01-07 17:26:53] [44]: loss=0.123464, reward_mean=863.2, rw_bound=980.0
[2026-01-07 17:26:53] [44]: loss=0.120498, reward_mean=863.2, rw_bound=980.0
[2026-01-07 17:26:53] [44]: loss=0.117078, reward_mean=863.2, rw_bound=980.0
[2026-01-07 17:26:53] [44]: loss=0.111225, reward_mean=863.2, rw_bound=980.0
[2026-01-07 17:26:53] [44]: loss=0.109375, reward_mean=863.2, rw_bound=980.0
[2026-01-07 17:26:54] [44]: loss=0.108929, reward_mean=863.2, rw_bound=980.0
[2026-01-07 17:26:54] [44]: loss=0.107689, reward_mean=863.2, rw_bound=980.0
[2026-01-07 17:26:54] [44]: loss=0.105208, reward_mean=863.2, rw_bound=980.0
[2026-01-07 17:26:54] [44]: loss=0.102222, reward_mean=863.2, rw_bound=980.0
[2026-01-07 17:26:54] [44]: loss=0.099961, reward_mean=863.2, rw_bound=980.0
[2026-01-07 17:31:33] [45]: loss=0.153664, reward_mean=871.4, rw_bound=1002.0
[2026-01-07 17:31:33] [45]: loss=0.150415, reward_mean=871.4, rw_bound=1002.0
[2026-01-07 17:31:33] [45]: loss=0.149751, reward_mean=871.4, rw_bound=1002.0
[2026-01-07 17:31:33] [45]: loss=0.161875, reward_mean=871.4, rw_bound=1002.0
[2026-01-07 17:31:33] [45]: loss=0.189877, reward_mean=871.4, rw_bound=1002.0
[2026-01-07 17:31:34] [45]: loss=0.236673, reward_mean=871.4, rw_bound=1002.0
[2026-01-07 17:31:34] [45]: loss=0.206411, reward_mean=871.4, rw_bound=1002.0
[2026-01-07 17:31:34] [45]: loss=0.136198, reward_mean=871.4, rw_bound=1002.0
[2026-01-07 17:31:34] [45]: loss=0.157336, reward_mean=871.4, rw_bound=1002.0
[2026-01-07 17:31:34] [45]: loss=0.196290, reward_mean=871.4, rw_bound=1002.0
[2026-01-07 17:31:34] [45]: loss=0.164286, reward_mean=871.4, rw_bound=1002.0
[2026-01-07 17:31:34] [45]: loss=0.134721, reward_mean=871.4, rw_bound=1002.0
[2026-01-07 17:31:35] [45]: loss=0.152797, reward_mean=871.4, rw_bound=1002.0
[2026-01-07 17:31:35] [45]: loss=0.130770, reward_mean=871.4, rw_bound=1002.0
[2026-01-07 17:31:35] [45]: loss=0.132730, reward_mean=871.4, rw_bound=1002.0
[2026-01-07 17:31:35] [45]: loss=0.125537, reward_mean=871.4, rw_bound=1002.0
[2026-01-07 17:31:35] [45]: loss=0.119190, reward_mean=871.4, rw_bound=1002.0
[2026-01-07 17:31:35] [45]: loss=0.111582, reward_mean=871.4, rw_bound=1002.0
[2026-01-07 17:31:35] [45]: loss=0.111915, reward_mean=871.4, rw_bound=1002.0
[2026-01-07 17:31:35] [45]: loss=0.105994, reward_mean=871.4, rw_bound=1002.0
[2026-01-07 17:36:13] [46]: loss=0.149582, reward_mean=863.3, rw_bound=970.0
[2026-01-07 17:36:13] [46]: loss=0.160614, reward_mean=863.3, rw_bound=970.0
[2026-01-07 17:36:13] [46]: loss=0.155120, reward_mean=863.3, rw_bound=970.0
[2026-01-07 17:36:14] [46]: loss=0.147079, reward_mean=863.3, rw_bound=970.0
[2026-01-07 17:36:14] [46]: loss=0.133060, reward_mean=863.3, rw_bound=970.0
[2026-01-07 17:36:14] [46]: loss=0.134189, reward_mean=863.3, rw_bound=970.0
[2026-01-07 17:36:14] [46]: loss=0.125371, reward_mean=863.3, rw_bound=970.0
[2026-01-07 17:36:14] [46]: loss=0.118873, reward_mean=863.3, rw_bound=970.0
[2026-01-07 17:36:14] [46]: loss=0.116214, reward_mean=863.3, rw_bound=970.0
[2026-01-07 17:36:14] [46]: loss=0.111026, reward_mean=863.3, rw_bound=970.0
[2026-01-07 17:36:15] [46]: loss=0.105327, reward_mean=863.3, rw_bound=970.0
[2026-01-07 17:36:15] [46]: loss=0.105685, reward_mean=863.3, rw_bound=970.0
[2026-01-07 17:36:15] [46]: loss=0.099038, reward_mean=863.3, rw_bound=970.0
[2026-01-07 17:36:15] [46]: loss=0.098238, reward_mean=863.3, rw_bound=970.0
[2026-01-07 17:36:15] [46]: loss=0.094871, reward_mean=863.3, rw_bound=970.0
[2026-01-07 17:36:15] [46]: loss=0.092364, reward_mean=863.3, rw_bound=970.0
[2026-01-07 17:36:16] [46]: loss=0.090558, reward_mean=863.3, rw_bound=970.0
[2026-01-07 17:36:16] [46]: loss=0.087905, reward_mean=863.3, rw_bound=970.0
[2026-01-07 17:36:16] [46]: loss=0.086862, reward_mean=863.3, rw_bound=970.0
[2026-01-07 17:36:16] [46]: loss=0.084583, reward_mean=863.3, rw_bound=970.0
[2026-01-07 17:40:52] [47]: loss=0.134743, reward_mean=875.0, rw_bound=1000.0
[2026-01-07 17:40:53] [47]: loss=0.131089, reward_mean=875.0, rw_bound=1000.0
[2026-01-07 17:40:53] [47]: loss=0.124193, reward_mean=875.0, rw_bound=1000.0
[2026-01-07 17:40:53] [47]: loss=0.118054, reward_mean=875.0, rw_bound=1000.0
[2026-01-07 17:40:53] [47]: loss=0.112374, reward_mean=875.0, rw_bound=1000.0
[2026-01-07 17:40:53] [47]: loss=0.107629, reward_mean=875.0, rw_bound=1000.0
[2026-01-07 17:40:53] [47]: loss=0.102433, reward_mean=875.0, rw_bound=1000.0
[2026-01-07 17:40:53] [47]: loss=0.098818, reward_mean=875.0, rw_bound=1000.0
[2026-01-07 17:40:54] [47]: loss=0.094830, reward_mean=875.0, rw_bound=1000.0
[2026-01-07 17:40:54] [47]: loss=0.091469, reward_mean=875.0, rw_bound=1000.0
[2026-01-07 17:40:54] [47]: loss=0.088442, reward_mean=875.0, rw_bound=1000.0
[2026-01-07 17:40:54] [47]: loss=0.085712, reward_mean=875.0, rw_bound=1000.0
[2026-01-07 17:40:54] [47]: loss=0.083335, reward_mean=875.0, rw_bound=1000.0
[2026-01-07 17:40:54] [47]: loss=0.081371, reward_mean=875.0, rw_bound=1000.0
[2026-01-07 17:40:55] [47]: loss=0.079308, reward_mean=875.0, rw_bound=1000.0
[2026-01-07 17:40:55] [47]: loss=0.077558, reward_mean=875.0, rw_bound=1000.0
[2026-01-07 17:40:55] [47]: loss=0.075797, reward_mean=875.0, rw_bound=1000.0
[2026-01-07 17:40:55] [47]: loss=0.074293, reward_mean=875.0, rw_bound=1000.0
[2026-01-07 17:40:55] [47]: loss=0.072797, reward_mean=875.0, rw_bound=1000.0
[2026-01-07 17:40:55] [47]: loss=0.071523, reward_mean=875.0, rw_bound=1000.0
[2026-01-07 17:45:32] [48]: loss=0.131291, reward_mean=874.7, rw_bound=990.0
[2026-01-07 17:45:32] [48]: loss=0.126622, reward_mean=874.7, rw_bound=990.0
[2026-01-07 17:45:32] [48]: loss=0.121193, reward_mean=874.7, rw_bound=990.0
[2026-01-07 17:45:32] [48]: loss=0.115349, reward_mean=874.7, rw_bound=990.0
[2026-01-07 17:45:33] [48]: loss=0.109643, reward_mean=874.7, rw_bound=990.0
[2026-01-07 17:45:33] [48]: loss=0.104576, reward_mean=874.7, rw_bound=990.0
[2026-01-07 17:45:33] [48]: loss=0.099474, reward_mean=874.7, rw_bound=990.0
[2026-01-07 17:45:33] [48]: loss=0.095439, reward_mean=874.7, rw_bound=990.0
[2026-01-07 17:45:33] [48]: loss=0.092212, reward_mean=874.7, rw_bound=990.0
[2026-01-07 17:45:33] [48]: loss=0.089044, reward_mean=874.7, rw_bound=990.0
[2026-01-07 17:45:33] [48]: loss=0.086102, reward_mean=874.7, rw_bound=990.0
[2026-01-07 17:45:34] [48]: loss=0.083366, reward_mean=874.7, rw_bound=990.0
[2026-01-07 17:45:34] [48]: loss=0.081193, reward_mean=874.7, rw_bound=990.0
[2026-01-07 17:45:34] [48]: loss=0.079162, reward_mean=874.7, rw_bound=990.0
[2026-01-07 17:45:34] [48]: loss=0.077229, reward_mean=874.7, rw_bound=990.0
[2026-01-07 17:45:34] [48]: loss=0.075520, reward_mean=874.7, rw_bound=990.0
[2026-01-07 17:45:34] [48]: loss=0.074071, reward_mean=874.7, rw_bound=990.0
[2026-01-07 17:45:35] [48]: loss=0.072638, reward_mean=874.7, rw_bound=990.0
[2026-01-07 17:45:35] [48]: loss=0.071426, reward_mean=874.7, rw_bound=990.0
[2026-01-07 17:45:35] [48]: loss=0.070230, reward_mean=874.7, rw_bound=990.0
[2026-01-07 17:50:11] [49]: loss=0.119982, reward_mean=879.6, rw_bound=992.0
[2026-01-07 17:50:11] [49]: loss=0.115977, reward_mean=879.6, rw_bound=992.0
[2026-01-07 17:50:11] [49]: loss=0.115138, reward_mean=879.6, rw_bound=992.0
[2026-01-07 17:50:12] [49]: loss=0.132261, reward_mean=879.6, rw_bound=992.0
[2026-01-07 17:50:12] [49]: loss=0.186506, reward_mean=879.6, rw_bound=992.0
[2026-01-07 17:50:12] [49]: loss=0.203370, reward_mean=879.6, rw_bound=992.0
[2026-01-07 17:50:12] [49]: loss=0.161742, reward_mean=879.6, rw_bound=992.0
[2026-01-07 17:50:12] [49]: loss=0.161333, reward_mean=879.6, rw_bound=992.0
[2026-01-07 17:50:12] [49]: loss=0.137996, reward_mean=879.6, rw_bound=992.0
[2026-01-07 17:50:12] [49]: loss=0.127814, reward_mean=879.6, rw_bound=992.0
[2026-01-07 17:50:13] [49]: loss=0.121817, reward_mean=879.6, rw_bound=992.0
[2026-01-07 17:50:13] [49]: loss=0.106191, reward_mean=879.6, rw_bound=992.0
[2026-01-07 17:50:13] [49]: loss=0.108058, reward_mean=879.6, rw_bound=992.0
[2026-01-07 17:50:13] [49]: loss=0.094712, reward_mean=879.6, rw_bound=992.0
[2026-01-07 17:50:13] [49]: loss=0.097974, reward_mean=879.6, rw_bound=992.0
[2026-01-07 17:50:13] [49]: loss=0.090284, reward_mean=879.6, rw_bound=992.0
[2026-01-07 17:50:13] [49]: loss=0.084805, reward_mean=879.6, rw_bound=992.0
[2026-01-07 17:50:14] [49]: loss=0.085717, reward_mean=879.6, rw_bound=992.0
[2026-01-07 17:50:14] [49]: loss=0.076961, reward_mean=879.6, rw_bound=992.0
[2026-01-07 17:50:14] [49]: loss=0.079492, reward_mean=879.6, rw_bound=992.0
[2026-01-07 17:54:50] [50]: loss=0.120990, reward_mean=881.5, rw_bound=1020.0
[2026-01-07 17:54:50] [50]: loss=0.128685, reward_mean=881.5, rw_bound=1020.0
[2026-01-07 17:54:51] [50]: loss=0.117244, reward_mean=881.5, rw_bound=1020.0
[2026-01-07 17:54:51] [50]: loss=0.110686, reward_mean=881.5, rw_bound=1020.0
[2026-01-07 17:54:51] [50]: loss=0.107625, reward_mean=881.5, rw_bound=1020.0
[2026-01-07 17:54:51] [50]: loss=0.099480, reward_mean=881.5, rw_bound=1020.0
[2026-01-07 17:54:51] [50]: loss=0.096385, reward_mean=881.5, rw_bound=1020.0
[2026-01-07 17:54:51] [50]: loss=0.091732, reward_mean=881.5, rw_bound=1020.0
[2026-01-07 17:54:51] [50]: loss=0.087660, reward_mean=881.5, rw_bound=1020.0
[2026-01-07 17:54:52] [50]: loss=0.085493, reward_mean=881.5, rw_bound=1020.0
[2026-01-07 17:54:52] [50]: loss=0.081706, reward_mean=881.5, rw_bound=1020.0
[2026-01-07 17:54:52] [50]: loss=0.079312, reward_mean=881.5, rw_bound=1020.0
[2026-01-07 17:54:52] [50]: loss=0.077513, reward_mean=881.5, rw_bound=1020.0
[2026-01-07 17:54:52] [50]: loss=0.074498, reward_mean=881.5, rw_bound=1020.0
[2026-01-07 17:54:52] [50]: loss=0.074026, reward_mean=881.5, rw_bound=1020.0
[2026-01-07 17:54:52] [50]: loss=0.071071, reward_mean=881.5, rw_bound=1020.0
[2026-01-07 17:54:53] [50]: loss=0.070345, reward_mean=881.5, rw_bound=1020.0
[2026-01-07 17:54:53] [50]: loss=0.068852, reward_mean=881.5, rw_bound=1020.0
[2026-01-07 17:54:53] [50]: loss=0.067073, reward_mean=881.5, rw_bound=1020.0
[2026-01-07 17:54:53] [50]: loss=0.066399, reward_mean=881.5, rw_bound=1020.0
