[2026-01-06 22:21:14] project: galaxian
[2026-01-06 22:21:14] logger/dir: logger
[2026-01-06 22:21:14] env/max_episode_steps: 200
[2026-01-06 22:21:14] train/lr: 1e-3
[2026-01-06 22:21:14] sampling/percentile: 80
[2026-01-06 22:21:14] sampling/batch_size: 300
[2026-01-06 22:21:14] sampling/epochs: 50
[2026-01-06 22:21:14] export/tensorboard: runs
[2026-01-06 22:21:14] export/video_folder: video
[2026-01-06 22:21:14] export/model: galaxian.pth
[2026-01-06 22:21:14] session_id: broken_moon_c93b
[2026-01-06 22:23:50] [1]: loss=1.791561, reward_mean=240.9, rw_bound=310.0
[2026-01-06 22:23:50] [1]: loss=1.819232, reward_mean=240.9, rw_bound=310.0
[2026-01-06 22:23:50] [1]: loss=1.792049, reward_mean=240.9, rw_bound=310.0
[2026-01-06 22:23:50] [1]: loss=1.791849, reward_mean=240.9, rw_bound=310.0
[2026-01-06 22:23:50] [1]: loss=1.791634, reward_mean=240.9, rw_bound=310.0
[2026-01-06 22:23:50] [1]: loss=1.791528, reward_mean=240.9, rw_bound=310.0
[2026-01-06 22:23:50] [1]: loss=1.791520, reward_mean=240.9, rw_bound=310.0
[2026-01-06 22:23:50] [1]: loss=1.791451, reward_mean=240.9, rw_bound=310.0
[2026-01-06 22:23:50] [1]: loss=1.791397, reward_mean=240.9, rw_bound=310.0
[2026-01-06 22:23:50] [1]: loss=1.791317, reward_mean=240.9, rw_bound=310.0
[2026-01-06 22:23:50] [1]: loss=1.791204, reward_mean=240.9, rw_bound=310.0
[2026-01-06 22:23:50] [1]: loss=1.791057, reward_mean=240.9, rw_bound=310.0
[2026-01-06 22:23:51] [1]: loss=1.790935, reward_mean=240.9, rw_bound=310.0
[2026-01-06 22:23:51] [1]: loss=1.790871, reward_mean=240.9, rw_bound=310.0
[2026-01-06 22:23:51] [1]: loss=1.790766, reward_mean=240.9, rw_bound=310.0
[2026-01-06 22:23:51] [1]: loss=1.790600, reward_mean=240.9, rw_bound=310.0
[2026-01-06 22:23:51] [1]: loss=1.790482, reward_mean=240.9, rw_bound=310.0
[2026-01-06 22:23:51] [1]: loss=1.790285, reward_mean=240.9, rw_bound=310.0
[2026-01-06 22:23:51] [1]: loss=1.790119, reward_mean=240.9, rw_bound=310.0
[2026-01-06 22:23:51] [1]: loss=1.789911, reward_mean=240.9, rw_bound=310.0
[2026-01-06 22:26:33] [2]: loss=1.790771, reward_mean=239.4, rw_bound=310.0
[2026-01-06 22:26:33] [2]: loss=1.790845, reward_mean=239.4, rw_bound=310.0
[2026-01-06 22:26:33] [2]: loss=1.790888, reward_mean=239.4, rw_bound=310.0
[2026-01-06 22:26:33] [2]: loss=1.790464, reward_mean=239.4, rw_bound=310.0
[2026-01-06 22:26:33] [2]: loss=1.790142, reward_mean=239.4, rw_bound=310.0
[2026-01-06 22:26:33] [2]: loss=1.789904, reward_mean=239.4, rw_bound=310.0
[2026-01-06 22:26:33] [2]: loss=1.789609, reward_mean=239.4, rw_bound=310.0
[2026-01-06 22:26:33] [2]: loss=1.789432, reward_mean=239.4, rw_bound=310.0
[2026-01-06 22:26:33] [2]: loss=1.789099, reward_mean=239.4, rw_bound=310.0
[2026-01-06 22:26:34] [2]: loss=1.788799, reward_mean=239.4, rw_bound=310.0
[2026-01-06 22:26:34] [2]: loss=1.788401, reward_mean=239.4, rw_bound=310.0
[2026-01-06 22:26:34] [2]: loss=1.788070, reward_mean=239.4, rw_bound=310.0
[2026-01-06 22:26:34] [2]: loss=1.787711, reward_mean=239.4, rw_bound=310.0
[2026-01-06 22:26:34] [2]: loss=1.787642, reward_mean=239.4, rw_bound=310.0
[2026-01-06 22:26:34] [2]: loss=1.787650, reward_mean=239.4, rw_bound=310.0
[2026-01-06 22:26:34] [2]: loss=1.786434, reward_mean=239.4, rw_bound=310.0
[2026-01-06 22:26:34] [2]: loss=1.786384, reward_mean=239.4, rw_bound=310.0
[2026-01-06 22:26:34] [2]: loss=1.785552, reward_mean=239.4, rw_bound=310.0
[2026-01-06 22:26:34] [2]: loss=1.785369, reward_mean=239.4, rw_bound=310.0
[2026-01-06 22:26:34] [2]: loss=1.785274, reward_mean=239.4, rw_bound=310.0
[2026-01-06 22:28:40] [3]: loss=1.785990, reward_mean=260.8, rw_bound=340.0
[2026-01-06 22:28:40] [3]: loss=1.788435, reward_mean=260.8, rw_bound=340.0
[2026-01-06 22:28:40] [3]: loss=1.786404, reward_mean=260.8, rw_bound=340.0
[2026-01-06 22:28:40] [3]: loss=1.786821, reward_mean=260.8, rw_bound=340.0
[2026-01-06 22:28:40] [3]: loss=1.786350, reward_mean=260.8, rw_bound=340.0
[2026-01-06 22:28:40] [3]: loss=1.785465, reward_mean=260.8, rw_bound=340.0
[2026-01-06 22:28:40] [3]: loss=1.784576, reward_mean=260.8, rw_bound=340.0
[2026-01-06 22:28:40] [3]: loss=1.784003, reward_mean=260.8, rw_bound=340.0
[2026-01-06 22:28:40] [3]: loss=1.783742, reward_mean=260.8, rw_bound=340.0
[2026-01-06 22:28:40] [3]: loss=1.783101, reward_mean=260.8, rw_bound=340.0
[2026-01-06 22:28:40] [3]: loss=1.782761, reward_mean=260.8, rw_bound=340.0
[2026-01-06 22:28:40] [3]: loss=1.782152, reward_mean=260.8, rw_bound=340.0
[2026-01-06 22:28:40] [3]: loss=1.781980, reward_mean=260.8, rw_bound=340.0
[2026-01-06 22:28:41] [3]: loss=1.782091, reward_mean=260.8, rw_bound=340.0
[2026-01-06 22:28:41] [3]: loss=1.782516, reward_mean=260.8, rw_bound=340.0
[2026-01-06 22:28:41] [3]: loss=1.780758, reward_mean=260.8, rw_bound=340.0
[2026-01-06 22:28:41] [3]: loss=1.780324, reward_mean=260.8, rw_bound=340.0
[2026-01-06 22:28:41] [3]: loss=1.779592, reward_mean=260.8, rw_bound=340.0
[2026-01-06 22:28:41] [3]: loss=1.779120, reward_mean=260.8, rw_bound=340.0
[2026-01-06 22:28:41] [3]: loss=1.778512, reward_mean=260.8, rw_bound=340.0
[2026-01-06 22:30:46] [4]: loss=1.778901, reward_mean=253.5, rw_bound=330.0
[2026-01-06 22:30:46] [4]: loss=1.780578, reward_mean=253.5, rw_bound=330.0
[2026-01-06 22:30:46] [4]: loss=1.780504, reward_mean=253.5, rw_bound=330.0
[2026-01-06 22:30:46] [4]: loss=1.778458, reward_mean=253.5, rw_bound=330.0
[2026-01-06 22:30:46] [4]: loss=1.778243, reward_mean=253.5, rw_bound=330.0
[2026-01-06 22:30:46] [4]: loss=1.778146, reward_mean=253.5, rw_bound=330.0
[2026-01-06 22:30:46] [4]: loss=1.777450, reward_mean=253.5, rw_bound=330.0
[2026-01-06 22:30:46] [4]: loss=1.776981, reward_mean=253.5, rw_bound=330.0
[2026-01-06 22:30:46] [4]: loss=1.776546, reward_mean=253.5, rw_bound=330.0
[2026-01-06 22:30:46] [4]: loss=1.776136, reward_mean=253.5, rw_bound=330.0
[2026-01-06 22:30:46] [4]: loss=1.775692, reward_mean=253.5, rw_bound=330.0
[2026-01-06 22:30:47] [4]: loss=1.775202, reward_mean=253.5, rw_bound=330.0
[2026-01-06 22:30:47] [4]: loss=1.774708, reward_mean=253.5, rw_bound=330.0
[2026-01-06 22:30:47] [4]: loss=1.774259, reward_mean=253.5, rw_bound=330.0
[2026-01-06 22:30:47] [4]: loss=1.773757, reward_mean=253.5, rw_bound=330.0
[2026-01-06 22:30:47] [4]: loss=1.773346, reward_mean=253.5, rw_bound=330.0
[2026-01-06 22:30:47] [4]: loss=1.772689, reward_mean=253.5, rw_bound=330.0
[2026-01-06 22:30:47] [4]: loss=1.772283, reward_mean=253.5, rw_bound=330.0
[2026-01-06 22:30:47] [4]: loss=1.771779, reward_mean=253.5, rw_bound=330.0
[2026-01-06 22:30:47] [4]: loss=1.771262, reward_mean=253.5, rw_bound=330.0
[2026-01-06 22:32:51] [5]: loss=1.772009, reward_mean=265.7, rw_bound=340.0
[2026-01-06 22:32:52] [5]: loss=1.771708, reward_mean=265.7, rw_bound=340.0
[2026-01-06 22:32:52] [5]: loss=1.770857, reward_mean=265.7, rw_bound=340.0
[2026-01-06 22:32:52] [5]: loss=1.770113, reward_mean=265.7, rw_bound=340.0
[2026-01-06 22:32:52] [5]: loss=1.769353, reward_mean=265.7, rw_bound=340.0
[2026-01-06 22:32:52] [5]: loss=1.768785, reward_mean=265.7, rw_bound=340.0
[2026-01-06 22:32:52] [5]: loss=1.767901, reward_mean=265.7, rw_bound=340.0
[2026-01-06 22:32:52] [5]: loss=1.767147, reward_mean=265.7, rw_bound=340.0
[2026-01-06 22:32:52] [5]: loss=1.766584, reward_mean=265.7, rw_bound=340.0
[2026-01-06 22:32:52] [5]: loss=1.766323, reward_mean=265.7, rw_bound=340.0
[2026-01-06 22:32:52] [5]: loss=1.767061, reward_mean=265.7, rw_bound=340.0
[2026-01-06 22:32:52] [5]: loss=1.765591, reward_mean=265.7, rw_bound=340.0
[2026-01-06 22:32:52] [5]: loss=1.764717, reward_mean=265.7, rw_bound=340.0
[2026-01-06 22:32:52] [5]: loss=1.763642, reward_mean=265.7, rw_bound=340.0
[2026-01-06 22:32:52] [5]: loss=1.763105, reward_mean=265.7, rw_bound=340.0
[2026-01-06 22:32:53] [5]: loss=1.761996, reward_mean=265.7, rw_bound=340.0
[2026-01-06 22:32:53] [5]: loss=1.761459, reward_mean=265.7, rw_bound=340.0
[2026-01-06 22:32:53] [5]: loss=1.760614, reward_mean=265.7, rw_bound=340.0
[2026-01-06 22:32:53] [5]: loss=1.759446, reward_mean=265.7, rw_bound=340.0
[2026-01-06 22:32:53] [5]: loss=1.758653, reward_mean=265.7, rw_bound=340.0
[2026-01-06 22:34:58] [6]: loss=1.759117, reward_mean=268.4, rw_bound=340.0
[2026-01-06 22:34:58] [6]: loss=1.758459, reward_mean=268.4, rw_bound=340.0
[2026-01-06 22:34:58] [6]: loss=1.757413, reward_mean=268.4, rw_bound=340.0
[2026-01-06 22:34:58] [6]: loss=1.756232, reward_mean=268.4, rw_bound=340.0
[2026-01-06 22:34:58] [6]: loss=1.755223, reward_mean=268.4, rw_bound=340.0
[2026-01-06 22:34:58] [6]: loss=1.754102, reward_mean=268.4, rw_bound=340.0
[2026-01-06 22:34:58] [6]: loss=1.752977, reward_mean=268.4, rw_bound=340.0
[2026-01-06 22:34:58] [6]: loss=1.753202, reward_mean=268.4, rw_bound=340.0
[2026-01-06 22:34:58] [6]: loss=1.757651, reward_mean=268.4, rw_bound=340.0
[2026-01-06 22:34:59] [6]: loss=1.754752, reward_mean=268.4, rw_bound=340.0
[2026-01-06 22:34:59] [6]: loss=1.754263, reward_mean=268.4, rw_bound=340.0
[2026-01-06 22:34:59] [6]: loss=1.750877, reward_mean=268.4, rw_bound=340.0
[2026-01-06 22:34:59] [6]: loss=1.752854, reward_mean=268.4, rw_bound=340.0
[2026-01-06 22:34:59] [6]: loss=1.749241, reward_mean=268.4, rw_bound=340.0
[2026-01-06 22:34:59] [6]: loss=1.749798, reward_mean=268.4, rw_bound=340.0
[2026-01-06 22:34:59] [6]: loss=1.748085, reward_mean=268.4, rw_bound=340.0
[2026-01-06 22:34:59] [6]: loss=1.746868, reward_mean=268.4, rw_bound=340.0
[2026-01-06 22:34:59] [6]: loss=1.745871, reward_mean=268.4, rw_bound=340.0
[2026-01-06 22:34:59] [6]: loss=1.744647, reward_mean=268.4, rw_bound=340.0
[2026-01-06 22:34:59] [6]: loss=1.743688, reward_mean=268.4, rw_bound=340.0
[2026-01-06 22:37:05] [7]: loss=1.748893, reward_mean=272.6, rw_bound=360.0
[2026-01-06 22:37:05] [7]: loss=1.748701, reward_mean=272.6, rw_bound=360.0
[2026-01-06 22:37:05] [7]: loss=1.747026, reward_mean=272.6, rw_bound=360.0
[2026-01-06 22:37:05] [7]: loss=1.746207, reward_mean=272.6, rw_bound=360.0
[2026-01-06 22:37:05] [7]: loss=1.744744, reward_mean=272.6, rw_bound=360.0
[2026-01-06 22:37:05] [7]: loss=1.743080, reward_mean=272.6, rw_bound=360.0
[2026-01-06 22:37:05] [7]: loss=1.741569, reward_mean=272.6, rw_bound=360.0
[2026-01-06 22:37:05] [7]: loss=1.740265, reward_mean=272.6, rw_bound=360.0
[2026-01-06 22:37:05] [7]: loss=1.738651, reward_mean=272.6, rw_bound=360.0
[2026-01-06 22:37:05] [7]: loss=1.737567, reward_mean=272.6, rw_bound=360.0
[2026-01-06 22:37:05] [7]: loss=1.736617, reward_mean=272.6, rw_bound=360.0
[2026-01-06 22:37:05] [7]: loss=1.735339, reward_mean=272.6, rw_bound=360.0
[2026-01-06 22:37:05] [7]: loss=1.733303, reward_mean=272.6, rw_bound=360.0
[2026-01-06 22:37:06] [7]: loss=1.731887, reward_mean=272.6, rw_bound=360.0
[2026-01-06 22:37:06] [7]: loss=1.730317, reward_mean=272.6, rw_bound=360.0
[2026-01-06 22:37:06] [7]: loss=1.728447, reward_mean=272.6, rw_bound=360.0
[2026-01-06 22:37:06] [7]: loss=1.727249, reward_mean=272.6, rw_bound=360.0
[2026-01-06 22:37:06] [7]: loss=1.725879, reward_mean=272.6, rw_bound=360.0
[2026-01-06 22:37:06] [7]: loss=1.724042, reward_mean=272.6, rw_bound=360.0
[2026-01-06 22:37:06] [7]: loss=1.722230, reward_mean=272.6, rw_bound=360.0
[2026-01-06 22:39:11] [8]: loss=1.724601, reward_mean=296.9, rw_bound=370.0
[2026-01-06 22:39:11] [8]: loss=1.723803, reward_mean=296.9, rw_bound=370.0
[2026-01-06 22:39:11] [8]: loss=1.722540, reward_mean=296.9, rw_bound=370.0
[2026-01-06 22:39:11] [8]: loss=1.722220, reward_mean=296.9, rw_bound=370.0
[2026-01-06 22:39:11] [8]: loss=1.719607, reward_mean=296.9, rw_bound=370.0
[2026-01-06 22:39:11] [8]: loss=1.717011, reward_mean=296.9, rw_bound=370.0
[2026-01-06 22:39:11] [8]: loss=1.715584, reward_mean=296.9, rw_bound=370.0
[2026-01-06 22:39:11] [8]: loss=1.712895, reward_mean=296.9, rw_bound=370.0
[2026-01-06 22:39:12] [8]: loss=1.711943, reward_mean=296.9, rw_bound=370.0
[2026-01-06 22:39:12] [8]: loss=1.709612, reward_mean=296.9, rw_bound=370.0
[2026-01-06 22:39:12] [8]: loss=1.707556, reward_mean=296.9, rw_bound=370.0
[2026-01-06 22:39:12] [8]: loss=1.705990, reward_mean=296.9, rw_bound=370.0
[2026-01-06 22:39:12] [8]: loss=1.704319, reward_mean=296.9, rw_bound=370.0
[2026-01-06 22:39:12] [8]: loss=1.702684, reward_mean=296.9, rw_bound=370.0
[2026-01-06 22:39:12] [8]: loss=1.700538, reward_mean=296.9, rw_bound=370.0
[2026-01-06 22:39:12] [8]: loss=1.699035, reward_mean=296.9, rw_bound=370.0
[2026-01-06 22:39:12] [8]: loss=1.698734, reward_mean=296.9, rw_bound=370.0
[2026-01-06 22:39:12] [8]: loss=1.697604, reward_mean=296.9, rw_bound=370.0
[2026-01-06 22:39:12] [8]: loss=1.696370, reward_mean=296.9, rw_bound=370.0
[2026-01-06 22:39:12] [8]: loss=1.693416, reward_mean=296.9, rw_bound=370.0
[2026-01-06 22:41:17] [9]: loss=1.705059, reward_mean=296.3, rw_bound=360.0
[2026-01-06 22:41:18] [9]: loss=1.706647, reward_mean=296.3, rw_bound=360.0
[2026-01-06 22:41:18] [9]: loss=1.702519, reward_mean=296.3, rw_bound=360.0
[2026-01-06 22:41:18] [9]: loss=1.701217, reward_mean=296.3, rw_bound=360.0
[2026-01-06 22:41:18] [9]: loss=1.698371, reward_mean=296.3, rw_bound=360.0
[2026-01-06 22:41:18] [9]: loss=1.697038, reward_mean=296.3, rw_bound=360.0
[2026-01-06 22:41:18] [9]: loss=1.694457, reward_mean=296.3, rw_bound=360.0
[2026-01-06 22:41:18] [9]: loss=1.692585, reward_mean=296.3, rw_bound=360.0
[2026-01-06 22:41:18] [9]: loss=1.689974, reward_mean=296.3, rw_bound=360.0
[2026-01-06 22:41:18] [9]: loss=1.688352, reward_mean=296.3, rw_bound=360.0
[2026-01-06 22:41:18] [9]: loss=1.685460, reward_mean=296.3, rw_bound=360.0
[2026-01-06 22:41:19] [9]: loss=1.683794, reward_mean=296.3, rw_bound=360.0
[2026-01-06 22:41:19] [9]: loss=1.681714, reward_mean=296.3, rw_bound=360.0
[2026-01-06 22:41:19] [9]: loss=1.679492, reward_mean=296.3, rw_bound=360.0
[2026-01-06 22:41:19] [9]: loss=1.677367, reward_mean=296.3, rw_bound=360.0
[2026-01-06 22:41:19] [9]: loss=1.675475, reward_mean=296.3, rw_bound=360.0
[2026-01-06 22:41:19] [9]: loss=1.674008, reward_mean=296.3, rw_bound=360.0
[2026-01-06 22:41:19] [9]: loss=1.672212, reward_mean=296.3, rw_bound=360.0
[2026-01-06 22:41:19] [9]: loss=1.669591, reward_mean=296.3, rw_bound=360.0
[2026-01-06 22:41:19] [9]: loss=1.666656, reward_mean=296.3, rw_bound=360.0
[2026-01-06 22:43:24] [10]: loss=1.663840, reward_mean=320.6, rw_bound=410.0
[2026-01-06 22:43:24] [10]: loss=1.668766, reward_mean=320.6, rw_bound=410.0
[2026-01-06 22:43:24] [10]: loss=1.673758, reward_mean=320.6, rw_bound=410.0
[2026-01-06 22:43:24] [10]: loss=1.661310, reward_mean=320.6, rw_bound=410.0
[2026-01-06 22:43:24] [10]: loss=1.663832, reward_mean=320.6, rw_bound=410.0
[2026-01-06 22:43:24] [10]: loss=1.657002, reward_mean=320.6, rw_bound=410.0
[2026-01-06 22:43:25] [10]: loss=1.654094, reward_mean=320.6, rw_bound=410.0
[2026-01-06 22:43:25] [10]: loss=1.651312, reward_mean=320.6, rw_bound=410.0
[2026-01-06 22:43:25] [10]: loss=1.647186, reward_mean=320.6, rw_bound=410.0
[2026-01-06 22:43:25] [10]: loss=1.645337, reward_mean=320.6, rw_bound=410.0
[2026-01-06 22:43:25] [10]: loss=1.641105, reward_mean=320.6, rw_bound=410.0
[2026-01-06 22:43:25] [10]: loss=1.638096, reward_mean=320.6, rw_bound=410.0
[2026-01-06 22:43:25] [10]: loss=1.635260, reward_mean=320.6, rw_bound=410.0
[2026-01-06 22:43:25] [10]: loss=1.631262, reward_mean=320.6, rw_bound=410.0
[2026-01-06 22:43:25] [10]: loss=1.628233, reward_mean=320.6, rw_bound=410.0
[2026-01-06 22:43:25] [10]: loss=1.625207, reward_mean=320.6, rw_bound=410.0
[2026-01-06 22:43:25] [10]: loss=1.621628, reward_mean=320.6, rw_bound=410.0
[2026-01-06 22:43:25] [10]: loss=1.618393, reward_mean=320.6, rw_bound=410.0
[2026-01-06 22:43:25] [10]: loss=1.614671, reward_mean=320.6, rw_bound=410.0
[2026-01-06 22:43:26] [10]: loss=1.611252, reward_mean=320.6, rw_bound=410.0
[2026-01-06 22:45:29] [11]: loss=1.618205, reward_mean=321.9, rw_bound=400.0
[2026-01-06 22:45:29] [11]: loss=1.617440, reward_mean=321.9, rw_bound=400.0
[2026-01-06 22:45:29] [11]: loss=1.622624, reward_mean=321.9, rw_bound=400.0
[2026-01-06 22:45:30] [11]: loss=1.623059, reward_mean=321.9, rw_bound=400.0
[2026-01-06 22:45:30] [11]: loss=1.615294, reward_mean=321.9, rw_bound=400.0
[2026-01-06 22:45:30] [11]: loss=1.610511, reward_mean=321.9, rw_bound=400.0
[2026-01-06 22:45:30] [11]: loss=1.608979, reward_mean=321.9, rw_bound=400.0
[2026-01-06 22:45:30] [11]: loss=1.602074, reward_mean=321.9, rw_bound=400.0
[2026-01-06 22:45:30] [11]: loss=1.600178, reward_mean=321.9, rw_bound=400.0
[2026-01-06 22:45:30] [11]: loss=1.592128, reward_mean=321.9, rw_bound=400.0
[2026-01-06 22:45:30] [11]: loss=1.591696, reward_mean=321.9, rw_bound=400.0
[2026-01-06 22:45:30] [11]: loss=1.585036, reward_mean=321.9, rw_bound=400.0
[2026-01-06 22:45:30] [11]: loss=1.582752, reward_mean=321.9, rw_bound=400.0
[2026-01-06 22:45:30] [11]: loss=1.577885, reward_mean=321.9, rw_bound=400.0
[2026-01-06 22:45:30] [11]: loss=1.575021, reward_mean=321.9, rw_bound=400.0
[2026-01-06 22:45:31] [11]: loss=1.569812, reward_mean=321.9, rw_bound=400.0
[2026-01-06 22:45:31] [11]: loss=1.567088, reward_mean=321.9, rw_bound=400.0
[2026-01-06 22:45:31] [11]: loss=1.562294, reward_mean=321.9, rw_bound=400.0
[2026-01-06 22:45:31] [11]: loss=1.558871, reward_mean=321.9, rw_bound=400.0
[2026-01-06 22:45:31] [11]: loss=1.555068, reward_mean=321.9, rw_bound=400.0
[2026-01-06 22:47:35] [12]: loss=1.572877, reward_mean=345.6, rw_bound=420.0
[2026-01-06 22:47:35] [12]: loss=1.575333, reward_mean=345.6, rw_bound=420.0
[2026-01-06 22:47:35] [12]: loss=1.571204, reward_mean=345.6, rw_bound=420.0
[2026-01-06 22:47:35] [12]: loss=1.566094, reward_mean=345.6, rw_bound=420.0
[2026-01-06 22:47:35] [12]: loss=1.560438, reward_mean=345.6, rw_bound=420.0
[2026-01-06 22:47:35] [12]: loss=1.557600, reward_mean=345.6, rw_bound=420.0
[2026-01-06 22:47:35] [12]: loss=1.553685, reward_mean=345.6, rw_bound=420.0
[2026-01-06 22:47:35] [12]: loss=1.547556, reward_mean=345.6, rw_bound=420.0
[2026-01-06 22:47:35] [12]: loss=1.544606, reward_mean=345.6, rw_bound=420.0
[2026-01-06 22:47:35] [12]: loss=1.539086, reward_mean=345.6, rw_bound=420.0
[2026-01-06 22:47:36] [12]: loss=1.536449, reward_mean=345.6, rw_bound=420.0
[2026-01-06 22:47:36] [12]: loss=1.531498, reward_mean=345.6, rw_bound=420.0
[2026-01-06 22:47:36] [12]: loss=1.528421, reward_mean=345.6, rw_bound=420.0
[2026-01-06 22:47:36] [12]: loss=1.524938, reward_mean=345.6, rw_bound=420.0
[2026-01-06 22:47:36] [12]: loss=1.519858, reward_mean=345.6, rw_bound=420.0
[2026-01-06 22:47:36] [12]: loss=1.516664, reward_mean=345.6, rw_bound=420.0
[2026-01-06 22:47:36] [12]: loss=1.511253, reward_mean=345.6, rw_bound=420.0
[2026-01-06 22:47:36] [12]: loss=1.508336, reward_mean=345.6, rw_bound=420.0
[2026-01-06 22:47:36] [12]: loss=1.503839, reward_mean=345.6, rw_bound=420.0
[2026-01-06 22:47:36] [12]: loss=1.500161, reward_mean=345.6, rw_bound=420.0
[2026-01-06 22:49:40] [13]: loss=1.518865, reward_mean=356.7, rw_bound=440.0
[2026-01-06 22:49:40] [13]: loss=1.518682, reward_mean=356.7, rw_bound=440.0
[2026-01-06 22:49:41] [13]: loss=1.522008, reward_mean=356.7, rw_bound=440.0
[2026-01-06 22:49:41] [13]: loss=1.525616, reward_mean=356.7, rw_bound=440.0
[2026-01-06 22:49:41] [13]: loss=1.513987, reward_mean=356.7, rw_bound=440.0
[2026-01-06 22:49:41] [13]: loss=1.507797, reward_mean=356.7, rw_bound=440.0
[2026-01-06 22:49:41] [13]: loss=1.502028, reward_mean=356.7, rw_bound=440.0
[2026-01-06 22:49:41] [13]: loss=1.496683, reward_mean=356.7, rw_bound=440.0
[2026-01-06 22:49:41] [13]: loss=1.489100, reward_mean=356.7, rw_bound=440.0
[2026-01-06 22:49:41] [13]: loss=1.485776, reward_mean=356.7, rw_bound=440.0
[2026-01-06 22:49:41] [13]: loss=1.478621, reward_mean=356.7, rw_bound=440.0
[2026-01-06 22:49:41] [13]: loss=1.473515, reward_mean=356.7, rw_bound=440.0
[2026-01-06 22:49:41] [13]: loss=1.468367, reward_mean=356.7, rw_bound=440.0
[2026-01-06 22:49:41] [13]: loss=1.462403, reward_mean=356.7, rw_bound=440.0
[2026-01-06 22:49:41] [13]: loss=1.458694, reward_mean=356.7, rw_bound=440.0
[2026-01-06 22:49:42] [13]: loss=1.452606, reward_mean=356.7, rw_bound=440.0
[2026-01-06 22:49:42] [13]: loss=1.448602, reward_mean=356.7, rw_bound=440.0
[2026-01-06 22:49:42] [13]: loss=1.442482, reward_mean=356.7, rw_bound=440.0
[2026-01-06 22:49:42] [13]: loss=1.438537, reward_mean=356.7, rw_bound=440.0
[2026-01-06 22:49:42] [13]: loss=1.432166, reward_mean=356.7, rw_bound=440.0
[2026-01-06 22:51:47] [14]: loss=1.438040, reward_mean=383.6, rw_bound=472.0
[2026-01-06 22:51:47] [14]: loss=1.436024, reward_mean=383.6, rw_bound=472.0
[2026-01-06 22:51:48] [14]: loss=1.432032, reward_mean=383.6, rw_bound=472.0
[2026-01-06 22:51:48] [14]: loss=1.429167, reward_mean=383.6, rw_bound=472.0
[2026-01-06 22:51:48] [14]: loss=1.425913, reward_mean=383.6, rw_bound=472.0
[2026-01-06 22:51:48] [14]: loss=1.413728, reward_mean=383.6, rw_bound=472.0
[2026-01-06 22:51:48] [14]: loss=1.405191, reward_mean=383.6, rw_bound=472.0
[2026-01-06 22:51:48] [14]: loss=1.401217, reward_mean=383.6, rw_bound=472.0
[2026-01-06 22:51:48] [14]: loss=1.391909, reward_mean=383.6, rw_bound=472.0
[2026-01-06 22:51:48] [14]: loss=1.384882, reward_mean=383.6, rw_bound=472.0
[2026-01-06 22:51:48] [14]: loss=1.381566, reward_mean=383.6, rw_bound=472.0
[2026-01-06 22:51:48] [14]: loss=1.373524, reward_mean=383.6, rw_bound=472.0
[2026-01-06 22:51:48] [14]: loss=1.368050, reward_mean=383.6, rw_bound=472.0
[2026-01-06 22:51:48] [14]: loss=1.363769, reward_mean=383.6, rw_bound=472.0
[2026-01-06 22:51:48] [14]: loss=1.361193, reward_mean=383.6, rw_bound=472.0
[2026-01-06 22:51:48] [14]: loss=1.352916, reward_mean=383.6, rw_bound=472.0
[2026-01-06 22:51:49] [14]: loss=1.344359, reward_mean=383.6, rw_bound=472.0
[2026-01-06 22:51:49] [14]: loss=1.338656, reward_mean=383.6, rw_bound=472.0
[2026-01-06 22:51:49] [14]: loss=1.333788, reward_mean=383.6, rw_bound=472.0
[2026-01-06 22:51:49] [14]: loss=1.328669, reward_mean=383.6, rw_bound=472.0
[2026-01-06 22:54:03] [15]: loss=1.355336, reward_mean=388.1, rw_bound=480.0
[2026-01-06 22:54:03] [15]: loss=1.371471, reward_mean=388.1, rw_bound=480.0
[2026-01-06 22:54:03] [15]: loss=1.366194, reward_mean=388.1, rw_bound=480.0
[2026-01-06 22:54:03] [15]: loss=1.358603, reward_mean=388.1, rw_bound=480.0
[2026-01-06 22:54:03] [15]: loss=1.347113, reward_mean=388.1, rw_bound=480.0
[2026-01-06 22:54:03] [15]: loss=1.337501, reward_mean=388.1, rw_bound=480.0
[2026-01-06 22:54:03] [15]: loss=1.330597, reward_mean=388.1, rw_bound=480.0
[2026-01-06 22:54:03] [15]: loss=1.321414, reward_mean=388.1, rw_bound=480.0
[2026-01-06 22:54:04] [15]: loss=1.313343, reward_mean=388.1, rw_bound=480.0
[2026-01-06 22:54:04] [15]: loss=1.307335, reward_mean=388.1, rw_bound=480.0
[2026-01-06 22:54:04] [15]: loss=1.299849, reward_mean=388.1, rw_bound=480.0
[2026-01-06 22:54:04] [15]: loss=1.293470, reward_mean=388.1, rw_bound=480.0
[2026-01-06 22:54:04] [15]: loss=1.283678, reward_mean=388.1, rw_bound=480.0
[2026-01-06 22:54:04] [15]: loss=1.279579, reward_mean=388.1, rw_bound=480.0
[2026-01-06 22:54:04] [15]: loss=1.270623, reward_mean=388.1, rw_bound=480.0
[2026-01-06 22:54:04] [15]: loss=1.263468, reward_mean=388.1, rw_bound=480.0
[2026-01-06 22:54:04] [15]: loss=1.257961, reward_mean=388.1, rw_bound=480.0
[2026-01-06 22:54:04] [15]: loss=1.250837, reward_mean=388.1, rw_bound=480.0
[2026-01-06 22:54:04] [15]: loss=1.246381, reward_mean=388.1, rw_bound=480.0
[2026-01-06 22:54:04] [15]: loss=1.238715, reward_mean=388.1, rw_bound=480.0
[2026-01-06 22:56:18] [16]: loss=1.250320, reward_mean=400.2, rw_bound=480.0
[2026-01-06 22:56:18] [16]: loss=1.256079, reward_mean=400.2, rw_bound=480.0
[2026-01-06 22:56:18] [16]: loss=1.262756, reward_mean=400.2, rw_bound=480.0
[2026-01-06 22:56:18] [16]: loss=1.251085, reward_mean=400.2, rw_bound=480.0
[2026-01-06 22:56:18] [16]: loss=1.233240, reward_mean=400.2, rw_bound=480.0
[2026-01-06 22:56:18] [16]: loss=1.228193, reward_mean=400.2, rw_bound=480.0
[2026-01-06 22:56:18] [16]: loss=1.220139, reward_mean=400.2, rw_bound=480.0
[2026-01-06 22:56:18] [16]: loss=1.210999, reward_mean=400.2, rw_bound=480.0
[2026-01-06 22:56:18] [16]: loss=1.203328, reward_mean=400.2, rw_bound=480.0
[2026-01-06 22:56:18] [16]: loss=1.197421, reward_mean=400.2, rw_bound=480.0
[2026-01-06 22:56:18] [16]: loss=1.186847, reward_mean=400.2, rw_bound=480.0
[2026-01-06 22:56:19] [16]: loss=1.180047, reward_mean=400.2, rw_bound=480.0
[2026-01-06 22:56:19] [16]: loss=1.174818, reward_mean=400.2, rw_bound=480.0
[2026-01-06 22:56:19] [16]: loss=1.162615, reward_mean=400.2, rw_bound=480.0
[2026-01-06 22:56:19] [16]: loss=1.157719, reward_mean=400.2, rw_bound=480.0
[2026-01-06 22:56:19] [16]: loss=1.151969, reward_mean=400.2, rw_bound=480.0
[2026-01-06 22:56:19] [16]: loss=1.140033, reward_mean=400.2, rw_bound=480.0
[2026-01-06 22:56:19] [16]: loss=1.135639, reward_mean=400.2, rw_bound=480.0
[2026-01-06 22:56:19] [16]: loss=1.128844, reward_mean=400.2, rw_bound=480.0
[2026-01-06 22:56:19] [16]: loss=1.119010, reward_mean=400.2, rw_bound=480.0
[2026-01-06 22:58:33] [17]: loss=1.139756, reward_mean=417.3, rw_bound=492.0
[2026-01-06 22:58:33] [17]: loss=1.145217, reward_mean=417.3, rw_bound=492.0
[2026-01-06 22:58:33] [17]: loss=1.156488, reward_mean=417.3, rw_bound=492.0
[2026-01-06 22:58:33] [17]: loss=1.155118, reward_mean=417.3, rw_bound=492.0
[2026-01-06 22:58:34] [17]: loss=1.134236, reward_mean=417.3, rw_bound=492.0
[2026-01-06 22:58:34] [17]: loss=1.127422, reward_mean=417.3, rw_bound=492.0
[2026-01-06 22:58:34] [17]: loss=1.110377, reward_mean=417.3, rw_bound=492.0
[2026-01-06 22:58:34] [17]: loss=1.106177, reward_mean=417.3, rw_bound=492.0
[2026-01-06 22:58:34] [17]: loss=1.089217, reward_mean=417.3, rw_bound=492.0
[2026-01-06 22:58:34] [17]: loss=1.083428, reward_mean=417.3, rw_bound=492.0
[2026-01-06 22:58:34] [17]: loss=1.069802, reward_mean=417.3, rw_bound=492.0
[2026-01-06 22:58:34] [17]: loss=1.063615, reward_mean=417.3, rw_bound=492.0
[2026-01-06 22:58:34] [17]: loss=1.052622, reward_mean=417.3, rw_bound=492.0
[2026-01-06 22:58:34] [17]: loss=1.045744, reward_mean=417.3, rw_bound=492.0
[2026-01-06 22:58:34] [17]: loss=1.035248, reward_mean=417.3, rw_bound=492.0
[2026-01-06 22:58:34] [17]: loss=1.027510, reward_mean=417.3, rw_bound=492.0
[2026-01-06 22:58:34] [17]: loss=1.021988, reward_mean=417.3, rw_bound=492.0
[2026-01-06 22:58:34] [17]: loss=1.011135, reward_mean=417.3, rw_bound=492.0
[2026-01-06 22:58:35] [17]: loss=1.004169, reward_mean=417.3, rw_bound=492.0
[2026-01-06 22:58:35] [17]: loss=0.997807, reward_mean=417.3, rw_bound=492.0
[2026-01-06 23:00:48] [18]: loss=1.028884, reward_mean=435.3, rw_bound=520.0
[2026-01-06 23:00:48] [18]: loss=1.031259, reward_mean=435.3, rw_bound=520.0
[2026-01-06 23:00:48] [18]: loss=1.024109, reward_mean=435.3, rw_bound=520.0
[2026-01-06 23:00:48] [18]: loss=1.014653, reward_mean=435.3, rw_bound=520.0
[2026-01-06 23:00:48] [18]: loss=1.009769, reward_mean=435.3, rw_bound=520.0
[2026-01-06 23:00:48] [18]: loss=1.000570, reward_mean=435.3, rw_bound=520.0
[2026-01-06 23:00:48] [18]: loss=0.986997, reward_mean=435.3, rw_bound=520.0
[2026-01-06 23:00:48] [18]: loss=0.982011, reward_mean=435.3, rw_bound=520.0
[2026-01-06 23:00:48] [18]: loss=0.977787, reward_mean=435.3, rw_bound=520.0
[2026-01-06 23:00:48] [18]: loss=0.981821, reward_mean=435.3, rw_bound=520.0
[2026-01-06 23:00:48] [18]: loss=0.983427, reward_mean=435.3, rw_bound=520.0
[2026-01-06 23:00:49] [18]: loss=0.952699, reward_mean=435.3, rw_bound=520.0
[2026-01-06 23:00:49] [18]: loss=0.959561, reward_mean=435.3, rw_bound=520.0
[2026-01-06 23:00:49] [18]: loss=0.951435, reward_mean=435.3, rw_bound=520.0
[2026-01-06 23:00:49] [18]: loss=0.934701, reward_mean=435.3, rw_bound=520.0
[2026-01-06 23:00:49] [18]: loss=0.933371, reward_mean=435.3, rw_bound=520.0
[2026-01-06 23:00:49] [18]: loss=0.925448, reward_mean=435.3, rw_bound=520.0
[2026-01-06 23:00:49] [18]: loss=0.920433, reward_mean=435.3, rw_bound=520.0
[2026-01-06 23:00:49] [18]: loss=0.908988, reward_mean=435.3, rw_bound=520.0
[2026-01-06 23:00:49] [18]: loss=0.906592, reward_mean=435.3, rw_bound=520.0
[2026-01-06 23:03:03] [19]: loss=0.933920, reward_mean=450.5, rw_bound=540.0
[2026-01-06 23:03:03] [19]: loss=0.950642, reward_mean=450.5, rw_bound=540.0
[2026-01-06 23:03:03] [19]: loss=0.940065, reward_mean=450.5, rw_bound=540.0
[2026-01-06 23:03:03] [19]: loss=0.928361, reward_mean=450.5, rw_bound=540.0
[2026-01-06 23:03:03] [19]: loss=0.919873, reward_mean=450.5, rw_bound=540.0
[2026-01-06 23:03:03] [19]: loss=0.912084, reward_mean=450.5, rw_bound=540.0
[2026-01-06 23:03:04] [19]: loss=0.903172, reward_mean=450.5, rw_bound=540.0
[2026-01-06 23:03:04] [19]: loss=0.898878, reward_mean=450.5, rw_bound=540.0
[2026-01-06 23:03:04] [19]: loss=0.892136, reward_mean=450.5, rw_bound=540.0
[2026-01-06 23:03:04] [19]: loss=0.879968, reward_mean=450.5, rw_bound=540.0
[2026-01-06 23:03:04] [19]: loss=0.878821, reward_mean=450.5, rw_bound=540.0
[2026-01-06 23:03:04] [19]: loss=0.864757, reward_mean=450.5, rw_bound=540.0
[2026-01-06 23:03:04] [19]: loss=0.861094, reward_mean=450.5, rw_bound=540.0
[2026-01-06 23:03:04] [19]: loss=0.852106, reward_mean=450.5, rw_bound=540.0
[2026-01-06 23:03:04] [19]: loss=0.846737, reward_mean=450.5, rw_bound=540.0
[2026-01-06 23:03:04] [19]: loss=0.838709, reward_mean=450.5, rw_bound=540.0
[2026-01-06 23:03:04] [19]: loss=0.830874, reward_mean=450.5, rw_bound=540.0
[2026-01-06 23:03:05] [19]: loss=0.826929, reward_mean=450.5, rw_bound=540.0
[2026-01-06 23:03:05] [19]: loss=0.819463, reward_mean=450.5, rw_bound=540.0
[2026-01-06 23:03:05] [19]: loss=0.813890, reward_mean=450.5, rw_bound=540.0
[2026-01-06 23:05:18] [20]: loss=0.865719, reward_mean=465.7, rw_bound=550.0
[2026-01-06 23:05:18] [20]: loss=0.868630, reward_mean=465.7, rw_bound=550.0
[2026-01-06 23:05:18] [20]: loss=0.862126, reward_mean=465.7, rw_bound=550.0
[2026-01-06 23:05:18] [20]: loss=0.857818, reward_mean=465.7, rw_bound=550.0
[2026-01-06 23:05:18] [20]: loss=0.854845, reward_mean=465.7, rw_bound=550.0
[2026-01-06 23:05:18] [20]: loss=0.847942, reward_mean=465.7, rw_bound=550.0
[2026-01-06 23:05:18] [20]: loss=0.859116, reward_mean=465.7, rw_bound=550.0
[2026-01-06 23:05:18] [20]: loss=0.856852, reward_mean=465.7, rw_bound=550.0
[2026-01-06 23:05:18] [20]: loss=0.819544, reward_mean=465.7, rw_bound=550.0
[2026-01-06 23:05:18] [20]: loss=0.822535, reward_mean=465.7, rw_bound=550.0
[2026-01-06 23:05:18] [20]: loss=0.821873, reward_mean=465.7, rw_bound=550.0
[2026-01-06 23:05:19] [20]: loss=0.797311, reward_mean=465.7, rw_bound=550.0
[2026-01-06 23:05:19] [20]: loss=0.798629, reward_mean=465.7, rw_bound=550.0
[2026-01-06 23:05:19] [20]: loss=0.791256, reward_mean=465.7, rw_bound=550.0
[2026-01-06 23:05:19] [20]: loss=0.774519, reward_mean=465.7, rw_bound=550.0
[2026-01-06 23:05:19] [20]: loss=0.777079, reward_mean=465.7, rw_bound=550.0
[2026-01-06 23:05:19] [20]: loss=0.761206, reward_mean=465.7, rw_bound=550.0
[2026-01-06 23:05:19] [20]: loss=0.761731, reward_mean=465.7, rw_bound=550.0
[2026-01-06 23:05:19] [20]: loss=0.751772, reward_mean=465.7, rw_bound=550.0
[2026-01-06 23:05:19] [20]: loss=0.741280, reward_mean=465.7, rw_bound=550.0
[2026-01-06 23:07:32] [21]: loss=0.795769, reward_mean=461.1, rw_bound=550.0
[2026-01-06 23:07:32] [21]: loss=0.803964, reward_mean=461.1, rw_bound=550.0
[2026-01-06 23:07:32] [21]: loss=0.793846, reward_mean=461.1, rw_bound=550.0
[2026-01-06 23:07:33] [21]: loss=0.781829, reward_mean=461.1, rw_bound=550.0
[2026-01-06 23:07:33] [21]: loss=0.774625, reward_mean=461.1, rw_bound=550.0
[2026-01-06 23:07:33] [21]: loss=0.767077, reward_mean=461.1, rw_bound=550.0
[2026-01-06 23:07:33] [21]: loss=0.755838, reward_mean=461.1, rw_bound=550.0
[2026-01-06 23:07:33] [21]: loss=0.748024, reward_mean=461.1, rw_bound=550.0
[2026-01-06 23:07:33] [21]: loss=0.741379, reward_mean=461.1, rw_bound=550.0
[2026-01-06 23:07:33] [21]: loss=0.731181, reward_mean=461.1, rw_bound=550.0
[2026-01-06 23:07:33] [21]: loss=0.724472, reward_mean=461.1, rw_bound=550.0
[2026-01-06 23:07:33] [21]: loss=0.718662, reward_mean=461.1, rw_bound=550.0
[2026-01-06 23:07:33] [21]: loss=0.709633, reward_mean=461.1, rw_bound=550.0
[2026-01-06 23:07:33] [21]: loss=0.702603, reward_mean=461.1, rw_bound=550.0
[2026-01-06 23:07:33] [21]: loss=0.699289, reward_mean=461.1, rw_bound=550.0
[2026-01-06 23:07:33] [21]: loss=0.691084, reward_mean=461.1, rw_bound=550.0
[2026-01-06 23:07:34] [21]: loss=0.683392, reward_mean=461.1, rw_bound=550.0
[2026-01-06 23:07:34] [21]: loss=0.675757, reward_mean=461.1, rw_bound=550.0
[2026-01-06 23:07:34] [21]: loss=0.667608, reward_mean=461.1, rw_bound=550.0
[2026-01-06 23:07:34] [21]: loss=0.659951, reward_mean=461.1, rw_bound=550.0
[2026-01-06 23:09:47] [22]: loss=0.711357, reward_mean=469.9, rw_bound=560.0
[2026-01-06 23:09:47] [22]: loss=0.708651, reward_mean=469.9, rw_bound=560.0
[2026-01-06 23:09:47] [22]: loss=0.714191, reward_mean=469.9, rw_bound=560.0
[2026-01-06 23:09:47] [22]: loss=0.721133, reward_mean=469.9, rw_bound=560.0
[2026-01-06 23:09:47] [22]: loss=0.735808, reward_mean=469.9, rw_bound=560.0
[2026-01-06 23:09:48] [22]: loss=0.692088, reward_mean=469.9, rw_bound=560.0
[2026-01-06 23:09:48] [22]: loss=0.693796, reward_mean=469.9, rw_bound=560.0
[2026-01-06 23:09:48] [22]: loss=0.709484, reward_mean=469.9, rw_bound=560.0
[2026-01-06 23:09:48] [22]: loss=0.665970, reward_mean=469.9, rw_bound=560.0
[2026-01-06 23:09:48] [22]: loss=0.684763, reward_mean=469.9, rw_bound=560.0
[2026-01-06 23:09:48] [22]: loss=0.668428, reward_mean=469.9, rw_bound=560.0
[2026-01-06 23:09:48] [22]: loss=0.657514, reward_mean=469.9, rw_bound=560.0
[2026-01-06 23:09:48] [22]: loss=0.656418, reward_mean=469.9, rw_bound=560.0
[2026-01-06 23:09:48] [22]: loss=0.633389, reward_mean=469.9, rw_bound=560.0
[2026-01-06 23:09:48] [22]: loss=0.640453, reward_mean=469.9, rw_bound=560.0
[2026-01-06 23:09:48] [22]: loss=0.619174, reward_mean=469.9, rw_bound=560.0
[2026-01-06 23:09:48] [22]: loss=0.621562, reward_mean=469.9, rw_bound=560.0
[2026-01-06 23:09:48] [22]: loss=0.611344, reward_mean=469.9, rw_bound=560.0
[2026-01-06 23:09:49] [22]: loss=0.601825, reward_mean=469.9, rw_bound=560.0
[2026-01-06 23:09:49] [22]: loss=0.601015, reward_mean=469.9, rw_bound=560.0
[2026-01-06 23:12:02] [23]: loss=0.633383, reward_mean=482.7, rw_bound=562.0
[2026-01-06 23:12:02] [23]: loss=0.641171, reward_mean=482.7, rw_bound=562.0
[2026-01-06 23:12:02] [23]: loss=0.626177, reward_mean=482.7, rw_bound=562.0
[2026-01-06 23:12:02] [23]: loss=0.616294, reward_mean=482.7, rw_bound=562.0
[2026-01-06 23:12:02] [23]: loss=0.610265, reward_mean=482.7, rw_bound=562.0
[2026-01-06 23:12:02] [23]: loss=0.596655, reward_mean=482.7, rw_bound=562.0
[2026-01-06 23:12:02] [23]: loss=0.589355, reward_mean=482.7, rw_bound=562.0
[2026-01-06 23:12:02] [23]: loss=0.579633, reward_mean=482.7, rw_bound=562.0
[2026-01-06 23:12:02] [23]: loss=0.569454, reward_mean=482.7, rw_bound=562.0
[2026-01-06 23:12:02] [23]: loss=0.562643, reward_mean=482.7, rw_bound=562.0
[2026-01-06 23:12:02] [23]: loss=0.551631, reward_mean=482.7, rw_bound=562.0
[2026-01-06 23:12:02] [23]: loss=0.543359, reward_mean=482.7, rw_bound=562.0
[2026-01-06 23:12:02] [23]: loss=0.536740, reward_mean=482.7, rw_bound=562.0
[2026-01-06 23:12:02] [23]: loss=0.527413, reward_mean=482.7, rw_bound=562.0
[2026-01-06 23:12:03] [23]: loss=0.521710, reward_mean=482.7, rw_bound=562.0
[2026-01-06 23:12:03] [23]: loss=0.515877, reward_mean=482.7, rw_bound=562.0
[2026-01-06 23:12:03] [23]: loss=0.513993, reward_mean=482.7, rw_bound=562.0
[2026-01-06 23:12:03] [23]: loss=0.524927, reward_mean=482.7, rw_bound=562.0
[2026-01-06 23:12:03] [23]: loss=0.568548, reward_mean=482.7, rw_bound=562.0
[2026-01-06 23:12:03] [23]: loss=0.580770, reward_mean=482.7, rw_bound=562.0
[2026-01-06 23:14:16] [24]: loss=0.583600, reward_mean=481.1, rw_bound=570.0
[2026-01-06 23:14:16] [24]: loss=0.703089, reward_mean=481.1, rw_bound=570.0
[2026-01-06 23:14:17] [24]: loss=0.618224, reward_mean=481.1, rw_bound=570.0
[2026-01-06 23:14:17] [24]: loss=0.638139, reward_mean=481.1, rw_bound=570.0
[2026-01-06 23:14:17] [24]: loss=0.607114, reward_mean=481.1, rw_bound=570.0
[2026-01-06 23:14:17] [24]: loss=0.613883, reward_mean=481.1, rw_bound=570.0
[2026-01-06 23:14:17] [24]: loss=0.573241, reward_mean=481.1, rw_bound=570.0
[2026-01-06 23:14:17] [24]: loss=0.594528, reward_mean=481.1, rw_bound=570.0
[2026-01-06 23:14:17] [24]: loss=0.559236, reward_mean=481.1, rw_bound=570.0
[2026-01-06 23:14:17] [24]: loss=0.571159, reward_mean=481.1, rw_bound=570.0
[2026-01-06 23:14:17] [24]: loss=0.543767, reward_mean=481.1, rw_bound=570.0
[2026-01-06 23:14:17] [24]: loss=0.548126, reward_mean=481.1, rw_bound=570.0
[2026-01-06 23:14:17] [24]: loss=0.533477, reward_mean=481.1, rw_bound=570.0
[2026-01-06 23:14:17] [24]: loss=0.524843, reward_mean=481.1, rw_bound=570.0
[2026-01-06 23:14:18] [24]: loss=0.521189, reward_mean=481.1, rw_bound=570.0
[2026-01-06 23:14:18] [24]: loss=0.511065, reward_mean=481.1, rw_bound=570.0
[2026-01-06 23:14:18] [24]: loss=0.504822, reward_mean=481.1, rw_bound=570.0
[2026-01-06 23:14:18] [24]: loss=0.500083, reward_mean=481.1, rw_bound=570.0
[2026-01-06 23:14:18] [24]: loss=0.491310, reward_mean=481.1, rw_bound=570.0
[2026-01-06 23:14:18] [24]: loss=0.488630, reward_mean=481.1, rw_bound=570.0
[2026-01-06 23:16:31] [25]: loss=0.546727, reward_mean=499.3, rw_bound=600.0
[2026-01-06 23:16:31] [25]: loss=0.553782, reward_mean=499.3, rw_bound=600.0
[2026-01-06 23:16:31] [25]: loss=0.537964, reward_mean=499.3, rw_bound=600.0
[2026-01-06 23:16:31] [25]: loss=0.536423, reward_mean=499.3, rw_bound=600.0
[2026-01-06 23:16:31] [25]: loss=0.525033, reward_mean=499.3, rw_bound=600.0
[2026-01-06 23:16:31] [25]: loss=0.520732, reward_mean=499.3, rw_bound=600.0
[2026-01-06 23:16:32] [25]: loss=0.510818, reward_mean=499.3, rw_bound=600.0
[2026-01-06 23:16:32] [25]: loss=0.503034, reward_mean=499.3, rw_bound=600.0
[2026-01-06 23:16:32] [25]: loss=0.497602, reward_mean=499.3, rw_bound=600.0
[2026-01-06 23:16:32] [25]: loss=0.487770, reward_mean=499.3, rw_bound=600.0
[2026-01-06 23:16:32] [25]: loss=0.483740, reward_mean=499.3, rw_bound=600.0
[2026-01-06 23:16:32] [25]: loss=0.475842, reward_mean=499.3, rw_bound=600.0
[2026-01-06 23:16:32] [25]: loss=0.470430, reward_mean=499.3, rw_bound=600.0
[2026-01-06 23:16:32] [25]: loss=0.464095, reward_mean=499.3, rw_bound=600.0
[2026-01-06 23:16:32] [25]: loss=0.459238, reward_mean=499.3, rw_bound=600.0
[2026-01-06 23:16:32] [25]: loss=0.452938, reward_mean=499.3, rw_bound=600.0
[2026-01-06 23:16:32] [25]: loss=0.448037, reward_mean=499.3, rw_bound=600.0
[2026-01-06 23:16:33] [25]: loss=0.442733, reward_mean=499.3, rw_bound=600.0
[2026-01-06 23:16:33] [25]: loss=0.437737, reward_mean=499.3, rw_bound=600.0
[2026-01-06 23:16:33] [25]: loss=0.432778, reward_mean=499.3, rw_bound=600.0
[2026-01-06 23:18:46] [26]: loss=0.494329, reward_mean=512.2, rw_bound=600.0
[2026-01-06 23:18:46] [26]: loss=0.491637, reward_mean=512.2, rw_bound=600.0
[2026-01-06 23:18:46] [26]: loss=0.484804, reward_mean=512.2, rw_bound=600.0
[2026-01-06 23:18:46] [26]: loss=0.482062, reward_mean=512.2, rw_bound=600.0
[2026-01-06 23:18:46] [26]: loss=0.482779, reward_mean=512.2, rw_bound=600.0
[2026-01-06 23:18:46] [26]: loss=0.506864, reward_mean=512.2, rw_bound=600.0
[2026-01-06 23:18:46] [26]: loss=0.529925, reward_mean=512.2, rw_bound=600.0
[2026-01-06 23:18:46] [26]: loss=0.493517, reward_mean=512.2, rw_bound=600.0
[2026-01-06 23:18:46] [26]: loss=0.456851, reward_mean=512.2, rw_bound=600.0
[2026-01-06 23:18:47] [26]: loss=0.482873, reward_mean=512.2, rw_bound=600.0
[2026-01-06 23:18:47] [26]: loss=0.456289, reward_mean=512.2, rw_bound=600.0
[2026-01-06 23:18:47] [26]: loss=0.444255, reward_mean=512.2, rw_bound=600.0
[2026-01-06 23:18:47] [26]: loss=0.454021, reward_mean=512.2, rw_bound=600.0
[2026-01-06 23:18:47] [26]: loss=0.429384, reward_mean=512.2, rw_bound=600.0
[2026-01-06 23:18:47] [26]: loss=0.438127, reward_mean=512.2, rw_bound=600.0
[2026-01-06 23:18:47] [26]: loss=0.424400, reward_mean=512.2, rw_bound=600.0
[2026-01-06 23:18:47] [26]: loss=0.418861, reward_mean=512.2, rw_bound=600.0
[2026-01-06 23:18:47] [26]: loss=0.418169, reward_mean=512.2, rw_bound=600.0
[2026-01-06 23:18:47] [26]: loss=0.405312, reward_mean=512.2, rw_bound=600.0
[2026-01-06 23:18:47] [26]: loss=0.407266, reward_mean=512.2, rw_bound=600.0
[2026-01-06 23:21:01] [27]: loss=0.456884, reward_mean=527.2, rw_bound=600.0
[2026-01-06 23:21:02] [27]: loss=0.478802, reward_mean=527.2, rw_bound=600.0
[2026-01-06 23:21:02] [27]: loss=0.463706, reward_mean=527.2, rw_bound=600.0
[2026-01-06 23:21:02] [27]: loss=0.451476, reward_mean=527.2, rw_bound=600.0
[2026-01-06 23:21:02] [27]: loss=0.458563, reward_mean=527.2, rw_bound=600.0
[2026-01-06 23:21:02] [27]: loss=0.440960, reward_mean=527.2, rw_bound=600.0
[2026-01-06 23:21:02] [27]: loss=0.442786, reward_mean=527.2, rw_bound=600.0
[2026-01-06 23:21:02] [27]: loss=0.432716, reward_mean=527.2, rw_bound=600.0
[2026-01-06 23:21:02] [27]: loss=0.423839, reward_mean=527.2, rw_bound=600.0
[2026-01-06 23:21:02] [27]: loss=0.425937, reward_mean=527.2, rw_bound=600.0
[2026-01-06 23:21:02] [27]: loss=0.410780, reward_mean=527.2, rw_bound=600.0
[2026-01-06 23:21:03] [27]: loss=0.412359, reward_mean=527.2, rw_bound=600.0
[2026-01-06 23:21:03] [27]: loss=0.404582, reward_mean=527.2, rw_bound=600.0
[2026-01-06 23:21:03] [27]: loss=0.399765, reward_mean=527.2, rw_bound=600.0
[2026-01-06 23:21:03] [27]: loss=0.397785, reward_mean=527.2, rw_bound=600.0
[2026-01-06 23:21:03] [27]: loss=0.390647, reward_mean=527.2, rw_bound=600.0
[2026-01-06 23:21:03] [27]: loss=0.389981, reward_mean=527.2, rw_bound=600.0
[2026-01-06 23:21:03] [27]: loss=0.382854, reward_mean=527.2, rw_bound=600.0
[2026-01-06 23:21:03] [27]: loss=0.380860, reward_mean=527.2, rw_bound=600.0
[2026-01-06 23:21:03] [27]: loss=0.376666, reward_mean=527.2, rw_bound=600.0
[2026-01-06 23:23:18] [28]: loss=0.421613, reward_mean=528.8, rw_bound=600.0
[2026-01-06 23:23:18] [28]: loss=0.420041, reward_mean=528.8, rw_bound=600.0
[2026-01-06 23:23:18] [28]: loss=0.415500, reward_mean=528.8, rw_bound=600.0
[2026-01-06 23:23:18] [28]: loss=0.408753, reward_mean=528.8, rw_bound=600.0
[2026-01-06 23:23:18] [28]: loss=0.403391, reward_mean=528.8, rw_bound=600.0
[2026-01-06 23:23:18] [28]: loss=0.397553, reward_mean=528.8, rw_bound=600.0
[2026-01-06 23:23:18] [28]: loss=0.391271, reward_mean=528.8, rw_bound=600.0
[2026-01-06 23:23:18] [28]: loss=0.387263, reward_mean=528.8, rw_bound=600.0
[2026-01-06 23:23:19] [28]: loss=0.383335, reward_mean=528.8, rw_bound=600.0
[2026-01-06 23:23:19] [28]: loss=0.378209, reward_mean=528.8, rw_bound=600.0
[2026-01-06 23:23:19] [28]: loss=0.373239, reward_mean=528.8, rw_bound=600.0
[2026-01-06 23:23:19] [28]: loss=0.369502, reward_mean=528.8, rw_bound=600.0
[2026-01-06 23:23:19] [28]: loss=0.365302, reward_mean=528.8, rw_bound=600.0
[2026-01-06 23:23:19] [28]: loss=0.360689, reward_mean=528.8, rw_bound=600.0
[2026-01-06 23:23:19] [28]: loss=0.356236, reward_mean=528.8, rw_bound=600.0
[2026-01-06 23:23:19] [28]: loss=0.352120, reward_mean=528.8, rw_bound=600.0
[2026-01-06 23:23:19] [28]: loss=0.347669, reward_mean=528.8, rw_bound=600.0
[2026-01-06 23:23:20] [28]: loss=0.343645, reward_mean=528.8, rw_bound=600.0
[2026-01-06 23:23:20] [28]: loss=0.340687, reward_mean=528.8, rw_bound=600.0
[2026-01-06 23:23:20] [28]: loss=0.337665, reward_mean=528.8, rw_bound=600.0
[2026-01-06 23:25:34] [29]: loss=0.377434, reward_mean=537.2, rw_bound=600.0
[2026-01-06 23:25:34] [29]: loss=0.374647, reward_mean=537.2, rw_bound=600.0
[2026-01-06 23:25:34] [29]: loss=0.375025, reward_mean=537.2, rw_bound=600.0
[2026-01-06 23:25:34] [29]: loss=0.383289, reward_mean=537.2, rw_bound=600.0
[2026-01-06 23:25:35] [29]: loss=0.400781, reward_mean=537.2, rw_bound=600.0
[2026-01-06 23:25:35] [29]: loss=0.406287, reward_mean=537.2, rw_bound=600.0
[2026-01-06 23:25:35] [29]: loss=0.381563, reward_mean=537.2, rw_bound=600.0
[2026-01-06 23:25:35] [29]: loss=0.356909, reward_mean=537.2, rw_bound=600.0
[2026-01-06 23:25:35] [29]: loss=0.365577, reward_mean=537.2, rw_bound=600.0
[2026-01-06 23:25:35] [29]: loss=0.366033, reward_mean=537.2, rw_bound=600.0
[2026-01-06 23:25:35] [29]: loss=0.347759, reward_mean=537.2, rw_bound=600.0
[2026-01-06 23:25:36] [29]: loss=0.352183, reward_mean=537.2, rw_bound=600.0
[2026-01-06 23:25:36] [29]: loss=0.348303, reward_mean=537.2, rw_bound=600.0
[2026-01-06 23:25:36] [29]: loss=0.336104, reward_mean=537.2, rw_bound=600.0
[2026-01-06 23:25:36] [29]: loss=0.343666, reward_mean=537.2, rw_bound=600.0
[2026-01-06 23:25:36] [29]: loss=0.334885, reward_mean=537.2, rw_bound=600.0
[2026-01-06 23:25:36] [29]: loss=0.328548, reward_mean=537.2, rw_bound=600.0
[2026-01-06 23:25:36] [29]: loss=0.335576, reward_mean=537.2, rw_bound=600.0
[2026-01-06 23:25:36] [29]: loss=0.319649, reward_mean=537.2, rw_bound=600.0
[2026-01-06 23:25:37] [29]: loss=0.323566, reward_mean=537.2, rw_bound=600.0
[2026-01-06 23:27:50] [30]: loss=0.370206, reward_mean=528.6, rw_bound=612.0
[2026-01-06 23:27:51] [30]: loss=0.400010, reward_mean=528.6, rw_bound=612.0
[2026-01-06 23:27:51] [30]: loss=0.401693, reward_mean=528.6, rw_bound=612.0
[2026-01-06 23:27:51] [30]: loss=0.364597, reward_mean=528.6, rw_bound=612.0
[2026-01-06 23:27:51] [30]: loss=0.380565, reward_mean=528.6, rw_bound=612.0
[2026-01-06 23:27:51] [30]: loss=0.360038, reward_mean=528.6, rw_bound=612.0
[2026-01-06 23:27:51] [30]: loss=0.343765, reward_mean=528.6, rw_bound=612.0
[2026-01-06 23:27:51] [30]: loss=0.351675, reward_mean=528.6, rw_bound=612.0
[2026-01-06 23:27:51] [30]: loss=0.326791, reward_mean=528.6, rw_bound=612.0
[2026-01-06 23:27:51] [30]: loss=0.335891, reward_mean=528.6, rw_bound=612.0
[2026-01-06 23:27:51] [30]: loss=0.317502, reward_mean=528.6, rw_bound=612.0
[2026-01-06 23:27:51] [30]: loss=0.317991, reward_mean=528.6, rw_bound=612.0
[2026-01-06 23:27:51] [30]: loss=0.309262, reward_mean=528.6, rw_bound=612.0
[2026-01-06 23:27:51] [30]: loss=0.304499, reward_mean=528.6, rw_bound=612.0
[2026-01-06 23:27:51] [30]: loss=0.301990, reward_mean=528.6, rw_bound=612.0
[2026-01-06 23:27:52] [30]: loss=0.294093, reward_mean=528.6, rw_bound=612.0
[2026-01-06 23:27:52] [30]: loss=0.293261, reward_mean=528.6, rw_bound=612.0
[2026-01-06 23:27:52] [30]: loss=0.286337, reward_mean=528.6, rw_bound=612.0
[2026-01-06 23:27:52] [30]: loss=0.282715, reward_mean=528.6, rw_bound=612.0
[2026-01-06 23:27:52] [30]: loss=0.279122, reward_mean=528.6, rw_bound=612.0
[2026-01-06 23:30:05] [31]: loss=0.349758, reward_mean=534.1, rw_bound=620.0
[2026-01-06 23:30:05] [31]: loss=0.350939, reward_mean=534.1, rw_bound=620.0
[2026-01-06 23:30:05] [31]: loss=0.342987, reward_mean=534.1, rw_bound=620.0
[2026-01-06 23:30:05] [31]: loss=0.334214, reward_mean=534.1, rw_bound=620.0
[2026-01-06 23:30:05] [31]: loss=0.328352, reward_mean=534.1, rw_bound=620.0
[2026-01-06 23:30:05] [31]: loss=0.321684, reward_mean=534.1, rw_bound=620.0
[2026-01-06 23:30:05] [31]: loss=0.315845, reward_mean=534.1, rw_bound=620.0
[2026-01-06 23:30:05] [31]: loss=0.308564, reward_mean=534.1, rw_bound=620.0
[2026-01-06 23:30:05] [31]: loss=0.303347, reward_mean=534.1, rw_bound=620.0
[2026-01-06 23:30:05] [31]: loss=0.299811, reward_mean=534.1, rw_bound=620.0
[2026-01-06 23:30:05] [31]: loss=0.296356, reward_mean=534.1, rw_bound=620.0
[2026-01-06 23:30:05] [31]: loss=0.297642, reward_mean=534.1, rw_bound=620.0
[2026-01-06 23:30:05] [31]: loss=0.293223, reward_mean=534.1, rw_bound=620.0
[2026-01-06 23:30:05] [31]: loss=0.285678, reward_mean=534.1, rw_bound=620.0
[2026-01-06 23:30:06] [31]: loss=0.276619, reward_mean=534.1, rw_bound=620.0
[2026-01-06 23:30:06] [31]: loss=0.269867, reward_mean=534.1, rw_bound=620.0
[2026-01-06 23:30:06] [31]: loss=0.267221, reward_mean=534.1, rw_bound=620.0
[2026-01-06 23:30:06] [31]: loss=0.267176, reward_mean=534.1, rw_bound=620.0
[2026-01-06 23:30:06] [31]: loss=0.264439, reward_mean=534.1, rw_bound=620.0
[2026-01-06 23:30:06] [31]: loss=0.258016, reward_mean=534.1, rw_bound=620.0
[2026-01-06 23:32:20] [32]: loss=0.321651, reward_mean=533.6, rw_bound=620.0
[2026-01-06 23:32:20] [32]: loss=0.324665, reward_mean=533.6, rw_bound=620.0
[2026-01-06 23:32:20] [32]: loss=0.324090, reward_mean=533.6, rw_bound=620.0
[2026-01-06 23:32:21] [32]: loss=0.327296, reward_mean=533.6, rw_bound=620.0
[2026-01-06 23:32:21] [32]: loss=0.326790, reward_mean=533.6, rw_bound=620.0
[2026-01-06 23:32:21] [32]: loss=0.310675, reward_mean=533.6, rw_bound=620.0
[2026-01-06 23:32:21] [32]: loss=0.295397, reward_mean=533.6, rw_bound=620.0
[2026-01-06 23:32:21] [32]: loss=0.296021, reward_mean=533.6, rw_bound=620.0
[2026-01-06 23:32:21] [32]: loss=0.300518, reward_mean=533.6, rw_bound=620.0
[2026-01-06 23:32:21] [32]: loss=0.291516, reward_mean=533.6, rw_bound=620.0
[2026-01-06 23:32:21] [32]: loss=0.281564, reward_mean=533.6, rw_bound=620.0
[2026-01-06 23:32:21] [32]: loss=0.280080, reward_mean=533.6, rw_bound=620.0
[2026-01-06 23:32:21] [32]: loss=0.272111, reward_mean=533.6, rw_bound=620.0
[2026-01-06 23:32:21] [32]: loss=0.275397, reward_mean=533.6, rw_bound=620.0
[2026-01-06 23:32:21] [32]: loss=0.264892, reward_mean=533.6, rw_bound=620.0
[2026-01-06 23:32:22] [32]: loss=0.257120, reward_mean=533.6, rw_bound=620.0
[2026-01-06 23:32:22] [32]: loss=0.262844, reward_mean=533.6, rw_bound=620.0
[2026-01-06 23:32:22] [32]: loss=0.251317, reward_mean=533.6, rw_bound=620.0
[2026-01-06 23:32:22] [32]: loss=0.247968, reward_mean=533.6, rw_bound=620.0
[2026-01-06 23:32:22] [32]: loss=0.245919, reward_mean=533.6, rw_bound=620.0
[2026-01-06 23:34:36] [33]: loss=0.303197, reward_mean=547.5, rw_bound=620.0
[2026-01-06 23:34:36] [33]: loss=0.307826, reward_mean=547.5, rw_bound=620.0
[2026-01-06 23:34:36] [33]: loss=0.310968, reward_mean=547.5, rw_bound=620.0
[2026-01-06 23:34:36] [33]: loss=0.303382, reward_mean=547.5, rw_bound=620.0
[2026-01-06 23:34:36] [33]: loss=0.293579, reward_mean=547.5, rw_bound=620.0
[2026-01-06 23:34:36] [33]: loss=0.283816, reward_mean=547.5, rw_bound=620.0
[2026-01-06 23:34:36] [33]: loss=0.280417, reward_mean=547.5, rw_bound=620.0
[2026-01-06 23:34:36] [33]: loss=0.275947, reward_mean=547.5, rw_bound=620.0
[2026-01-06 23:34:36] [33]: loss=0.270560, reward_mean=547.5, rw_bound=620.0
[2026-01-06 23:34:37] [33]: loss=0.260893, reward_mean=547.5, rw_bound=620.0
[2026-01-06 23:34:37] [33]: loss=0.254520, reward_mean=547.5, rw_bound=620.0
[2026-01-06 23:34:37] [33]: loss=0.256234, reward_mean=547.5, rw_bound=620.0
[2026-01-06 23:34:37] [33]: loss=0.250989, reward_mean=547.5, rw_bound=620.0
[2026-01-06 23:34:37] [33]: loss=0.243956, reward_mean=547.5, rw_bound=620.0
[2026-01-06 23:34:37] [33]: loss=0.238527, reward_mean=547.5, rw_bound=620.0
[2026-01-06 23:34:37] [33]: loss=0.236722, reward_mean=547.5, rw_bound=620.0
[2026-01-06 23:34:37] [33]: loss=0.233508, reward_mean=547.5, rw_bound=620.0
[2026-01-06 23:34:37] [33]: loss=0.228347, reward_mean=547.5, rw_bound=620.0
[2026-01-06 23:34:37] [33]: loss=0.225727, reward_mean=547.5, rw_bound=620.0
[2026-01-06 23:34:37] [33]: loss=0.224847, reward_mean=547.5, rw_bound=620.0
[2026-01-06 23:36:52] [34]: loss=0.288589, reward_mean=550.5, rw_bound=620.0
[2026-01-06 23:36:52] [34]: loss=0.290989, reward_mean=550.5, rw_bound=620.0
[2026-01-06 23:36:52] [34]: loss=0.292084, reward_mean=550.5, rw_bound=620.0
[2026-01-06 23:36:52] [34]: loss=0.294553, reward_mean=550.5, rw_bound=620.0
[2026-01-06 23:36:52] [34]: loss=0.297139, reward_mean=550.5, rw_bound=620.0
[2026-01-06 23:36:52] [34]: loss=0.293610, reward_mean=550.5, rw_bound=620.0
[2026-01-06 23:36:52] [34]: loss=0.282949, reward_mean=550.5, rw_bound=620.0
[2026-01-06 23:36:52] [34]: loss=0.271373, reward_mean=550.5, rw_bound=620.0
[2026-01-06 23:36:52] [34]: loss=0.263915, reward_mean=550.5, rw_bound=620.0
[2026-01-06 23:36:52] [34]: loss=0.262240, reward_mean=550.5, rw_bound=620.0
[2026-01-06 23:36:53] [34]: loss=0.256591, reward_mean=550.5, rw_bound=620.0
[2026-01-06 23:36:53] [34]: loss=0.250350, reward_mean=550.5, rw_bound=620.0
[2026-01-06 23:36:53] [34]: loss=0.244071, reward_mean=550.5, rw_bound=620.0
[2026-01-06 23:36:53] [34]: loss=0.243777, reward_mean=550.5, rw_bound=620.0
[2026-01-06 23:36:53] [34]: loss=0.239184, reward_mean=550.5, rw_bound=620.0
[2026-01-06 23:36:53] [34]: loss=0.234312, reward_mean=550.5, rw_bound=620.0
[2026-01-06 23:36:53] [34]: loss=0.233654, reward_mean=550.5, rw_bound=620.0
[2026-01-06 23:36:53] [34]: loss=0.229881, reward_mean=550.5, rw_bound=620.0
[2026-01-06 23:36:53] [34]: loss=0.225626, reward_mean=550.5, rw_bound=620.0
[2026-01-06 23:36:53] [34]: loss=0.225874, reward_mean=550.5, rw_bound=620.0
[2026-01-06 23:39:07] [35]: loss=0.281514, reward_mean=550.5, rw_bound=620.0
[2026-01-06 23:39:07] [35]: loss=0.301289, reward_mean=550.5, rw_bound=620.0
[2026-01-06 23:39:07] [35]: loss=0.322022, reward_mean=550.5, rw_bound=620.0
[2026-01-06 23:39:08] [35]: loss=0.310305, reward_mean=550.5, rw_bound=620.0
[2026-01-06 23:39:08] [35]: loss=0.292161, reward_mean=550.5, rw_bound=620.0
[2026-01-06 23:39:08] [35]: loss=0.295748, reward_mean=550.5, rw_bound=620.0
[2026-01-06 23:39:08] [35]: loss=0.266189, reward_mean=550.5, rw_bound=620.0
[2026-01-06 23:39:08] [35]: loss=0.273636, reward_mean=550.5, rw_bound=620.0
[2026-01-06 23:39:08] [35]: loss=0.267651, reward_mean=550.5, rw_bound=620.0
[2026-01-06 23:39:08] [35]: loss=0.251824, reward_mean=550.5, rw_bound=620.0
[2026-01-06 23:39:08] [35]: loss=0.258353, reward_mean=550.5, rw_bound=620.0
[2026-01-06 23:39:08] [35]: loss=0.241806, reward_mean=550.5, rw_bound=620.0
[2026-01-06 23:39:08] [35]: loss=0.246133, reward_mean=550.5, rw_bound=620.0
[2026-01-06 23:39:08] [35]: loss=0.235700, reward_mean=550.5, rw_bound=620.0
[2026-01-06 23:39:09] [35]: loss=0.233954, reward_mean=550.5, rw_bound=620.0
[2026-01-06 23:39:09] [35]: loss=0.232371, reward_mean=550.5, rw_bound=620.0
[2026-01-06 23:39:09] [35]: loss=0.224521, reward_mean=550.5, rw_bound=620.0
[2026-01-06 23:39:09] [35]: loss=0.227923, reward_mean=550.5, rw_bound=620.0
[2026-01-06 23:39:09] [35]: loss=0.217637, reward_mean=550.5, rw_bound=620.0
[2026-01-06 23:39:09] [35]: loss=0.220931, reward_mean=550.5, rw_bound=620.0
[2026-01-06 23:41:23] [36]: loss=0.268764, reward_mean=545.6, rw_bound=620.0
[2026-01-06 23:41:23] [36]: loss=0.277280, reward_mean=545.6, rw_bound=620.0
[2026-01-06 23:41:23] [36]: loss=0.267004, reward_mean=545.6, rw_bound=620.0
[2026-01-06 23:41:24] [36]: loss=0.263089, reward_mean=545.6, rw_bound=620.0
[2026-01-06 23:41:24] [36]: loss=0.260233, reward_mean=545.6, rw_bound=620.0
[2026-01-06 23:41:24] [36]: loss=0.249575, reward_mean=545.6, rw_bound=620.0
[2026-01-06 23:41:24] [36]: loss=0.247301, reward_mean=545.6, rw_bound=620.0
[2026-01-06 23:41:24] [36]: loss=0.242965, reward_mean=545.6, rw_bound=620.0
[2026-01-06 23:41:24] [36]: loss=0.237463, reward_mean=545.6, rw_bound=620.0
[2026-01-06 23:41:24] [36]: loss=0.234378, reward_mean=545.6, rw_bound=620.0
[2026-01-06 23:41:24] [36]: loss=0.229908, reward_mean=545.6, rw_bound=620.0
[2026-01-06 23:41:24] [36]: loss=0.227050, reward_mean=545.6, rw_bound=620.0
[2026-01-06 23:41:24] [36]: loss=0.224771, reward_mean=545.6, rw_bound=620.0
[2026-01-06 23:41:25] [36]: loss=0.220811, reward_mean=545.6, rw_bound=620.0
[2026-01-06 23:41:25] [36]: loss=0.218093, reward_mean=545.6, rw_bound=620.0
[2026-01-06 23:41:25] [36]: loss=0.215496, reward_mean=545.6, rw_bound=620.0
[2026-01-06 23:41:25] [36]: loss=0.213967, reward_mean=545.6, rw_bound=620.0
[2026-01-06 23:41:25] [36]: loss=0.211870, reward_mean=545.6, rw_bound=620.0
[2026-01-06 23:41:25] [36]: loss=0.208457, reward_mean=545.6, rw_bound=620.0
[2026-01-06 23:41:25] [36]: loss=0.206251, reward_mean=545.6, rw_bound=620.0
[2026-01-06 23:43:40] [37]: loss=0.246194, reward_mean=563.5, rw_bound=620.0
[2026-01-06 23:43:40] [37]: loss=0.246150, reward_mean=563.5, rw_bound=620.0
[2026-01-06 23:43:40] [37]: loss=0.243070, reward_mean=563.5, rw_bound=620.0
[2026-01-06 23:43:40] [37]: loss=0.237720, reward_mean=563.5, rw_bound=620.0
[2026-01-06 23:43:40] [37]: loss=0.233304, reward_mean=563.5, rw_bound=620.0
[2026-01-06 23:43:40] [37]: loss=0.229073, reward_mean=563.5, rw_bound=620.0
[2026-01-06 23:43:40] [37]: loss=0.225430, reward_mean=563.5, rw_bound=620.0
[2026-01-06 23:43:40] [37]: loss=0.223739, reward_mean=563.5, rw_bound=620.0
[2026-01-06 23:43:41] [37]: loss=0.221945, reward_mean=563.5, rw_bound=620.0
[2026-01-06 23:43:41] [37]: loss=0.220257, reward_mean=563.5, rw_bound=620.0
[2026-01-06 23:43:41] [37]: loss=0.218417, reward_mean=563.5, rw_bound=620.0
[2026-01-06 23:43:41] [37]: loss=0.218875, reward_mean=563.5, rw_bound=620.0
[2026-01-06 23:43:41] [37]: loss=0.219238, reward_mean=563.5, rw_bound=620.0
[2026-01-06 23:43:41] [37]: loss=0.222690, reward_mean=563.5, rw_bound=620.0
[2026-01-06 23:43:41] [37]: loss=0.216816, reward_mean=563.5, rw_bound=620.0
[2026-01-06 23:43:41] [37]: loss=0.207784, reward_mean=563.5, rw_bound=620.0
[2026-01-06 23:43:42] [37]: loss=0.200575, reward_mean=563.5, rw_bound=620.0
[2026-01-06 23:43:42] [37]: loss=0.199915, reward_mean=563.5, rw_bound=620.0
[2026-01-06 23:43:42] [37]: loss=0.202449, reward_mean=563.5, rw_bound=620.0
[2026-01-06 23:43:42] [37]: loss=0.201039, reward_mean=563.5, rw_bound=620.0
[2026-01-06 23:45:56] [38]: loss=0.232037, reward_mean=555.9, rw_bound=620.0
[2026-01-06 23:45:56] [38]: loss=0.247442, reward_mean=555.9, rw_bound=620.0
[2026-01-06 23:45:56] [38]: loss=0.262380, reward_mean=555.9, rw_bound=620.0
[2026-01-06 23:45:56] [38]: loss=0.256944, reward_mean=555.9, rw_bound=620.0
[2026-01-06 23:45:56] [38]: loss=0.232497, reward_mean=555.9, rw_bound=620.0
[2026-01-06 23:45:56] [38]: loss=0.237019, reward_mean=555.9, rw_bound=620.0
[2026-01-06 23:45:57] [38]: loss=0.239166, reward_mean=555.9, rw_bound=620.0
[2026-01-06 23:45:57] [38]: loss=0.223348, reward_mean=555.9, rw_bound=620.0
[2026-01-06 23:45:57] [38]: loss=0.229701, reward_mean=555.9, rw_bound=620.0
[2026-01-06 23:45:57] [38]: loss=0.224029, reward_mean=555.9, rw_bound=620.0
[2026-01-06 23:45:57] [38]: loss=0.207877, reward_mean=555.9, rw_bound=620.0
[2026-01-06 23:45:57] [38]: loss=0.217055, reward_mean=555.9, rw_bound=620.0
[2026-01-06 23:45:57] [38]: loss=0.206122, reward_mean=555.9, rw_bound=620.0
[2026-01-06 23:45:57] [38]: loss=0.200011, reward_mean=555.9, rw_bound=620.0
[2026-01-06 23:45:57] [38]: loss=0.204478, reward_mean=555.9, rw_bound=620.0
[2026-01-06 23:45:58] [38]: loss=0.194059, reward_mean=555.9, rw_bound=620.0
[2026-01-06 23:45:58] [38]: loss=0.196022, reward_mean=555.9, rw_bound=620.0
[2026-01-06 23:45:58] [38]: loss=0.191691, reward_mean=555.9, rw_bound=620.0
[2026-01-06 23:45:58] [38]: loss=0.188545, reward_mean=555.9, rw_bound=620.0
[2026-01-06 23:45:58] [38]: loss=0.187572, reward_mean=555.9, rw_bound=620.0
[2026-01-06 23:48:12] [39]: loss=0.220553, reward_mean=566.9, rw_bound=620.0
[2026-01-06 23:48:12] [39]: loss=0.225808, reward_mean=566.9, rw_bound=620.0
[2026-01-06 23:48:12] [39]: loss=0.219833, reward_mean=566.9, rw_bound=620.0
[2026-01-06 23:48:12] [39]: loss=0.214547, reward_mean=566.9, rw_bound=620.0
[2026-01-06 23:48:12] [39]: loss=0.212451, reward_mean=566.9, rw_bound=620.0
[2026-01-06 23:48:13] [39]: loss=0.208954, reward_mean=566.9, rw_bound=620.0
[2026-01-06 23:48:13] [39]: loss=0.204435, reward_mean=566.9, rw_bound=620.0
[2026-01-06 23:48:13] [39]: loss=0.201443, reward_mean=566.9, rw_bound=620.0
[2026-01-06 23:48:13] [39]: loss=0.199856, reward_mean=566.9, rw_bound=620.0
[2026-01-06 23:48:13] [39]: loss=0.194172, reward_mean=566.9, rw_bound=620.0
[2026-01-06 23:48:13] [39]: loss=0.194280, reward_mean=566.9, rw_bound=620.0
[2026-01-06 23:48:13] [39]: loss=0.190478, reward_mean=566.9, rw_bound=620.0
[2026-01-06 23:48:14] [39]: loss=0.187639, reward_mean=566.9, rw_bound=620.0
[2026-01-06 23:48:14] [39]: loss=0.186672, reward_mean=566.9, rw_bound=620.0
[2026-01-06 23:48:14] [39]: loss=0.183826, reward_mean=566.9, rw_bound=620.0
[2026-01-06 23:48:14] [39]: loss=0.182024, reward_mean=566.9, rw_bound=620.0
[2026-01-06 23:48:14] [39]: loss=0.180072, reward_mean=566.9, rw_bound=620.0
[2026-01-06 23:48:14] [39]: loss=0.178838, reward_mean=566.9, rw_bound=620.0
[2026-01-06 23:48:15] [39]: loss=0.176466, reward_mean=566.9, rw_bound=620.0
[2026-01-06 23:48:15] [39]: loss=0.175528, reward_mean=566.9, rw_bound=620.0
[2026-01-06 23:50:30] [40]: loss=0.210800, reward_mean=571.7, rw_bound=620.0
[2026-01-06 23:50:30] [40]: loss=0.209884, reward_mean=571.7, rw_bound=620.0
[2026-01-06 23:50:30] [40]: loss=0.206073, reward_mean=571.7, rw_bound=620.0
[2026-01-06 23:50:30] [40]: loss=0.203110, reward_mean=571.7, rw_bound=620.0
[2026-01-06 23:50:30] [40]: loss=0.199154, reward_mean=571.7, rw_bound=620.0
[2026-01-06 23:50:31] [40]: loss=0.195542, reward_mean=571.7, rw_bound=620.0
[2026-01-06 23:50:31] [40]: loss=0.192397, reward_mean=571.7, rw_bound=620.0
[2026-01-06 23:50:31] [40]: loss=0.188734, reward_mean=571.7, rw_bound=620.0
[2026-01-06 23:50:31] [40]: loss=0.186269, reward_mean=571.7, rw_bound=620.0
[2026-01-06 23:50:31] [40]: loss=0.183659, reward_mean=571.7, rw_bound=620.0
[2026-01-06 23:50:31] [40]: loss=0.181548, reward_mean=571.7, rw_bound=620.0
[2026-01-06 23:50:31] [40]: loss=0.179361, reward_mean=571.7, rw_bound=620.0
[2026-01-06 23:50:32] [40]: loss=0.177048, reward_mean=571.7, rw_bound=620.0
[2026-01-06 23:50:32] [40]: loss=0.175124, reward_mean=571.7, rw_bound=620.0
[2026-01-06 23:50:32] [40]: loss=0.173007, reward_mean=571.7, rw_bound=620.0
[2026-01-06 23:50:32] [40]: loss=0.171172, reward_mean=571.7, rw_bound=620.0
[2026-01-06 23:50:32] [40]: loss=0.169547, reward_mean=571.7, rw_bound=620.0
[2026-01-06 23:50:32] [40]: loss=0.168016, reward_mean=571.7, rw_bound=620.0
[2026-01-06 23:50:32] [40]: loss=0.166455, reward_mean=571.7, rw_bound=620.0
[2026-01-06 23:50:33] [40]: loss=0.164969, reward_mean=571.7, rw_bound=620.0
[2026-01-06 23:53:07] [41]: loss=0.204714, reward_mean=574.4, rw_bound=620.0
[2026-01-06 23:53:07] [41]: loss=0.202880, reward_mean=574.4, rw_bound=620.0
[2026-01-06 23:53:07] [41]: loss=0.200842, reward_mean=574.4, rw_bound=620.0
[2026-01-06 23:53:08] [41]: loss=0.201951, reward_mean=574.4, rw_bound=620.0
[2026-01-06 23:53:08] [41]: loss=0.208751, reward_mean=574.4, rw_bound=620.0
[2026-01-06 23:53:08] [41]: loss=0.217905, reward_mean=574.4, rw_bound=620.0
[2026-01-06 23:53:08] [41]: loss=0.227471, reward_mean=574.4, rw_bound=620.0
[2026-01-06 23:53:08] [41]: loss=0.213692, reward_mean=574.4, rw_bound=620.0
[2026-01-06 23:53:08] [41]: loss=0.193546, reward_mean=574.4, rw_bound=620.0
[2026-01-06 23:53:09] [41]: loss=0.188336, reward_mean=574.4, rw_bound=620.0
[2026-01-06 23:53:09] [41]: loss=0.199181, reward_mean=574.4, rw_bound=620.0
[2026-01-06 23:53:09] [41]: loss=0.196223, reward_mean=574.4, rw_bound=620.0
[2026-01-06 23:53:09] [41]: loss=0.181865, reward_mean=574.4, rw_bound=620.0
[2026-01-06 23:53:09] [41]: loss=0.184586, reward_mean=574.4, rw_bound=620.0
[2026-01-06 23:53:09] [41]: loss=0.187649, reward_mean=574.4, rw_bound=620.0
[2026-01-06 23:53:10] [41]: loss=0.182561, reward_mean=574.4, rw_bound=620.0
[2026-01-06 23:53:10] [41]: loss=0.174295, reward_mean=574.4, rw_bound=620.0
[2026-01-06 23:53:10] [41]: loss=0.177990, reward_mean=574.4, rw_bound=620.0
[2026-01-06 23:53:10] [41]: loss=0.174525, reward_mean=574.4, rw_bound=620.0
[2026-01-06 23:53:10] [41]: loss=0.170084, reward_mean=574.4, rw_bound=620.0
[2026-01-06 23:55:24] [42]: loss=0.192041, reward_mean=567.0, rw_bound=620.0
[2026-01-06 23:55:24] [42]: loss=0.198386, reward_mean=567.0, rw_bound=620.0
[2026-01-06 23:55:24] [42]: loss=0.194958, reward_mean=567.0, rw_bound=620.0
[2026-01-06 23:55:24] [42]: loss=0.185802, reward_mean=567.0, rw_bound=620.0
[2026-01-06 23:55:25] [42]: loss=0.183453, reward_mean=567.0, rw_bound=620.0
[2026-01-06 23:55:25] [42]: loss=0.185305, reward_mean=567.0, rw_bound=620.0
[2026-01-06 23:55:25] [42]: loss=0.175310, reward_mean=567.0, rw_bound=620.0
[2026-01-06 23:55:25] [42]: loss=0.175121, reward_mean=567.0, rw_bound=620.0
[2026-01-06 23:55:25] [42]: loss=0.174528, reward_mean=567.0, rw_bound=620.0
[2026-01-06 23:55:25] [42]: loss=0.167316, reward_mean=567.0, rw_bound=620.0
[2026-01-06 23:55:25] [42]: loss=0.167414, reward_mean=567.0, rw_bound=620.0
[2026-01-06 23:55:26] [42]: loss=0.165971, reward_mean=567.0, rw_bound=620.0
[2026-01-06 23:55:26] [42]: loss=0.160451, reward_mean=567.0, rw_bound=620.0
[2026-01-06 23:55:26] [42]: loss=0.162215, reward_mean=567.0, rw_bound=620.0
[2026-01-06 23:55:26] [42]: loss=0.158855, reward_mean=567.0, rw_bound=620.0
[2026-01-06 23:55:26] [42]: loss=0.155527, reward_mean=567.0, rw_bound=620.0
[2026-01-06 23:55:26] [42]: loss=0.156716, reward_mean=567.0, rw_bound=620.0
[2026-01-06 23:55:26] [42]: loss=0.152948, reward_mean=567.0, rw_bound=620.0
[2026-01-06 23:55:27] [42]: loss=0.151681, reward_mean=567.0, rw_bound=620.0
[2026-01-06 23:55:27] [42]: loss=0.151302, reward_mean=567.0, rw_bound=620.0
[2026-01-06 23:57:42] [43]: loss=0.183613, reward_mean=569.1, rw_bound=630.0
[2026-01-06 23:57:42] [43]: loss=0.179265, reward_mean=569.1, rw_bound=630.0
[2026-01-06 23:57:42] [43]: loss=0.172797, reward_mean=569.1, rw_bound=630.0
[2026-01-06 23:57:42] [43]: loss=0.165737, reward_mean=569.1, rw_bound=630.0
[2026-01-06 23:57:42] [43]: loss=0.158891, reward_mean=569.1, rw_bound=630.0
[2026-01-06 23:57:42] [43]: loss=0.153548, reward_mean=569.1, rw_bound=630.0
[2026-01-06 23:57:42] [43]: loss=0.148100, reward_mean=569.1, rw_bound=630.0
[2026-01-06 23:57:42] [43]: loss=0.144673, reward_mean=569.1, rw_bound=630.0
[2026-01-06 23:57:42] [43]: loss=0.140775, reward_mean=569.1, rw_bound=630.0
[2026-01-06 23:57:42] [43]: loss=0.136674, reward_mean=569.1, rw_bound=630.0
[2026-01-06 23:57:42] [43]: loss=0.133944, reward_mean=569.1, rw_bound=630.0
[2026-01-06 23:57:42] [43]: loss=0.131405, reward_mean=569.1, rw_bound=630.0
[2026-01-06 23:57:42] [43]: loss=0.128353, reward_mean=569.1, rw_bound=630.0
[2026-01-06 23:57:43] [43]: loss=0.126704, reward_mean=569.1, rw_bound=630.0
[2026-01-06 23:57:43] [43]: loss=0.124128, reward_mean=569.1, rw_bound=630.0
[2026-01-06 23:57:43] [43]: loss=0.122275, reward_mean=569.1, rw_bound=630.0
[2026-01-06 23:57:43] [43]: loss=0.120064, reward_mean=569.1, rw_bound=630.0
[2026-01-06 23:57:43] [43]: loss=0.117113, reward_mean=569.1, rw_bound=630.0
[2026-01-06 23:57:43] [43]: loss=0.115949, reward_mean=569.1, rw_bound=630.0
[2026-01-06 23:57:43] [43]: loss=0.114466, reward_mean=569.1, rw_bound=630.0
[2026-01-06 23:59:58] [44]: loss=0.167269, reward_mean=573.8, rw_bound=630.0
[2026-01-06 23:59:58] [44]: loss=0.162107, reward_mean=573.8, rw_bound=630.0
[2026-01-06 23:59:59] [44]: loss=0.157306, reward_mean=573.8, rw_bound=630.0
[2026-01-06 23:59:59] [44]: loss=0.155351, reward_mean=573.8, rw_bound=630.0
[2026-01-06 23:59:59] [44]: loss=0.154388, reward_mean=573.8, rw_bound=630.0
[2026-01-06 23:59:59] [44]: loss=0.152211, reward_mean=573.8, rw_bound=630.0
[2026-01-06 23:59:59] [44]: loss=0.146437, reward_mean=573.8, rw_bound=630.0
[2026-01-06 23:59:59] [44]: loss=0.145894, reward_mean=573.8, rw_bound=630.0
[2026-01-06 23:59:59] [44]: loss=0.147710, reward_mean=573.8, rw_bound=630.0
[2026-01-06 23:59:59] [44]: loss=0.150394, reward_mean=573.8, rw_bound=630.0
[2026-01-06 23:59:59] [44]: loss=0.146175, reward_mean=573.8, rw_bound=630.0
[2026-01-06 23:59:59] [44]: loss=0.127986, reward_mean=573.8, rw_bound=630.0
[2026-01-06 23:59:59] [44]: loss=0.129944, reward_mean=573.8, rw_bound=630.0
[2026-01-06 23:59:59] [44]: loss=0.133544, reward_mean=573.8, rw_bound=630.0
[2026-01-06 23:59:59] [44]: loss=0.126436, reward_mean=573.8, rw_bound=630.0
[2026-01-07 00:00:00] [44]: loss=0.120800, reward_mean=573.8, rw_bound=630.0
[2026-01-07 00:00:00] [44]: loss=0.122433, reward_mean=573.8, rw_bound=630.0
[2026-01-07 00:00:00] [44]: loss=0.115794, reward_mean=573.8, rw_bound=630.0
[2026-01-07 00:00:00] [44]: loss=0.116247, reward_mean=573.8, rw_bound=630.0
[2026-01-07 00:00:00] [44]: loss=0.115036, reward_mean=573.8, rw_bound=630.0
[2026-01-07 00:02:16] [45]: loss=0.159501, reward_mean=573.9, rw_bound=630.0
[2026-01-07 00:02:16] [45]: loss=0.166544, reward_mean=573.9, rw_bound=630.0
[2026-01-07 00:02:16] [45]: loss=0.185787, reward_mean=573.9, rw_bound=630.0
[2026-01-07 00:02:16] [45]: loss=0.201749, reward_mean=573.9, rw_bound=630.0
[2026-01-07 00:02:16] [45]: loss=0.221831, reward_mean=573.9, rw_bound=630.0
[2026-01-07 00:02:16] [45]: loss=0.214899, reward_mean=573.9, rw_bound=630.0
[2026-01-07 00:02:16] [45]: loss=0.162451, reward_mean=573.9, rw_bound=630.0
[2026-01-07 00:02:16] [45]: loss=0.183789, reward_mean=573.9, rw_bound=630.0
[2026-01-07 00:02:16] [45]: loss=0.170516, reward_mean=573.9, rw_bound=630.0
[2026-01-07 00:02:17] [45]: loss=0.166493, reward_mean=573.9, rw_bound=630.0
[2026-01-07 00:02:17] [45]: loss=0.146567, reward_mean=573.9, rw_bound=630.0
[2026-01-07 00:02:17] [45]: loss=0.160110, reward_mean=573.9, rw_bound=630.0
[2026-01-07 00:02:17] [45]: loss=0.142525, reward_mean=573.9, rw_bound=630.0
[2026-01-07 00:02:17] [45]: loss=0.144919, reward_mean=573.9, rw_bound=630.0
[2026-01-07 00:02:17] [45]: loss=0.136340, reward_mean=573.9, rw_bound=630.0
[2026-01-07 00:02:17] [45]: loss=0.134309, reward_mean=573.9, rw_bound=630.0
[2026-01-07 00:02:17] [45]: loss=0.132821, reward_mean=573.9, rw_bound=630.0
[2026-01-07 00:02:17] [45]: loss=0.127996, reward_mean=573.9, rw_bound=630.0
[2026-01-07 00:02:17] [45]: loss=0.127223, reward_mean=573.9, rw_bound=630.0
[2026-01-07 00:02:18] [45]: loss=0.125002, reward_mean=573.9, rw_bound=630.0
[2026-01-07 00:04:33] [46]: loss=0.160687, reward_mean=578.4, rw_bound=634.0
[2026-01-07 00:04:33] [46]: loss=0.161261, reward_mean=578.4, rw_bound=634.0
[2026-01-07 00:04:33] [46]: loss=0.155432, reward_mean=578.4, rw_bound=634.0
[2026-01-07 00:04:33] [46]: loss=0.146362, reward_mean=578.4, rw_bound=634.0
[2026-01-07 00:04:33] [46]: loss=0.139944, reward_mean=578.4, rw_bound=634.0
[2026-01-07 00:04:33] [46]: loss=0.137284, reward_mean=578.4, rw_bound=634.0
[2026-01-07 00:04:33] [46]: loss=0.132617, reward_mean=578.4, rw_bound=634.0
[2026-01-07 00:04:33] [46]: loss=0.127324, reward_mean=578.4, rw_bound=634.0
[2026-01-07 00:04:33] [46]: loss=0.125420, reward_mean=578.4, rw_bound=634.0
[2026-01-07 00:04:33] [46]: loss=0.121829, reward_mean=578.4, rw_bound=634.0
[2026-01-07 00:04:33] [46]: loss=0.118844, reward_mean=578.4, rw_bound=634.0
[2026-01-07 00:04:33] [46]: loss=0.116715, reward_mean=578.4, rw_bound=634.0
[2026-01-07 00:04:34] [46]: loss=0.114641, reward_mean=578.4, rw_bound=634.0
[2026-01-07 00:04:34] [46]: loss=0.112608, reward_mean=578.4, rw_bound=634.0
[2026-01-07 00:04:34] [46]: loss=0.111152, reward_mean=578.4, rw_bound=634.0
[2026-01-07 00:04:34] [46]: loss=0.109317, reward_mean=578.4, rw_bound=634.0
[2026-01-07 00:04:34] [46]: loss=0.107488, reward_mean=578.4, rw_bound=634.0
[2026-01-07 00:04:34] [46]: loss=0.106293, reward_mean=578.4, rw_bound=634.0
[2026-01-07 00:04:34] [46]: loss=0.104835, reward_mean=578.4, rw_bound=634.0
[2026-01-07 00:04:34] [46]: loss=0.103701, reward_mean=578.4, rw_bound=634.0
[2026-01-07 00:06:50] [47]: loss=0.151428, reward_mean=574.7, rw_bound=634.0
[2026-01-07 00:06:50] [47]: loss=0.148054, reward_mean=574.7, rw_bound=634.0
[2026-01-07 00:06:50] [47]: loss=0.142410, reward_mean=574.7, rw_bound=634.0
[2026-01-07 00:06:50] [47]: loss=0.136511, reward_mean=574.7, rw_bound=634.0
[2026-01-07 00:06:50] [47]: loss=0.130420, reward_mean=574.7, rw_bound=634.0
[2026-01-07 00:06:50] [47]: loss=0.125381, reward_mean=574.7, rw_bound=634.0
[2026-01-07 00:06:50] [47]: loss=0.121624, reward_mean=574.7, rw_bound=634.0
[2026-01-07 00:06:50] [47]: loss=0.118378, reward_mean=574.7, rw_bound=634.0
[2026-01-07 00:06:50] [47]: loss=0.115331, reward_mean=574.7, rw_bound=634.0
[2026-01-07 00:06:50] [47]: loss=0.113006, reward_mean=574.7, rw_bound=634.0
[2026-01-07 00:06:50] [47]: loss=0.110081, reward_mean=574.7, rw_bound=634.0
[2026-01-07 00:06:50] [47]: loss=0.107610, reward_mean=574.7, rw_bound=634.0
[2026-01-07 00:06:50] [47]: loss=0.106028, reward_mean=574.7, rw_bound=634.0
[2026-01-07 00:06:51] [47]: loss=0.104134, reward_mean=574.7, rw_bound=634.0
[2026-01-07 00:06:51] [47]: loss=0.102497, reward_mean=574.7, rw_bound=634.0
[2026-01-07 00:06:51] [47]: loss=0.101004, reward_mean=574.7, rw_bound=634.0
[2026-01-07 00:06:51] [47]: loss=0.099497, reward_mean=574.7, rw_bound=634.0
[2026-01-07 00:06:51] [47]: loss=0.098158, reward_mean=574.7, rw_bound=634.0
[2026-01-07 00:06:51] [47]: loss=0.097119, reward_mean=574.7, rw_bound=634.0
[2026-01-07 00:06:51] [47]: loss=0.096096, reward_mean=574.7, rw_bound=634.0
[2026-01-07 00:09:06] [48]: loss=0.147302, reward_mean=577.2, rw_bound=650.0
[2026-01-07 00:09:07] [48]: loss=0.145299, reward_mean=577.2, rw_bound=650.0
[2026-01-07 00:09:07] [48]: loss=0.149370, reward_mean=577.2, rw_bound=650.0
[2026-01-07 00:09:07] [48]: loss=0.156889, reward_mean=577.2, rw_bound=650.0
[2026-01-07 00:09:07] [48]: loss=0.175932, reward_mean=577.2, rw_bound=650.0
[2026-01-07 00:09:07] [48]: loss=0.162421, reward_mean=577.2, rw_bound=650.0
[2026-01-07 00:09:07] [48]: loss=0.148571, reward_mean=577.2, rw_bound=650.0
[2026-01-07 00:09:07] [48]: loss=0.145910, reward_mean=577.2, rw_bound=650.0
[2026-01-07 00:09:07] [48]: loss=0.125971, reward_mean=577.2, rw_bound=650.0
[2026-01-07 00:09:07] [48]: loss=0.122771, reward_mean=577.2, rw_bound=650.0
[2026-01-07 00:09:07] [48]: loss=0.122394, reward_mean=577.2, rw_bound=650.0
[2026-01-07 00:09:07] [48]: loss=0.111598, reward_mean=577.2, rw_bound=650.0
[2026-01-07 00:09:07] [48]: loss=0.115438, reward_mean=577.2, rw_bound=650.0
[2026-01-07 00:09:08] [48]: loss=0.109097, reward_mean=577.2, rw_bound=650.0
[2026-01-07 00:09:08] [48]: loss=0.105147, reward_mean=577.2, rw_bound=650.0
[2026-01-07 00:09:08] [48]: loss=0.108063, reward_mean=577.2, rw_bound=650.0
[2026-01-07 00:09:08] [48]: loss=0.099496, reward_mean=577.2, rw_bound=650.0
[2026-01-07 00:09:08] [48]: loss=0.102223, reward_mean=577.2, rw_bound=650.0
[2026-01-07 00:09:08] [48]: loss=0.098280, reward_mean=577.2, rw_bound=650.0
[2026-01-07 00:09:08] [48]: loss=0.097680, reward_mean=577.2, rw_bound=650.0
[2026-01-07 00:11:24] [49]: loss=0.136901, reward_mean=585.4, rw_bound=650.0
[2026-01-07 00:11:24] [49]: loss=0.135824, reward_mean=585.4, rw_bound=650.0
[2026-01-07 00:11:24] [49]: loss=0.134146, reward_mean=585.4, rw_bound=650.0
[2026-01-07 00:11:24] [49]: loss=0.130520, reward_mean=585.4, rw_bound=650.0
[2026-01-07 00:11:24] [49]: loss=0.127952, reward_mean=585.4, rw_bound=650.0
[2026-01-07 00:11:24] [49]: loss=0.128788, reward_mean=585.4, rw_bound=650.0
[2026-01-07 00:11:24] [49]: loss=0.121594, reward_mean=585.4, rw_bound=650.0
[2026-01-07 00:11:24] [49]: loss=0.115178, reward_mean=585.4, rw_bound=650.0
[2026-01-07 00:11:24] [49]: loss=0.110861, reward_mean=585.4, rw_bound=650.0
[2026-01-07 00:11:24] [49]: loss=0.113037, reward_mean=585.4, rw_bound=650.0
[2026-01-07 00:11:24] [49]: loss=0.110885, reward_mean=585.4, rw_bound=650.0
[2026-01-07 00:11:24] [49]: loss=0.105283, reward_mean=585.4, rw_bound=650.0
[2026-01-07 00:11:24] [49]: loss=0.104439, reward_mean=585.4, rw_bound=650.0
[2026-01-07 00:11:25] [49]: loss=0.105126, reward_mean=585.4, rw_bound=650.0
[2026-01-07 00:11:25] [49]: loss=0.100494, reward_mean=585.4, rw_bound=650.0
[2026-01-07 00:11:25] [49]: loss=0.099057, reward_mean=585.4, rw_bound=650.0
[2026-01-07 00:11:25] [49]: loss=0.097875, reward_mean=585.4, rw_bound=650.0
[2026-01-07 00:11:25] [49]: loss=0.096479, reward_mean=585.4, rw_bound=650.0
[2026-01-07 00:11:25] [49]: loss=0.094623, reward_mean=585.4, rw_bound=650.0
[2026-01-07 00:11:25] [49]: loss=0.093610, reward_mean=585.4, rw_bound=650.0
[2026-01-07 00:13:41] [50]: loss=0.130144, reward_mean=585.0, rw_bound=660.0
[2026-01-07 00:13:41] [50]: loss=0.129942, reward_mean=585.0, rw_bound=660.0
[2026-01-07 00:13:41] [50]: loss=0.125144, reward_mean=585.0, rw_bound=660.0
[2026-01-07 00:13:41] [50]: loss=0.115256, reward_mean=585.0, rw_bound=660.0
[2026-01-07 00:13:41] [50]: loss=0.112630, reward_mean=585.0, rw_bound=660.0
[2026-01-07 00:13:41] [50]: loss=0.117716, reward_mean=585.0, rw_bound=660.0
[2026-01-07 00:13:41] [50]: loss=0.110035, reward_mean=585.0, rw_bound=660.0
[2026-01-07 00:13:41] [50]: loss=0.109226, reward_mean=585.0, rw_bound=660.0
[2026-01-07 00:13:41] [50]: loss=0.104575, reward_mean=585.0, rw_bound=660.0
[2026-01-07 00:13:41] [50]: loss=0.100586, reward_mean=585.0, rw_bound=660.0
[2026-01-07 00:13:41] [50]: loss=0.095160, reward_mean=585.0, rw_bound=660.0
[2026-01-07 00:13:41] [50]: loss=0.098492, reward_mean=585.0, rw_bound=660.0
[2026-01-07 00:13:42] [50]: loss=0.098711, reward_mean=585.0, rw_bound=660.0
[2026-01-07 00:13:42] [50]: loss=0.091782, reward_mean=585.0, rw_bound=660.0
[2026-01-07 00:13:42] [50]: loss=0.092547, reward_mean=585.0, rw_bound=660.0
[2026-01-07 00:13:42] [50]: loss=0.093678, reward_mean=585.0, rw_bound=660.0
[2026-01-07 00:13:42] [50]: loss=0.090582, reward_mean=585.0, rw_bound=660.0
[2026-01-07 00:13:42] [50]: loss=0.086758, reward_mean=585.0, rw_bound=660.0
[2026-01-07 00:13:42] [50]: loss=0.086652, reward_mean=585.0, rw_bound=660.0
[2026-01-07 00:13:42] [50]: loss=0.084545, reward_mean=585.0, rw_bound=660.0
