[2026-01-08 15:22:13] project: cartpole_mcts
[2026-01-08 15:22:13] logger/dir: logger
[2026-01-08 15:22:13] env/max_episode_steps: 500
[2026-01-08 15:22:13] mcts/iterations: 40
[2026-01-08 15:22:13] mcts/rollout_cap: 30.0
[2026-01-08 15:22:13] export/video_folder: video
[2026-01-08 15:22:13] session_id: silent_feather_af76
[2026-01-08 15:22:13] project: cartpole_mcts
[2026-01-08 15:22:13] logger/dir: logger
[2026-01-08 15:22:13] env/max_episode_steps: 500
[2026-01-08 15:22:13] mcts/iterations: 40
[2026-01-08 15:22:13] mcts/rollout_cap: 30.0
[2026-01-08 15:22:13] export/video_folder: video
[2026-01-08 15:22:13] [1]: reward=1.0, ep_return=1.0, root_visits=40, root_mean=20.200, best_q=20.324
[2026-01-08 15:22:13] [2]: reward=1.0, ep_return=2.0, root_visits=40, root_mean=19.700, best_q=19.949
[2026-01-08 15:22:13] [3]: reward=1.0, ep_return=3.0, root_visits=40, root_mean=17.200, best_q=17.385
[2026-01-08 15:22:13] [4]: reward=1.0, ep_return=4.0, root_visits=40, root_mean=20.725, best_q=20.895
[2026-01-08 15:22:13] [5]: reward=1.0, ep_return=5.0, root_visits=40, root_mean=16.525, best_q=16.641
[2026-01-08 15:22:13] [6]: reward=1.0, ep_return=6.0, root_visits=40, root_mean=16.975, best_q=17.154
[2026-01-08 15:22:13] [7]: reward=1.0, ep_return=7.0, root_visits=40, root_mean=17.650, best_q=18.000
[2026-01-08 15:22:13] [8]: reward=1.0, ep_return=8.0, root_visits=40, root_mean=16.825, best_q=17.171
[2026-01-08 15:22:13] [9]: reward=1.0, ep_return=9.0, root_visits=40, root_mean=18.525, best_q=18.744
[2026-01-08 15:22:13] [10]: reward=1.0, ep_return=10.0, root_visits=40, root_mean=15.875, best_q=16.026
[2026-01-08 15:22:13] [11]: reward=1.0, ep_return=11.0, root_visits=40, root_mean=18.050, best_q=18.297
[2026-01-08 15:22:13] [12]: reward=1.0, ep_return=12.0, root_visits=40, root_mean=17.775, best_q=18.026
[2026-01-08 15:22:13] [13]: reward=1.0, ep_return=13.0, root_visits=40, root_mean=17.900, best_q=18.103
[2026-01-08 15:22:13] [14]: reward=1.0, ep_return=14.0, root_visits=40, root_mean=19.775, best_q=20.079
[2026-01-08 15:22:13] [15]: reward=1.0, ep_return=15.0, root_visits=40, root_mean=14.950, best_q=15.077
[2026-01-08 15:22:13] [16]: reward=1.0, ep_return=16.0, root_visits=40, root_mean=19.675, best_q=19.846
[2026-01-08 15:22:13] [17]: reward=1.0, ep_return=17.0, root_visits=40, root_mean=19.125, best_q=19.385
[2026-01-08 15:22:13] [18]: reward=1.0, ep_return=18.0, root_visits=40, root_mean=18.050, best_q=18.179
[2026-01-08 15:22:13] [19]: reward=1.0, ep_return=19.0, root_visits=40, root_mean=18.325, best_q=18.474
[2026-01-08 15:22:13] [20]: reward=1.0, ep_return=20.0, root_visits=40, root_mean=16.975, best_q=17.184
[2026-01-08 15:22:14] [21]: reward=1.0, ep_return=21.0, root_visits=40, root_mean=18.600, best_q=18.842
[2026-01-08 15:22:14] [22]: reward=1.0, ep_return=22.0, root_visits=40, root_mean=17.700, best_q=18.083
[2026-01-08 15:22:14] [23]: reward=1.0, ep_return=23.0, root_visits=40, root_mean=16.925, best_q=17.026
[2026-01-08 15:22:14] [24]: reward=1.0, ep_return=24.0, root_visits=40, root_mean=17.225, best_q=17.410
[2026-01-08 15:22:14] [25]: reward=1.0, ep_return=25.0, root_visits=40, root_mean=16.775, best_q=17.000
[2026-01-08 15:22:14] [26]: reward=1.0, ep_return=26.0, root_visits=40, root_mean=17.700, best_q=17.947
[2026-01-08 15:22:14] [27]: reward=1.0, ep_return=27.0, root_visits=40, root_mean=18.275, best_q=18.513
[2026-01-08 15:22:14] [28]: reward=1.0, ep_return=28.0, root_visits=40, root_mean=16.775, best_q=16.429
[2026-01-08 15:22:14] [29]: reward=1.0, ep_return=29.0, root_visits=40, root_mean=16.750, best_q=16.897
[2026-01-08 15:22:14] [30]: reward=1.0, ep_return=30.0, root_visits=40, root_mean=18.500, best_q=18.692
[2026-01-08 15:22:14] [31]: reward=1.0, ep_return=31.0, root_visits=40, root_mean=17.675, best_q=17.744
[2026-01-08 15:22:14] [32]: reward=1.0, ep_return=32.0, root_visits=40, root_mean=19.075, best_q=18.636
[2026-01-08 15:22:14] [33]: reward=1.0, ep_return=33.0, root_visits=40, root_mean=15.925, best_q=16.156
[2026-01-08 15:22:14] [34]: reward=1.0, ep_return=34.0, root_visits=40, root_mean=18.475, best_q=18.615
[2026-01-08 15:22:14] [35]: reward=1.0, ep_return=35.0, root_visits=40, root_mean=16.275, best_q=16.526
[2026-01-08 15:22:14] [36]: reward=1.0, ep_return=36.0, root_visits=40, root_mean=17.675, best_q=17.868
[2026-01-08 15:22:14] [37]: reward=1.0, ep_return=37.0, root_visits=40, root_mean=17.875, best_q=18.132
[2026-01-08 15:22:14] [38]: reward=1.0, ep_return=38.0, root_visits=40, root_mean=19.075, best_q=19.282
[2026-01-08 15:22:14] [39]: reward=1.0, ep_return=39.0, root_visits=40, root_mean=16.725, best_q=16.846
[2026-01-08 15:22:14] [40]: reward=1.0, ep_return=40.0, root_visits=40, root_mean=17.475, best_q=17.692
[2026-01-08 15:22:14] [41]: reward=1.0, ep_return=41.0, root_visits=40, root_mean=18.675, best_q=18.821
[2026-01-08 15:22:14] [42]: reward=1.0, ep_return=42.0, root_visits=40, root_mean=17.575, best_q=17.892
[2026-01-08 15:22:14] [43]: reward=1.0, ep_return=43.0, root_visits=40, root_mean=19.225, best_q=19.385
[2026-01-08 15:22:14] [44]: reward=1.0, ep_return=44.0, root_visits=40, root_mean=18.200, best_q=18.385
[2026-01-08 15:22:14] [45]: reward=1.0, ep_return=45.0, root_visits=40, root_mean=18.025, best_q=18.189
[2026-01-08 15:22:14] [46]: reward=1.0, ep_return=46.0, root_visits=40, root_mean=16.900, best_q=17.154
[2026-01-08 15:22:14] [47]: reward=1.0, ep_return=47.0, root_visits=40, root_mean=17.675, best_q=17.769
[2026-01-08 15:22:14] [48]: reward=1.0, ep_return=48.0, root_visits=40, root_mean=18.900, best_q=19.077
[2026-01-08 15:22:14] [49]: reward=1.0, ep_return=49.0, root_visits=40, root_mean=17.150, best_q=17.231
[2026-01-08 15:22:14] [50]: reward=1.0, ep_return=50.0, root_visits=40, root_mean=19.325, best_q=19.381
[2026-01-08 15:22:14] [51]: reward=1.0, ep_return=51.0, root_visits=40, root_mean=18.250, best_q=18.410
[2026-01-08 15:22:14] [52]: reward=1.0, ep_return=52.0, root_visits=40, root_mean=17.925, best_q=18.154
[2026-01-08 15:22:14] [53]: reward=1.0, ep_return=53.0, root_visits=40, root_mean=18.700, best_q=18.923
[2026-01-08 15:22:14] [54]: reward=1.0, ep_return=54.0, root_visits=40, root_mean=17.125, best_q=17.270
[2026-01-08 15:22:14] [55]: reward=1.0, ep_return=55.0, root_visits=40, root_mean=16.750, best_q=17.265
[2026-01-08 15:22:14] [56]: reward=1.0, ep_return=56.0, root_visits=40, root_mean=15.475, best_q=15.686
[2026-01-08 15:22:14] [57]: reward=1.0, ep_return=57.0, root_visits=40, root_mean=20.025, best_q=20.205
[2026-01-08 15:22:14] [58]: reward=1.0, ep_return=58.0, root_visits=40, root_mean=16.625, best_q=16.853
[2026-01-08 15:22:14] [59]: reward=1.0, ep_return=59.0, root_visits=40, root_mean=16.200, best_q=16.316
[2026-01-08 15:22:14] [60]: reward=1.0, ep_return=60.0, root_visits=40, root_mean=18.425, best_q=18.667
[2026-01-08 15:22:14] [61]: reward=1.0, ep_return=61.0, root_visits=40, root_mean=18.175, best_q=18.968
[2026-01-08 15:22:14] [62]: reward=1.0, ep_return=62.0, root_visits=40, root_mean=16.500, best_q=16.744
[2026-01-08 15:22:14] [63]: reward=1.0, ep_return=63.0, root_visits=40, root_mean=17.825, best_q=18.108
[2026-01-08 15:22:14] [64]: reward=1.0, ep_return=64.0, root_visits=40, root_mean=17.525, best_q=17.879
[2026-01-08 15:22:14] [65]: reward=1.0, ep_return=65.0, root_visits=40, root_mean=18.500, best_q=18.639
[2026-01-08 15:22:14] [66]: reward=1.0, ep_return=66.0, root_visits=40, root_mean=17.750, best_q=18.000
[2026-01-08 15:22:14] [67]: reward=1.0, ep_return=67.0, root_visits=40, root_mean=15.975, best_q=16.139
[2026-01-08 15:22:14] [68]: reward=1.0, ep_return=68.0, root_visits=40, root_mean=17.050, best_q=17.765
[2026-01-08 15:22:14] [69]: reward=1.0, ep_return=69.0, root_visits=40, root_mean=18.500, best_q=18.711
[2026-01-08 15:22:14] [70]: reward=1.0, ep_return=70.0, root_visits=40, root_mean=17.850, best_q=18.103
[2026-01-08 15:22:14] [71]: reward=1.0, ep_return=71.0, root_visits=40, root_mean=17.000, best_q=17.103
[2026-01-08 15:22:14] [72]: reward=1.0, ep_return=72.0, root_visits=40, root_mean=18.600, best_q=18.744
[2026-01-08 15:22:14] [73]: reward=1.0, ep_return=73.0, root_visits=40, root_mean=18.250, best_q=18.410
[2026-01-08 15:22:14] [74]: reward=1.0, ep_return=74.0, root_visits=40, root_mean=16.850, best_q=17.000
[2026-01-08 15:22:15] [75]: reward=1.0, ep_return=75.0, root_visits=40, root_mean=16.200, best_q=16.421
[2026-01-08 15:22:15] [76]: reward=1.0, ep_return=76.0, root_visits=40, root_mean=18.100, best_q=18.282
[2026-01-08 15:22:15] [77]: reward=1.0, ep_return=77.0, root_visits=40, root_mean=18.025, best_q=18.278
[2026-01-08 15:22:15] [78]: reward=1.0, ep_return=78.0, root_visits=40, root_mean=17.875, best_q=18.026
[2026-01-08 15:22:15] [79]: reward=1.0, ep_return=79.0, root_visits=40, root_mean=18.450, best_q=18.590
[2026-01-08 15:22:15] [80]: reward=1.0, ep_return=80.0, root_visits=40, root_mean=18.450, best_q=18.800
[2026-01-08 15:22:15] [81]: reward=1.0, ep_return=81.0, root_visits=40, root_mean=16.975, best_q=17.179
[2026-01-08 15:22:15] [82]: reward=1.0, ep_return=82.0, root_visits=40, root_mean=16.350, best_q=16.459
[2026-01-08 15:22:15] [83]: reward=1.0, ep_return=83.0, root_visits=40, root_mean=19.225, best_q=19.308
[2026-01-08 15:22:15] [84]: reward=1.0, ep_return=84.0, root_visits=40, root_mean=18.225, best_q=18.658
[2026-01-08 15:22:15] [85]: reward=1.0, ep_return=85.0, root_visits=40, root_mean=17.875, best_q=17.273
[2026-01-08 15:22:15] [86]: reward=1.0, ep_return=86.0, root_visits=40, root_mean=18.075, best_q=18.378
[2026-01-08 15:22:15] [87]: reward=1.0, ep_return=87.0, root_visits=40, root_mean=16.700, best_q=17.000
[2026-01-08 15:22:15] [88]: reward=1.0, ep_return=88.0, root_visits=40, root_mean=18.350, best_q=18.462
[2026-01-08 15:22:15] [89]: reward=1.0, ep_return=89.0, root_visits=40, root_mean=17.975, best_q=18.103
[2026-01-08 15:22:15] [90]: reward=1.0, ep_return=90.0, root_visits=40, root_mean=17.700, best_q=17.816
[2026-01-08 15:22:15] [91]: reward=1.0, ep_return=91.0, root_visits=40, root_mean=15.700, best_q=15.872
[2026-01-08 15:22:15] [92]: reward=1.0, ep_return=92.0, root_visits=40, root_mean=16.025, best_q=16.395
[2026-01-08 15:22:15] [93]: reward=1.0, ep_return=93.0, root_visits=40, root_mean=17.200, best_q=17.462
[2026-01-08 15:22:15] [94]: reward=1.0, ep_return=94.0, root_visits=40, root_mean=15.775, best_q=15.897
[2026-01-08 15:22:15] [95]: reward=1.0, ep_return=95.0, root_visits=40, root_mean=18.000, best_q=18.256
[2026-01-08 15:22:15] [96]: reward=1.0, ep_return=96.0, root_visits=40, root_mean=16.550, best_q=16.795
[2026-01-08 15:22:15] [97]: reward=1.0, ep_return=97.0, root_visits=40, root_mean=17.575, best_q=18.219
[2026-01-08 15:22:15] [98]: reward=1.0, ep_return=98.0, root_visits=40, root_mean=16.325, best_q=16.487
[2026-01-08 15:22:15] [99]: reward=1.0, ep_return=99.0, root_visits=40, root_mean=19.150, best_q=19.594
[2026-01-08 15:22:15] [100]: reward=1.0, ep_return=100.0, root_visits=40, root_mean=19.850, best_q=20.091
[2026-01-08 15:22:15] [101]: reward=1.0, ep_return=101.0, root_visits=40, root_mean=17.800, best_q=17.974
[2026-01-08 15:22:15] [102]: reward=1.0, ep_return=102.0, root_visits=40, root_mean=17.075, best_q=17.231
[2026-01-08 15:22:15] [103]: reward=1.0, ep_return=103.0, root_visits=40, root_mean=17.600, best_q=17.974
[2026-01-08 15:22:15] [104]: reward=1.0, ep_return=104.0, root_visits=40, root_mean=18.175, best_q=18.405
[2026-01-08 15:22:15] [105]: reward=1.0, ep_return=105.0, root_visits=40, root_mean=17.325, best_q=17.528
[2026-01-08 15:22:15] [106]: reward=1.0, ep_return=106.0, root_visits=40, root_mean=17.150, best_q=17.486
[2026-01-08 15:22:15] [107]: reward=1.0, ep_return=107.0, root_visits=40, root_mean=16.750, best_q=16.778
[2026-01-08 15:22:15] [108]: reward=1.0, ep_return=108.0, root_visits=40, root_mean=17.700, best_q=17.846
[2026-01-08 15:22:15] [109]: reward=1.0, ep_return=109.0, root_visits=40, root_mean=17.800, best_q=17.949
[2026-01-08 15:22:15] [110]: reward=1.0, ep_return=110.0, root_visits=40, root_mean=17.400, best_q=17.543
[2026-01-08 15:22:15] [111]: reward=1.0, ep_return=111.0, root_visits=40, root_mean=16.575, best_q=16.607
[2026-01-08 15:22:15] [112]: reward=1.0, ep_return=112.0, root_visits=40, root_mean=17.200, best_q=17.968
[2026-01-08 15:22:15] [113]: reward=1.0, ep_return=113.0, root_visits=40, root_mean=19.650, best_q=19.872
[2026-01-08 15:22:15] [114]: reward=1.0, ep_return=114.0, root_visits=40, root_mean=20.100, best_q=20.231
[2026-01-08 15:22:15] [115]: reward=1.0, ep_return=115.0, root_visits=40, root_mean=16.525, best_q=16.967
[2026-01-08 15:22:15] [116]: reward=1.0, ep_return=116.0, root_visits=40, root_mean=16.050, best_q=16.154
[2026-01-08 15:22:15] [117]: reward=1.0, ep_return=117.0, root_visits=40, root_mean=18.650, best_q=18.923
[2026-01-08 15:22:15] [118]: reward=1.0, ep_return=118.0, root_visits=40, root_mean=17.775, best_q=18.211
[2026-01-08 15:22:15] [119]: reward=1.0, ep_return=119.0, root_visits=40, root_mean=17.000, best_q=17.371
[2026-01-08 15:22:15] [120]: reward=1.0, ep_return=120.0, root_visits=40, root_mean=17.250, best_q=17.487
[2026-01-08 15:22:15] [121]: reward=1.0, ep_return=121.0, root_visits=40, root_mean=16.750, best_q=17.053
[2026-01-08 15:22:15] [122]: reward=1.0, ep_return=122.0, root_visits=40, root_mean=18.125, best_q=18.385
[2026-01-08 15:22:15] [123]: reward=1.0, ep_return=123.0, root_visits=40, root_mean=17.600, best_q=17.744
[2026-01-08 15:22:15] [124]: reward=1.0, ep_return=124.0, root_visits=40, root_mean=18.700, best_q=18.897
[2026-01-08 15:22:15] [125]: reward=1.0, ep_return=125.0, root_visits=40, root_mean=19.200, best_q=19.359
[2026-01-08 15:22:15] [126]: reward=1.0, ep_return=126.0, root_visits=40, root_mean=18.800, best_q=19.226
[2026-01-08 15:22:15] [127]: reward=1.0, ep_return=127.0, root_visits=40, root_mean=18.850, best_q=19.026
[2026-01-08 15:22:15] [128]: reward=1.0, ep_return=128.0, root_visits=40, root_mean=16.575, best_q=16.692
[2026-01-08 15:22:16] [129]: reward=1.0, ep_return=129.0, root_visits=40, root_mean=18.250, best_q=18.436
[2026-01-08 15:22:16] [130]: reward=1.0, ep_return=130.0, root_visits=40, root_mean=18.225, best_q=18.724
[2026-01-08 15:22:16] [131]: reward=1.0, ep_return=131.0, root_visits=40, root_mean=18.475, best_q=18.829
[2026-01-08 15:22:16] [132]: reward=1.0, ep_return=132.0, root_visits=40, root_mean=19.200, best_q=19.462
[2026-01-08 15:22:16] [133]: reward=1.0, ep_return=133.0, root_visits=40, root_mean=18.800, best_q=19.000
[2026-01-08 15:22:16] [134]: reward=1.0, ep_return=134.0, root_visits=40, root_mean=18.475, best_q=18.769
[2026-01-08 15:22:16] [135]: reward=1.0, ep_return=135.0, root_visits=40, root_mean=17.600, best_q=17.947
[2026-01-08 15:22:16] [136]: reward=1.0, ep_return=136.0, root_visits=40, root_mean=16.950, best_q=17.400
[2026-01-08 15:22:16] [137]: reward=1.0, ep_return=137.0, root_visits=40, root_mean=17.900, best_q=17.045
[2026-01-08 15:22:16] [138]: reward=1.0, ep_return=138.0, root_visits=40, root_mean=18.500, best_q=18.667
[2026-01-08 15:22:16] [139]: reward=1.0, ep_return=139.0, root_visits=40, root_mean=18.725, best_q=18.895
[2026-01-08 15:22:16] [140]: reward=1.0, ep_return=140.0, root_visits=40, root_mean=18.275, best_q=18.514
[2026-01-08 15:22:16] [141]: reward=1.0, ep_return=141.0, root_visits=40, root_mean=18.500, best_q=18.615
[2026-01-08 15:22:16] [142]: reward=1.0, ep_return=142.0, root_visits=40, root_mean=17.450, best_q=17.400
[2026-01-08 15:22:16] [143]: reward=1.0, ep_return=143.0, root_visits=40, root_mean=17.825, best_q=18.243
[2026-01-08 15:22:16] [144]: reward=1.0, ep_return=144.0, root_visits=40, root_mean=18.450, best_q=18.590
[2026-01-08 15:22:16] [145]: reward=1.0, ep_return=145.0, root_visits=40, root_mean=17.400, best_q=17.590
[2026-01-08 15:22:16] [146]: reward=1.0, ep_return=146.0, root_visits=40, root_mean=19.900, best_q=20.128
[2026-01-08 15:22:16] [147]: reward=1.0, ep_return=147.0, root_visits=40, root_mean=18.325, best_q=18.564
[2026-01-08 15:22:16] [148]: reward=1.0, ep_return=148.0, root_visits=40, root_mean=17.950, best_q=18.158
[2026-01-08 15:22:16] [149]: reward=1.0, ep_return=149.0, root_visits=40, root_mean=18.450, best_q=20.133
[2026-01-08 15:22:16] [150]: reward=1.0, ep_return=150.0, root_visits=40, root_mean=17.175, best_q=17.359
[2026-01-08 15:22:16] [151]: reward=1.0, ep_return=151.0, root_visits=40, root_mean=16.950, best_q=17.051
[2026-01-08 15:22:16] [152]: reward=1.0, ep_return=152.0, root_visits=40, root_mean=18.625, best_q=18.718
[2026-01-08 15:22:16] [153]: reward=1.0, ep_return=153.0, root_visits=40, root_mean=16.350, best_q=16.579
[2026-01-08 15:22:16] [154]: reward=1.0, ep_return=154.0, root_visits=40, root_mean=19.475, best_q=19.658
[2026-01-08 15:22:16] [155]: reward=1.0, ep_return=155.0, root_visits=40, root_mean=17.400, best_q=19.238
[2026-01-08 15:22:16] [156]: reward=1.0, ep_return=156.0, root_visits=40, root_mean=18.850, best_q=19.051
[2026-01-08 15:22:16] [157]: reward=1.0, ep_return=157.0, root_visits=40, root_mean=19.250, best_q=19.513
[2026-01-08 15:22:16] [158]: reward=1.0, ep_return=158.0, root_visits=40, root_mean=17.625, best_q=17.921
[2026-01-08 15:22:16] [159]: reward=1.0, ep_return=159.0, root_visits=40, root_mean=18.175, best_q=18.545
[2026-01-08 15:22:16] [160]: reward=1.0, ep_return=160.0, root_visits=40, root_mean=17.700, best_q=18.000
[2026-01-08 15:22:16] [161]: reward=1.0, ep_return=161.0, root_visits=40, root_mean=18.100, best_q=18.359
[2026-01-08 15:22:16] [162]: reward=1.0, ep_return=162.0, root_visits=40, root_mean=16.400, best_q=16.538
[2026-01-08 15:22:16] [163]: reward=1.0, ep_return=163.0, root_visits=40, root_mean=17.225, best_q=17.553
[2026-01-08 15:22:16] [164]: reward=1.0, ep_return=164.0, root_visits=40, root_mean=17.550, best_q=17.744
[2026-01-08 15:22:16] [165]: reward=1.0, ep_return=165.0, root_visits=40, root_mean=18.125, best_q=18.359
[2026-01-08 15:22:16] [166]: reward=1.0, ep_return=166.0, root_visits=40, root_mean=17.500, best_q=17.718
[2026-01-08 15:22:16] [167]: reward=1.0, ep_return=167.0, root_visits=40, root_mean=17.375, best_q=17.513
[2026-01-08 15:22:16] [168]: reward=1.0, ep_return=168.0, root_visits=40, root_mean=17.925, best_q=18.162
[2026-01-08 15:22:16] [169]: reward=1.0, ep_return=169.0, root_visits=40, root_mean=17.900, best_q=18.222
[2026-01-08 15:22:16] [170]: reward=1.0, ep_return=170.0, root_visits=40, root_mean=18.825, best_q=19.000
[2026-01-08 15:22:16] [171]: reward=1.0, ep_return=171.0, root_visits=40, root_mean=18.600, best_q=18.744
[2026-01-08 15:22:16] [172]: reward=1.0, ep_return=172.0, root_visits=40, root_mean=15.475, best_q=15.615
[2026-01-08 15:22:16] [173]: reward=1.0, ep_return=173.0, root_visits=40, root_mean=15.850, best_q=15.949
[2026-01-08 15:22:16] [174]: reward=1.0, ep_return=174.0, root_visits=40, root_mean=19.825, best_q=20.103
[2026-01-08 15:22:16] [175]: reward=1.0, ep_return=175.0, root_visits=40, root_mean=16.450, best_q=16.641
[2026-01-08 15:22:16] [176]: reward=1.0, ep_return=176.0, root_visits=40, root_mean=18.700, best_q=18.872
[2026-01-08 15:22:16] [177]: reward=1.0, ep_return=177.0, root_visits=40, root_mean=18.375, best_q=18.632
[2026-01-08 15:22:16] [178]: reward=1.0, ep_return=178.0, root_visits=40, root_mean=17.225, best_q=17.282
[2026-01-08 15:22:16] [179]: reward=1.0, ep_return=179.0, root_visits=40, root_mean=19.025, best_q=19.350
[2026-01-08 15:22:16] [180]: reward=1.0, ep_return=180.0, root_visits=40, root_mean=19.575, best_q=19.872
[2026-01-08 15:22:16] [181]: reward=1.0, ep_return=181.0, root_visits=40, root_mean=16.325, best_q=16.410
[2026-01-08 15:22:16] [182]: reward=1.0, ep_return=182.0, root_visits=40, root_mean=18.575, best_q=18.946
[2026-01-08 15:22:16] [183]: reward=1.0, ep_return=183.0, root_visits=40, root_mean=17.400, best_q=17.513
[2026-01-08 15:22:16] [184]: reward=1.0, ep_return=184.0, root_visits=40, root_mean=20.075, best_q=20.308
[2026-01-08 15:22:16] [185]: reward=1.0, ep_return=185.0, root_visits=40, root_mean=16.950, best_q=17.077
[2026-01-08 15:22:16] [186]: reward=1.0, ep_return=186.0, root_visits=40, root_mean=17.850, best_q=17.949
[2026-01-08 15:22:17] [187]: reward=1.0, ep_return=187.0, root_visits=40, root_mean=16.050, best_q=16.000
[2026-01-08 15:22:17] [188]: reward=1.0, ep_return=188.0, root_visits=40, root_mean=19.650, best_q=19.897
[2026-01-08 15:22:17] [189]: reward=1.0, ep_return=189.0, root_visits=40, root_mean=18.025, best_q=18.282
[2026-01-08 15:22:17] [190]: reward=1.0, ep_return=190.0, root_visits=40, root_mean=16.050, best_q=16.206
[2026-01-08 15:22:17] [191]: reward=1.0, ep_return=191.0, root_visits=40, root_mean=16.750, best_q=17.216
[2026-01-08 15:22:17] [192]: reward=1.0, ep_return=192.0, root_visits=40, root_mean=16.450, best_q=16.641
[2026-01-08 15:22:17] [193]: reward=1.0, ep_return=193.0, root_visits=40, root_mean=19.800, best_q=20.111
[2026-01-08 15:22:17] [194]: reward=1.0, ep_return=194.0, root_visits=40, root_mean=16.275, best_q=16.216
[2026-01-08 15:22:17] [195]: reward=1.0, ep_return=195.0, root_visits=40, root_mean=19.725, best_q=19.949
[2026-01-08 15:22:17] [196]: reward=1.0, ep_return=196.0, root_visits=40, root_mean=16.650, best_q=16.846
[2026-01-08 15:22:17] [197]: reward=1.0, ep_return=197.0, root_visits=40, root_mean=17.350, best_q=17.564
[2026-01-08 15:22:17] [198]: reward=1.0, ep_return=198.0, root_visits=40, root_mean=19.600, best_q=19.769
[2026-01-08 15:22:17] [199]: reward=1.0, ep_return=199.0, root_visits=40, root_mean=17.150, best_q=17.231
[2026-01-08 15:22:17] [200]: reward=1.0, ep_return=200.0, root_visits=40, root_mean=17.975, best_q=18.128
[2026-01-08 15:22:17] [201]: reward=1.0, ep_return=201.0, root_visits=40, root_mean=15.875, best_q=16.294
[2026-01-08 15:22:17] [202]: reward=1.0, ep_return=202.0, root_visits=40, root_mean=17.200, best_q=17.316
[2026-01-08 15:22:17] [203]: reward=1.0, ep_return=203.0, root_visits=40, root_mean=16.800, best_q=16.923
[2026-01-08 15:22:17] [204]: reward=1.0, ep_return=204.0, root_visits=40, root_mean=16.650, best_q=16.789
[2026-01-08 15:22:17] [205]: reward=1.0, ep_return=205.0, root_visits=40, root_mean=17.575, best_q=17.667
[2026-01-08 15:22:17] [206]: reward=1.0, ep_return=206.0, root_visits=40, root_mean=17.900, best_q=18.103
[2026-01-08 15:22:17] [207]: reward=1.0, ep_return=207.0, root_visits=40, root_mean=18.675, best_q=18.897
[2026-01-08 15:22:17] [208]: reward=1.0, ep_return=208.0, root_visits=40, root_mean=16.800, best_q=17.219
[2026-01-08 15:22:17] [209]: reward=1.0, ep_return=209.0, root_visits=40, root_mean=19.725, best_q=19.846
[2026-01-08 15:22:17] [210]: reward=1.0, ep_return=210.0, root_visits=40, root_mean=16.750, best_q=16.821
[2026-01-08 15:22:17] [211]: reward=1.0, ep_return=211.0, root_visits=40, root_mean=16.125, best_q=16.359
[2026-01-08 15:22:17] [212]: reward=1.0, ep_return=212.0, root_visits=40, root_mean=17.075, best_q=17.256
[2026-01-08 15:22:17] [213]: reward=1.0, ep_return=213.0, root_visits=40, root_mean=18.075, best_q=18.256
[2026-01-08 15:22:17] [214]: reward=1.0, ep_return=214.0, root_visits=40, root_mean=18.150, best_q=18.622
[2026-01-08 15:22:17] [215]: reward=1.0, ep_return=215.0, root_visits=40, root_mean=17.725, best_q=17.923
[2026-01-08 15:22:17] [216]: reward=1.0, ep_return=216.0, root_visits=40, root_mean=18.700, best_q=18.821
[2026-01-08 15:22:17] [217]: reward=1.0, ep_return=217.0, root_visits=40, root_mean=16.000, best_q=16.205
[2026-01-08 15:22:17] [218]: reward=1.0, ep_return=218.0, root_visits=40, root_mean=17.925, best_q=18.051
[2026-01-08 15:22:17] [219]: reward=1.0, ep_return=219.0, root_visits=40, root_mean=16.450, best_q=16.590
[2026-01-08 15:22:17] [220]: reward=1.0, ep_return=220.0, root_visits=40, root_mean=18.025, best_q=18.342
[2026-01-08 15:22:17] [221]: reward=1.0, ep_return=221.0, root_visits=40, root_mean=18.650, best_q=18.897
[2026-01-08 15:22:17] [222]: reward=1.0, ep_return=222.0, root_visits=40, root_mean=17.150, best_q=17.359
[2026-01-08 15:22:17] [223]: reward=1.0, ep_return=223.0, root_visits=40, root_mean=18.300, best_q=18.436
[2026-01-08 15:22:17] [224]: reward=1.0, ep_return=224.0, root_visits=40, root_mean=16.600, best_q=16.789
[2026-01-08 15:22:17] [225]: reward=1.0, ep_return=225.0, root_visits=40, root_mean=19.650, best_q=19.872
[2026-01-08 15:22:17] [226]: reward=1.0, ep_return=226.0, root_visits=40, root_mean=17.075, best_q=17.308
[2026-01-08 15:22:17] [227]: reward=1.0, ep_return=227.0, root_visits=40, root_mean=18.425, best_q=18.586
[2026-01-08 15:22:17] [228]: reward=1.0, ep_return=228.0, root_visits=40, root_mean=18.600, best_q=18.744
[2026-01-08 15:22:17] [229]: reward=1.0, ep_return=229.0, root_visits=40, root_mean=17.425, best_q=17.737
[2026-01-08 15:22:17] [230]: reward=1.0, ep_return=230.0, root_visits=40, root_mean=18.175, best_q=18.410
[2026-01-08 15:22:17] [231]: reward=1.0, ep_return=231.0, root_visits=40, root_mean=20.825, best_q=21.026
[2026-01-08 15:22:17] [232]: reward=1.0, ep_return=232.0, root_visits=40, root_mean=17.575, best_q=17.816
[2026-01-08 15:22:17] [233]: reward=1.0, ep_return=233.0, root_visits=40, root_mean=17.925, best_q=17.917
[2026-01-08 15:22:17] [234]: reward=1.0, ep_return=234.0, root_visits=40, root_mean=17.225, best_q=17.972
[2026-01-08 15:22:17] [235]: reward=1.0, ep_return=235.0, root_visits=40, root_mean=18.325, best_q=18.576
[2026-01-08 15:22:17] [236]: reward=1.0, ep_return=236.0, root_visits=40, root_mean=17.275, best_q=17.436
[2026-01-08 15:22:17] [237]: reward=1.0, ep_return=237.0, root_visits=40, root_mean=20.200, best_q=20.359
[2026-01-08 15:22:17] [238]: reward=1.0, ep_return=238.0, root_visits=40, root_mean=19.200, best_q=19.359
[2026-01-08 15:22:17] [239]: reward=1.0, ep_return=239.0, root_visits=40, root_mean=16.300, best_q=16.410
[2026-01-08 15:22:17] [240]: reward=1.0, ep_return=240.0, root_visits=40, root_mean=17.225, best_q=17.436
[2026-01-08 15:22:18] [241]: reward=1.0, ep_return=241.0, root_visits=40, root_mean=18.500, best_q=19.057
[2026-01-08 15:22:18] [242]: reward=1.0, ep_return=242.0, root_visits=40, root_mean=15.725, best_q=15.821
[2026-01-08 15:22:18] [243]: reward=1.0, ep_return=243.0, root_visits=40, root_mean=20.050, best_q=20.282
[2026-01-08 15:22:18] [244]: reward=1.0, ep_return=244.0, root_visits=40, root_mean=18.825, best_q=19.455
[2026-01-08 15:22:18] [245]: reward=1.0, ep_return=245.0, root_visits=40, root_mean=16.525, best_q=16.744
[2026-01-08 15:22:18] [246]: reward=1.0, ep_return=246.0, root_visits=40, root_mean=20.650, best_q=20.833
[2026-01-08 15:22:18] [247]: reward=1.0, ep_return=247.0, root_visits=40, root_mean=17.225, best_q=17.444
[2026-01-08 15:22:18] [248]: reward=1.0, ep_return=248.0, root_visits=40, root_mean=20.925, best_q=21.154
[2026-01-08 15:22:18] [249]: reward=1.0, ep_return=249.0, root_visits=40, root_mean=17.250, best_q=17.333
[2026-01-08 15:22:18] [250]: reward=1.0, ep_return=250.0, root_visits=40, root_mean=18.625, best_q=18.821
[2026-01-08 15:22:18] [251]: reward=1.0, ep_return=251.0, root_visits=40, root_mean=18.450, best_q=19.000
[2026-01-08 15:22:18] [252]: reward=1.0, ep_return=252.0, root_visits=40, root_mean=15.950, best_q=16.051
[2026-01-08 15:22:18] [253]: reward=1.0, ep_return=253.0, root_visits=40, root_mean=18.550, best_q=18.718
[2026-01-08 15:22:18] [254]: reward=1.0, ep_return=254.0, root_visits=40, root_mean=17.275, best_q=17.487
[2026-01-08 15:22:18] [255]: reward=1.0, ep_return=255.0, root_visits=40, root_mean=20.025, best_q=21.261
[2026-01-08 15:22:18] [256]: reward=1.0, ep_return=256.0, root_visits=40, root_mean=16.750, best_q=16.974
[2026-01-08 15:22:18] [257]: reward=1.0, ep_return=257.0, root_visits=40, root_mean=18.275, best_q=18.694
[2026-01-08 15:22:18] [258]: reward=1.0, ep_return=258.0, root_visits=40, root_mean=19.975, best_q=20.184
[2026-01-08 15:22:18] [259]: reward=1.0, ep_return=259.0, root_visits=40, root_mean=18.125, best_q=18.410
[2026-01-08 15:22:18] [260]: reward=1.0, ep_return=260.0, root_visits=40, root_mean=17.425, best_q=17.526
[2026-01-08 15:22:18] [261]: reward=1.0, ep_return=261.0, root_visits=40, root_mean=16.500, best_q=16.744
[2026-01-08 15:22:18] [262]: reward=1.0, ep_return=262.0, root_visits=40, root_mean=15.850, best_q=16.000
[2026-01-08 15:22:18] [263]: reward=1.0, ep_return=263.0, root_visits=40, root_mean=18.775, best_q=19.000
[2026-01-08 15:22:18] [264]: reward=1.0, ep_return=264.0, root_visits=40, root_mean=18.850, best_q=19.000
[2026-01-08 15:22:18] [265]: reward=1.0, ep_return=265.0, root_visits=40, root_mean=17.350, best_q=17.487
[2026-01-08 15:22:18] [266]: reward=1.0, ep_return=266.0, root_visits=40, root_mean=15.000, best_q=15.074
[2026-01-08 15:22:18] [267]: reward=1.0, ep_return=267.0, root_visits=40, root_mean=15.850, best_q=16.162
[2026-01-08 15:22:18] [268]: reward=1.0, ep_return=268.0, root_visits=40, root_mean=16.500, best_q=16.667
[2026-01-08 15:22:18] [269]: reward=1.0, ep_return=269.0, root_visits=40, root_mean=18.225, best_q=18.410
[2026-01-08 15:22:18] [270]: reward=1.0, ep_return=270.0, root_visits=40, root_mean=17.675, best_q=18.862
[2026-01-08 15:22:18] [271]: reward=1.0, ep_return=271.0, root_visits=40, root_mean=15.800, best_q=14.154
[2026-01-08 15:22:18] [272]: reward=1.0, ep_return=272.0, root_visits=40, root_mean=15.875, best_q=16.270
[2026-01-08 15:22:18] [273]: reward=1.0, ep_return=273.0, root_visits=40, root_mean=14.925, best_q=15.057
[2026-01-08 15:22:18] [274]: reward=1.0, ep_return=274.0, root_visits=40, root_mean=13.300, best_q=13.436
[2026-01-08 15:22:18] [275]: reward=1.0, ep_return=275.0, root_visits=40, root_mean=14.350, best_q=14.645
[2026-01-08 15:22:18] [276]: reward=1.0, ep_return=276.0, root_visits=40, root_mean=14.225, best_q=14.167
[2026-01-08 15:22:18] [277]: reward=1.0, ep_return=277.0, root_visits=40, root_mean=12.475, best_q=12.622
[2026-01-08 15:22:18] [278]: reward=1.0, ep_return=278.0, root_visits=40, root_mean=12.350, best_q=12.474
[2026-01-08 15:22:18] [279]: reward=1.0, ep_return=279.0, root_visits=40, root_mean=15.200, best_q=15.130
[2026-01-08 15:22:18] [280]: reward=1.0, ep_return=280.0, root_visits=40, root_mean=11.900, best_q=11.974
[2026-01-08 15:22:18] [281]: reward=1.0, ep_return=281.0, root_visits=40, root_mean=11.750, best_q=11.636
[2026-01-08 15:22:18] [282]: reward=1.0, ep_return=282.0, root_visits=40, root_mean=11.125, best_q=11.222
[2026-01-08 15:22:18] [283]: reward=1.0, ep_return=283.0, root_visits=40, root_mean=10.825, best_q=11.080
[2026-01-08 15:22:18] [284]: reward=1.0, ep_return=284.0, root_visits=40, root_mean=11.150, best_q=11.067
[2026-01-08 15:22:18] [285]: reward=1.0, ep_return=285.0, root_visits=40, root_mean=10.100, best_q=10.179
[2026-01-08 15:22:18] [286]: reward=1.0, ep_return=286.0, root_visits=40, root_mean=9.375, best_q=9.517
[2026-01-08 15:22:18] [287]: reward=1.0, ep_return=287.0, root_visits=40, root_mean=8.825, best_q=8.897
[2026-01-08 15:22:18] [288]: reward=1.0, ep_return=288.0, root_visits=40, root_mean=9.400, best_q=9.423
[2026-01-08 15:22:18] [289]: reward=1.0, ep_return=289.0, root_visits=40, root_mean=8.675, best_q=8.739
[2026-01-08 15:22:18] [290]: reward=1.0, ep_return=290.0, root_visits=40, root_mean=7.550, best_q=7.667
[2026-01-08 15:22:18] [291]: reward=1.0, ep_return=291.0, root_visits=40, root_mean=7.600, best_q=7.767
[2026-01-08 15:22:18] [292]: reward=1.0, ep_return=292.0, root_visits=40, root_mean=6.525, best_q=6.550
[2026-01-08 15:22:18] [293]: reward=1.0, ep_return=293.0, root_visits=40, root_mean=5.725, best_q=5.833
[2026-01-08 15:22:18] [294]: reward=1.0, ep_return=294.0, root_visits=40, root_mean=5.500, best_q=5.579
[2026-01-08 15:22:18] [295]: reward=1.0, ep_return=295.0, root_visits=40, root_mean=5.200, best_q=5.250
[2026-01-08 15:22:18] [296]: reward=1.0, ep_return=296.0, root_visits=40, root_mean=4.600, best_q=4.690
[2026-01-08 15:22:18] [297]: reward=1.0, ep_return=297.0, root_visits=40, root_mean=4.200, best_q=4.190
[2026-01-08 15:22:18] [298]: reward=1.0, ep_return=298.0, root_visits=40, root_mean=3.225, best_q=3.321
[2026-01-08 15:22:18] [299]: reward=1.0, ep_return=299.0, root_visits=40, root_mean=2.925, best_q=3.000
[2026-01-08 15:22:18] [300]: reward=1.0, ep_return=300.0, root_visits=40, root_mean=1.975, best_q=2.000
[2026-01-08 15:22:18] [301]: reward=1.0, ep_return=301.0, root_visits=40, root_mean=1.275, best_q=1.286
[2026-01-08 15:22:18] [302]: reward=1.0, ep_return=302.0, root_visits=40, root_mean=0.550, best_q=0.600
[2026-01-08 15:22:18] [303]: reward=1.0, ep_return=303.0, root_visits=40, root_mean=0.275, best_q=0.304
[2026-01-08 15:22:18] [304]: reward=1.0, ep_return=304.0, root_visits=40, root_mean=0.125, best_q=0.174
[2026-01-08 15:22:18] [305]: reward=1.0, ep_return=305.0, root_visits=40, root_mean=0.050, best_q=0.050
[2026-01-08 15:22:18] [306]: reward=1.0, ep_return=306.0, root_visits=40, root_mean=0.000, best_q=0.000
[2026-01-08 15:22:18] [episode_end]: ep_return=306.0, ep_len=306
